#
# There is insufficient memory for the Java Runtime Environment to continue.
# Native memory allocation (mmap) failed to map 56623104 bytes for G1 virtual space
# Possible reasons:
#   The system is out of physical RAM or swap space
#   The process is running with CompressedOops enabled, and the Java Heap may be blocking the growth of the native heap
# Possible solutions:
#   Reduce memory load on the system
#   Increase physical memory or swap space
#   Check if swap backing store is full
#   Decrease Java heap size (-Xmx/-Xms)
#   Decrease number of Java threads
#   Decrease Java thread stack sizes (-Xss)
#   Set larger code cache with -XX:ReservedCodeCacheSize=
#   JVM is running with Unscaled Compressed Oops mode in which the Java heap is
#     placed in the first 4GB address space. The Java Heap base address is the
#     maximum limit for the native heap growth. Please use -XX:HeapBaseMinAddress
#     to set the Java Heap base and to place the Java Heap above 4GB virtual address.
# This output file may be truncated or incomplete.
#
#  Out of Memory Error (os_windows.cpp:3548), pid=18416, tid=1476
#
# JRE version: Java(TM) SE Runtime Environment (17.0.12+8) (build 17.0.12+8-LTS-286)
# Java VM: Java HotSpot(TM) 64-Bit Server VM (17.0.12+8-LTS-286, mixed mode, sharing, tiered, compressed oops, compressed class ptrs, g1 gc, windows-amd64)
# No core dump will be written. Minidumps are not enabled by default on client versions of Windows
#

---------------  S U M M A R Y ------------

Command Line: -XX:MaxMetaspaceSize=512m --add-opens=java.base/java.util=ALL-UNNAMED --add-opens=java.base/java.lang=ALL-UNNAMED --add-opens=java.base/java.lang.invoke=ALL-UNNAMED --add-opens=java.prefs/java.util.prefs=ALL-UNNAMED --add-opens=java.base/java.nio.charset=ALL-UNNAMED --add-opens=java.base/java.net=ALL-UNNAMED --add-opens=java.base/java.util.concurrent.atomic=ALL-UNNAMED -Xmx2048m -Dfile.encoding=windows-1252 -Duser.country=US -Duser.language=en -Duser.variant org.gradle.launcher.daemon.bootstrap.GradleDaemon 8.0.1

Host: Intel(R) Core(TM) i5-10210U CPU @ 1.60GHz, 8 cores, 7G,  Windows 11 , 64 bit Build 22621 (10.0.22621.3958)
Time: Thu Apr 10 17:57:40 2025 India Standard Time elapsed time: 20.584250 seconds (0d 0h 0m 20s)

---------------  T H R E A D  ---------------

Current thread (0x000001f31f7d5610):  VMThread "VM Thread" [stack: 0x0000009f98000000,0x0000009f98100000] [id=1476]

Stack: [0x0000009f98000000,0x0000009f98100000]
Native frames: (J=compiled Java code, j=interpreted, Vv=VM code, C=native code)
V  [jvm.dll+0x67a04a]
V  [jvm.dll+0x7da4ed]
V  [jvm.dll+0x7dbe33]
V  [jvm.dll+0x7dc4a3]
V  [jvm.dll+0x24508f]
V  [jvm.dll+0x677089]
V  [jvm.dll+0x66bd32]
V  [jvm.dll+0x301fa6]
V  [jvm.dll+0x309546]
V  [jvm.dll+0x359d2e]
V  [jvm.dll+0x359f5f]
V  [jvm.dll+0x2d9078]
V  [jvm.dll+0x2d74ad]
V  [jvm.dll+0x2d6afc]
V  [jvm.dll+0x31a981]
V  [jvm.dll+0x7e0d9b]
V  [jvm.dll+0x7e1ad4]
V  [jvm.dll+0x7e1fed]
V  [jvm.dll+0x7e23c4]
V  [jvm.dll+0x7e2490]
V  [jvm.dll+0x78abea]
V  [jvm.dll+0x678f35]
C  [ucrtbase.dll+0x29333]
C  [KERNEL32.DLL+0x1257d]
C  [ntdll.dll+0x5af08]

VM_Operation (0x0000009f997f0a68): G1TryInitiateConcMark, mode: safepoint, requested by thread 0x000001f340462cd0


---------------  P R O C E S S  ---------------

Threads class SMR info:
_java_thread_list=0x000001f3414b3bd0, length=68, elements={
0x000001f37f982170, 0x000001f31f7d9210, 0x000001f31f7da090, 0x000001f31f7f1210,
0x000001f31f7f4bf0, 0x000001f31f7f55b0, 0x000001f31f7f5f70, 0x000001f31f805790,
0x000001f31f7f6d10, 0x000001f31f8305d0, 0x000001f31fa6d440, 0x000001f31fa77b70,
0x000001f34075ddf0, 0x000001f33fc5c1d0, 0x000001f340483040, 0x000001f33f0f8e90,
0x000001f3407870b0, 0x000001f340784580, 0x000001f340462cd0, 0x000001f3404631e0,
0x000001f340461890, 0x000001f3404627c0, 0x000001f34045ff40, 0x000001f340460450,
0x000001f340460960, 0x000001f340460e70, 0x000001f340461da0, 0x000001f340461380,
0x000001f3404622b0, 0x000001f3414d95b0, 0x000001f3414debc0, 0x000001f3414de6b0,
0x000001f3414d9fd0, 0x000001f3414df0d0, 0x000001f3414d90a0, 0x000001f3414daf00,
0x000001f3414dfaf0, 0x000001f3414ddc90, 0x000001f3414dcd60, 0x000001f3414dbe30,
0x000001f3414dd270, 0x000001f3414e0a20, 0x000001f3414dd780, 0x000001f3414e0510,
0x000001f3414de1a0, 0x000001f3414dc850, 0x000001f3414e0000, 0x000001f3414d9ac0,
0x000001f3414da4e0, 0x000001f3414dc340, 0x000001f3414da9f0, 0x000001f3414db410,
0x000001f3414db920, 0x000001f341ff6fa0, 0x000001f341ffd9f0, 0x000001f341ff79c0,
0x000001f341ffcfd0, 0x000001f341ffb680, 0x000001f341ff6a90, 0x000001f341ffc5b0,
0x000001f341ff83e0, 0x000001f341ffbb90, 0x000001f341ffac60, 0x000001f341ff74b0,
0x000001f341ff8e00, 0x000001f341ffd4e0, 0x000001f341ffb170, 0x000001f341ffa750
}

Java Threads: ( => current thread )
  0x000001f37f982170 JavaThread "main" [_thread_blocked, id=10864, stack(0x0000009f97a00000,0x0000009f97b00000)]
  0x000001f31f7d9210 JavaThread "Reference Handler" daemon [_thread_blocked, id=21664, stack(0x0000009f98100000,0x0000009f98200000)]
  0x000001f31f7da090 JavaThread "Finalizer" daemon [_thread_blocked, id=13492, stack(0x0000009f98200000,0x0000009f98300000)]
  0x000001f31f7f1210 JavaThread "Signal Dispatcher" daemon [_thread_blocked, id=12456, stack(0x0000009f98300000,0x0000009f98400000)]
  0x000001f31f7f4bf0 JavaThread "Attach Listener" daemon [_thread_blocked, id=24128, stack(0x0000009f98400000,0x0000009f98500000)]
  0x000001f31f7f55b0 JavaThread "Service Thread" daemon [_thread_blocked, id=14044, stack(0x0000009f98500000,0x0000009f98600000)]
  0x000001f31f7f5f70 JavaThread "Monitor Deflation Thread" daemon [_thread_blocked, id=17556, stack(0x0000009f98600000,0x0000009f98700000)]
  0x000001f31f805790 JavaThread "C2 CompilerThread0" daemon [_thread_blocked, id=23424, stack(0x0000009f98700000,0x0000009f98800000)]
  0x000001f31f7f6d10 JavaThread "C1 CompilerThread0" daemon [_thread_blocked, id=19604, stack(0x0000009f98800000,0x0000009f98900000)]
  0x000001f31f8305d0 JavaThread "Sweeper thread" daemon [_thread_blocked, id=20952, stack(0x0000009f98900000,0x0000009f98a00000)]
  0x000001f31fa6d440 JavaThread "Common-Cleaner" daemon [_thread_blocked, id=9896, stack(0x0000009f98a00000,0x0000009f98b00000)]
  0x000001f31fa77b70 JavaThread "Notification Thread" daemon [_thread_blocked, id=2800, stack(0x0000009f98b00000,0x0000009f98c00000)]
  0x000001f34075ddf0 JavaThread "Daemon health stats" [_thread_blocked, id=18224, stack(0x0000009f99100000,0x0000009f99200000)]
  0x000001f33fc5c1d0 JavaThread "Incoming local TCP Connector on port 51276" [_thread_in_native, id=11172, stack(0x0000009f99200000,0x0000009f99300000)]
  0x000001f340483040 JavaThread "Daemon periodic checks" [_thread_blocked, id=12848, stack(0x0000009f99300000,0x0000009f99400000)]
  0x000001f33f0f8e90 JavaThread "Daemon" [_thread_blocked, id=19540, stack(0x0000009f99400000,0x0000009f99500000)]
  0x000001f3407870b0 JavaThread "Handler for socket connection from /127.0.0.1:51276 to /127.0.0.1:51277" [_thread_in_native, id=23284, stack(0x0000009f99500000,0x0000009f99600000)]
  0x000001f340784580 JavaThread "Cancel handler" [_thread_blocked, id=22316, stack(0x0000009f99600000,0x0000009f99700000)]
  0x000001f340462cd0 JavaThread "Daemon worker" [_thread_blocked, id=10100, stack(0x0000009f99700000,0x0000009f99800000)]
  0x000001f3404631e0 JavaThread "Asynchronous log dispatcher for DefaultDaemonConnection: socket connection from /127.0.0.1:51276 to /127.0.0.1:51277" [_thread_blocked, id=18092, stack(0x0000009f99800000,0x0000009f99900000)]
  0x000001f340461890 JavaThread "Stdin handler" [_thread_blocked, id=3076, stack(0x0000009f99900000,0x0000009f99a00000)]
  0x000001f3404627c0 JavaThread "Daemon client event forwarder" [_thread_blocked, id=23004, stack(0x0000009f99a00000,0x0000009f99b00000)]
  0x000001f34045ff40 JavaThread "Cache worker for journal cache (C:\Users\LT053\.gradle\caches\journal-1)" [_thread_blocked, id=11704, stack(0x0000009f99b00000,0x0000009f99c00000)]
  0x000001f340460450 JavaThread "File lock request listener" [_thread_in_native, id=11296, stack(0x0000009f99c00000,0x0000009f99d00000)]
  0x000001f340460960 JavaThread "Cache worker for file hash cache (C:\Users\LT053\.gradle\caches\8.0.1\fileHashes)" [_thread_blocked, id=20120, stack(0x0000009f99d00000,0x0000009f99e00000)]
  0x000001f340460e70 JavaThread "File watcher server" daemon [_thread_blocked, id=8768, stack(0x0000009f9a100000,0x0000009f9a200000)]
  0x000001f340461da0 JavaThread "File watcher consumer" daemon [_thread_blocked, id=9152, stack(0x0000009f9a200000,0x0000009f9a300000)]
  0x000001f340461380 JavaThread "Cache worker for checksums cache (C:\Users\LT053\Desktop\SOCIAL-LOGIN-APP\myapp\android\.gradle\8.0.1\checksums)" [_thread_blocked, id=12312, stack(0x0000009f9a300000,0x0000009f9a400000)]
  0x000001f3404622b0 JavaThread "Cache worker for cache directory md-rule (C:\Users\LT053\.gradle\caches\8.0.1\md-rule)" [_thread_blocked, id=23172, stack(0x0000009f9a400000,0x0000009f9a500000)]
  0x000001f3414d95b0 JavaThread "Cache worker for file content cache (C:\Users\LT053\.gradle\caches\8.0.1\fileContent)" [_thread_blocked, id=22592, stack(0x0000009f9a500000,0x0000009f9a600000)]
  0x000001f3414debc0 JavaThread "Cache worker for file hash cache (C:\Users\LT053\Desktop\SOCIAL-LOGIN-APP\myapp\android\.gradle\8.0.1\fileHashes)" [_thread_blocked, id=22420, stack(0x0000009f9a600000,0x0000009f9a700000)]
  0x000001f3414de6b0 JavaThread "Cache worker for cache directory md-supplier (C:\Users\LT053\.gradle\caches\8.0.1\md-supplier)" [_thread_blocked, id=16816, stack(0x0000009f9a700000,0x0000009f9a800000)]
  0x000001f3414d9fd0 JavaThread "Cache worker for execution history cache (C:\Users\LT053\.gradle\caches\8.0.1\executionHistory)" [_thread_blocked, id=14560, stack(0x0000009f9a900000,0x0000009f9aa00000)]
  0x000001f3414df0d0 JavaThread "jar transforms" [_thread_blocked, id=22584, stack(0x0000009f9aa00000,0x0000009f9ab00000)]
  0x000001f3414d90a0 JavaThread "Cache worker for kotlin-dsl (C:\Users\LT053\.gradle\caches\8.0.1\kotlin-dsl)" [_thread_blocked, id=20768, stack(0x0000009f9ab00000,0x0000009f9ac00000)]
  0x000001f3414daf00 JavaThread "jar transforms Thread 2" [_thread_blocked, id=21976, stack(0x0000009f9ac00000,0x0000009f9ad00000)]
  0x000001f3414dfaf0 JavaThread "Unconstrained build operations" [_thread_blocked, id=24284, stack(0x0000009f9ad00000,0x0000009f9ae00000)]
  0x000001f3414ddc90 JavaThread "Unconstrained build operations Thread 2" [_thread_blocked, id=18340, stack(0x0000009f9ae00000,0x0000009f9af00000)]
  0x000001f3414dcd60 JavaThread "jar transforms Thread 3" [_thread_blocked, id=24004, stack(0x0000009f9af00000,0x0000009f9b000000)]
  0x000001f3414dbe30 JavaThread "jar transforms Thread 4" [_thread_blocked, id=15592, stack(0x0000009f9b000000,0x0000009f9b100000)]
  0x000001f3414dd270 JavaThread "jar transforms Thread 5" [_thread_blocked, id=21188, stack(0x0000009f9b100000,0x0000009f9b200000)]
  0x000001f3414e0a20 JavaThread "Cache worker for dependencies-accessors (C:\Users\LT053\Desktop\SOCIAL-LOGIN-APP\myapp\android\.gradle\8.0.1\dependencies-accessors)" [_thread_blocked, id=15008, stack(0x0000009f9b200000,0x0000009f9b300000)]
  0x000001f3414dd780 JavaThread "Cache worker for Build Output Cleanup Cache (C:\Users\LT053\Desktop\SOCIAL-LOGIN-APP\myapp\node_modules\@react-native\gradle-plugin\.gradle\buildOutputCleanup)" [_thread_blocked, id=12352, stack(0x0000009f9b300000,0x0000009f9b400000)]
  0x000001f3414e0510 JavaThread "jar transforms Thread 6" [_thread_blocked, id=21636, stack(0x0000009f9b400000,0x0000009f9b500000)]
  0x000001f3414de1a0 JavaThread "Unconstrained build operations Thread 3" [_thread_blocked, id=15508, stack(0x0000009f9b500000,0x0000009f9b600000)]
  0x000001f3414dc850 JavaThread "Unconstrained build operations Thread 4" [_thread_blocked, id=9100, stack(0x0000009f9b600000,0x0000009f9b700000)]
  0x000001f3414e0000 JavaThread "Unconstrained build operations Thread 5" [_thread_blocked, id=23884, stack(0x0000009f9b700000,0x0000009f9b800000)]
  0x000001f3414d9ac0 JavaThread "Unconstrained build operations Thread 6" [_thread_blocked, id=4552, stack(0x0000009f9b800000,0x0000009f9b900000)]
  0x000001f3414da4e0 JavaThread "Unconstrained build operations Thread 7" [_thread_blocked, id=23248, stack(0x0000009f9b900000,0x0000009f9ba00000)]
  0x000001f3414dc340 JavaThread "Unconstrained build operations Thread 8" [_thread_blocked, id=24164, stack(0x0000009f9ba00000,0x0000009f9bb00000)]
  0x000001f3414da9f0 JavaThread "Unconstrained build operations Thread 9" [_thread_blocked, id=6300, stack(0x0000009f9bb00000,0x0000009f9bc00000)]
  0x000001f3414db410 JavaThread "Unconstrained build operations Thread 10" [_thread_blocked, id=13356, stack(0x0000009f9bc00000,0x0000009f9bd00000)]
  0x000001f3414db920 JavaThread "Unconstrained build operations Thread 11" [_thread_blocked, id=7588, stack(0x0000009f9bd00000,0x0000009f9be00000)]
  0x000001f341ff6fa0 JavaThread "Unconstrained build operations Thread 12" [_thread_blocked, id=1300, stack(0x0000009f9be00000,0x0000009f9bf00000)]
  0x000001f341ffd9f0 JavaThread "Unconstrained build operations Thread 13" [_thread_blocked, id=4728, stack(0x0000009f9bf00000,0x0000009f9c000000)]
  0x000001f341ff79c0 JavaThread "Unconstrained build operations Thread 14" [_thread_blocked, id=7736, stack(0x0000009f9c000000,0x0000009f9c100000)]
  0x000001f341ffcfd0 JavaThread "Unconstrained build operations Thread 15" [_thread_blocked, id=10564, stack(0x0000009f9c100000,0x0000009f9c200000)]
  0x000001f341ffb680 JavaThread "Unconstrained build operations Thread 16" [_thread_blocked, id=15380, stack(0x0000009f9c200000,0x0000009f9c300000)]
  0x000001f341ff6a90 JavaThread "Unconstrained build operations Thread 17" [_thread_blocked, id=9224, stack(0x0000009f9c300000,0x0000009f9c400000)]
  0x000001f341ffc5b0 JavaThread "Unconstrained build operations Thread 18" [_thread_blocked, id=21584, stack(0x0000009f9c400000,0x0000009f9c500000)]
  0x000001f341ff83e0 JavaThread "Unconstrained build operations Thread 19" [_thread_blocked, id=21752, stack(0x0000009f9c500000,0x0000009f9c600000)]
  0x000001f341ffbb90 JavaThread "Unconstrained build operations Thread 20" [_thread_blocked, id=23596, stack(0x0000009f9c600000,0x0000009f9c700000)]
  0x000001f341ffac60 JavaThread "Unconstrained build operations Thread 21" [_thread_blocked, id=1672, stack(0x0000009f9c700000,0x0000009f9c800000)]
  0x000001f341ff74b0 JavaThread "Unconstrained build operations Thread 22" [_thread_blocked, id=16252, stack(0x0000009f9c800000,0x0000009f9c900000)]
  0x000001f341ff8e00 JavaThread "jar transforms Thread 7" [_thread_blocked, id=21440, stack(0x0000009f9c900000,0x0000009f9ca00000)]
  0x000001f341ffd4e0 JavaThread "jar transforms Thread 8" [_thread_blocked, id=23192, stack(0x0000009f9ca00000,0x0000009f9cb00000)]
  0x000001f341ffb170 JavaThread "build event listener" [_thread_blocked, id=21864, stack(0x0000009f9cb00000,0x0000009f9cc00000)]
  0x000001f341ffa750 JavaThread "Memory manager" [_thread_blocked, id=17396, stack(0x0000009f9cc00000,0x0000009f9cd00000)]

Other Threads:
=>0x000001f31f7d5610 VMThread "VM Thread" [stack: 0x0000009f98000000,0x0000009f98100000] [id=1476]
  0x000001f37fa07890 WatcherThread [stack: 0x0000009f98c00000,0x0000009f98d00000] [id=2972]
  0x000001f37f9e0800 GCTaskThread "GC Thread#0" [stack: 0x0000009f97b00000,0x0000009f97c00000] [id=18272]
  0x000001f33f278a90 GCTaskThread "GC Thread#1" [stack: 0x0000009f98d00000,0x0000009f98e00000] [id=17680]
  0x000001f33f533700 GCTaskThread "GC Thread#2" [stack: 0x0000009f98e00000,0x0000009f98f00000] [id=4876]
  0x000001f33f706bf0 GCTaskThread "GC Thread#3" [stack: 0x0000009f98f00000,0x0000009f99000000] [id=20812]
  0x000001f33f6d8de0 GCTaskThread "GC Thread#4" [stack: 0x0000009f99000000,0x0000009f99100000] [id=21604]
  0x000001f33fe4d5e0 GCTaskThread "GC Thread#5" [stack: 0x0000009f99e00000,0x0000009f99f00000] [id=8776]
  0x000001f340f07840 GCTaskThread "GC Thread#6" [stack: 0x0000009f99f00000,0x0000009f9a000000] [id=2980]
  0x000001f33f82f920 GCTaskThread "GC Thread#7" [stack: 0x0000009f9a000000,0x0000009f9a100000] [id=12284]
  0x000001f37f9f2760 ConcurrentGCThread "G1 Main Marker" [stack: 0x0000009f97c00000,0x0000009f97d00000] [id=21040]
  0x000001f37f9f3910 ConcurrentGCThread "G1 Conc#0" [stack: 0x0000009f97d00000,0x0000009f97e00000] [id=21672]
  0x000001f340b041e0 ConcurrentGCThread "G1 Conc#1" [stack: 0x0000009f9a800000,0x0000009f9a900000] [id=15544]
  0x000001f31f6920c0 ConcurrentGCThread "G1 Refine#0" [stack: 0x0000009f97e00000,0x0000009f97f00000] [id=17076]
  0x000001f3405ca480 ConcurrentGCThread "G1 Refine#1" [stack: 0x0000009f9cd00000,0x0000009f9ce00000] [id=12988]
  0x000001f3405c8d00 ConcurrentGCThread "G1 Refine#2" [stack: 0x0000009f9ce00000,0x0000009f9cf00000] [id=19236]
  0x000001f3405c9ea0 ConcurrentGCThread "G1 Refine#3" [stack: 0x0000009f9cf00000,0x0000009f9d000000] [id=7100]
  0x000001f33f692b00 ConcurrentGCThread "G1 Refine#4" [stack: 0x0000009f9d000000,0x0000009f9d100000] [id=4208]
  0x000001f33f694570 ConcurrentGCThread "G1 Refine#5" [stack: 0x0000009f9d100000,0x0000009f9d200000] [id=12232]
  0x000001f31f692af0 ConcurrentGCThread "G1 Service" [stack: 0x0000009f97f00000,0x0000009f98000000] [id=21196]

Threads with active compile tasks:
C2 CompilerThread0    20657 8049   !   4       java.net.URLClassLoader::defineClass (224 bytes)
C1 CompilerThread0    20657 8194       3       org.jetbrains.org.objectweb.asm.ClassReader::accept (1380 bytes)

VM state: at safepoint (normal execution)

VM Mutex/Monitor currently owned by a thread:  ([mutex/lock_event])
[0x000001f37f97d8f0] Threads_lock - owner thread: 0x000001f31f7d5610
[0x000001f37f97e3a0] Heap_lock - owner thread: 0x000001f340462cd0

Heap address: 0x0000000080000000, size: 2048 MB, Compressed Oops mode: 32-bit

CDS archive(s) mapped at: [0x000001f320000000-0x000001f320bd0000-0x000001f320bd0000), size 12386304, SharedBaseAddress: 0x000001f320000000, ArchiveRelocationMode: 1.
Compressed class space mapped at: 0x000001f321000000-0x000001f33b000000, reserved size: 436207616
Narrow klass base: 0x000001f320000000, Narrow klass shift: 0, Narrow klass range: 0x100000000

GC Precious Log:
 CPUs: 8 total, 8 available
 Memory: 7952M
 Large Page Support: Disabled
 NUMA Support: Disabled
 Compressed Oops: Enabled (32-bit)
 Heap Region Size: 1M
 Heap Min Capacity: 8M
 Heap Initial Capacity: 126M
 Heap Max Capacity: 2G
 Pre-touch: Disabled
 Parallel Workers: 8
 Concurrent Workers: 2
 Concurrent Refinement Workers: 8
 Periodic GC: Disabled

Heap:
 garbage-first heap   total 155648K, used 89562K [0x0000000080000000, 0x0000000100000000)
  region size 1024K, 3 young (3072K), 3 survivors (3072K)
 Metaspace       used 88728K, committed 89408K, reserved 557056K
  class space    used 12171K, committed 12480K, reserved 425984K

Heap Regions: E=young(eden), S=young(survivor), O=old, HS=humongous(starts), HC=humongous(continues), CS=collection set, F=free, OA=open archive, CA=closed archive, TAMS=top-at-mark-start (previous, next)
|   0|0x0000000080000000, 0x0000000080100000, 0x0000000080100000|100%|HS|  |TAMS 0x0000000080100000, 0x0000000080100000| Complete 
|   1|0x0000000080100000, 0x0000000080200000, 0x0000000080200000|100%|HC|  |TAMS 0x0000000080200000, 0x0000000080200000| Complete 
|   2|0x0000000080200000, 0x0000000080300000, 0x0000000080300000|100%|HC|  |TAMS 0x0000000080300000, 0x0000000080300000| Complete 
|   3|0x0000000080300000, 0x0000000080400000, 0x0000000080400000|100%|HC|  |TAMS 0x0000000080400000, 0x0000000080400000| Complete 
|   4|0x0000000080400000, 0x0000000080500000, 0x0000000080500000|100%| O|  |TAMS 0x0000000080500000, 0x0000000080500000| Untracked 
|   5|0x0000000080500000, 0x0000000080600000, 0x0000000080600000|100%| O|  |TAMS 0x0000000080600000, 0x0000000080600000| Untracked 
|   6|0x0000000080600000, 0x0000000080700000, 0x0000000080700000|100%| O|  |TAMS 0x0000000080700000, 0x0000000080700000| Untracked 
|   7|0x0000000080700000, 0x0000000080800000, 0x0000000080800000|100%| O|  |TAMS 0x0000000080800000, 0x0000000080800000| Untracked 
|   8|0x0000000080800000, 0x0000000080900000, 0x0000000080900000|100%| O|  |TAMS 0x0000000080900000, 0x0000000080900000| Untracked 
|   9|0x0000000080900000, 0x0000000080a00000, 0x0000000080a00000|100%| O|  |TAMS 0x0000000080a00000, 0x0000000080a00000| Untracked 
|  10|0x0000000080a00000, 0x0000000080b00000, 0x0000000080b00000|100%| O|  |TAMS 0x0000000080b00000, 0x0000000080b00000| Untracked 
|  11|0x0000000080b00000, 0x0000000080c00000, 0x0000000080c00000|100%| O|  |TAMS 0x0000000080c00000, 0x0000000080c00000| Untracked 
|  12|0x0000000080c00000, 0x0000000080d00000, 0x0000000080d00000|100%| O|  |TAMS 0x0000000080d00000, 0x0000000080d00000| Untracked 
|  13|0x0000000080d00000, 0x0000000080e00000, 0x0000000080e00000|100%| O|  |TAMS 0x0000000080e00000, 0x0000000080e00000| Untracked 
|  14|0x0000000080e00000, 0x0000000080f00000, 0x0000000080f00000|100%| O|  |TAMS 0x0000000080f00000, 0x0000000080f00000| Untracked 
|  15|0x0000000080f00000, 0x0000000081000000, 0x0000000081000000|100%| O|  |TAMS 0x0000000081000000, 0x0000000081000000| Untracked 
|  16|0x0000000081000000, 0x0000000081100000, 0x0000000081100000|100%| O|  |TAMS 0x0000000081100000, 0x0000000081100000| Untracked 
|  17|0x0000000081100000, 0x0000000081200000, 0x0000000081200000|100%| O|  |TAMS 0x0000000081200000, 0x0000000081200000| Untracked 
|  18|0x0000000081200000, 0x0000000081300000, 0x0000000081300000|100%| O|  |TAMS 0x0000000081300000, 0x0000000081300000| Untracked 
|  19|0x0000000081300000, 0x0000000081400000, 0x0000000081400000|100%| O|  |TAMS 0x0000000081400000, 0x0000000081400000| Untracked 
|  20|0x0000000081400000, 0x0000000081500000, 0x0000000081500000|100%| O|  |TAMS 0x0000000081400000, 0x0000000081500000| Untracked 
|  21|0x0000000081500000, 0x0000000081500000, 0x0000000081600000|  0%| F|  |TAMS 0x0000000081500000, 0x0000000081500000| Untracked 
|  22|0x0000000081600000, 0x0000000081700000, 0x0000000081700000|100%| O|  |TAMS 0x0000000081700000, 0x0000000081700000| Untracked 
|  23|0x0000000081700000, 0x0000000081800000, 0x0000000081800000|100%| O|  |TAMS 0x0000000081800000, 0x0000000081800000| Untracked 
|  24|0x0000000081800000, 0x0000000081900000, 0x0000000081900000|100%| O|  |TAMS 0x0000000081900000, 0x0000000081900000| Untracked 
|  25|0x0000000081900000, 0x0000000081a00000, 0x0000000081a00000|100%| O|  |TAMS 0x0000000081a00000, 0x0000000081a00000| Untracked 
|  26|0x0000000081a00000, 0x0000000081b00000, 0x0000000081b00000|100%| O|  |TAMS 0x0000000081b00000, 0x0000000081b00000| Untracked 
|  27|0x0000000081b00000, 0x0000000081c00000, 0x0000000081c00000|100%| O|  |TAMS 0x0000000081c00000, 0x0000000081c00000| Untracked 
|  28|0x0000000081c00000, 0x0000000081d00000, 0x0000000081d00000|100%| O|  |TAMS 0x0000000081d00000, 0x0000000081d00000| Untracked 
|  29|0x0000000081d00000, 0x0000000081e00000, 0x0000000081e00000|100%|HS|  |TAMS 0x0000000081e00000, 0x0000000081e00000| Complete 
|  30|0x0000000081e00000, 0x0000000081f00000, 0x0000000081f00000|100%|HC|  |TAMS 0x0000000081f00000, 0x0000000081f00000| Complete 
|  31|0x0000000081f00000, 0x0000000082000000, 0x0000000082000000|100%| O|  |TAMS 0x0000000082000000, 0x0000000082000000| Untracked 
|  32|0x0000000082000000, 0x0000000082100000, 0x0000000082100000|100%| O|  |TAMS 0x0000000082100000, 0x0000000082100000| Untracked 
|  33|0x0000000082100000, 0x0000000082200000, 0x0000000082200000|100%| O|  |TAMS 0x0000000082200000, 0x0000000082200000| Untracked 
|  34|0x0000000082200000, 0x0000000082300000, 0x0000000082300000|100%| O|  |TAMS 0x0000000082300000, 0x0000000082300000| Untracked 
|  35|0x0000000082300000, 0x0000000082400000, 0x0000000082400000|100%| O|  |TAMS 0x0000000082400000, 0x0000000082400000| Untracked 
|  36|0x0000000082400000, 0x0000000082500000, 0x0000000082500000|100%| O|  |TAMS 0x0000000082500000, 0x0000000082500000| Untracked 
|  37|0x0000000082500000, 0x0000000082600000, 0x0000000082600000|100%| O|  |TAMS 0x0000000082600000, 0x0000000082600000| Untracked 
|  38|0x0000000082600000, 0x0000000082700000, 0x0000000082700000|100%|HS|  |TAMS 0x0000000082700000, 0x0000000082700000| Complete 
|  39|0x0000000082700000, 0x0000000082800000, 0x0000000082800000|100%|HC|  |TAMS 0x0000000082800000, 0x0000000082800000| Complete 
|  40|0x0000000082800000, 0x0000000082900000, 0x0000000082900000|100%|HC|  |TAMS 0x0000000082900000, 0x0000000082900000| Complete 
|  41|0x0000000082900000, 0x0000000082a00000, 0x0000000082a00000|100%| O|  |TAMS 0x0000000082a00000, 0x0000000082a00000| Untracked 
|  42|0x0000000082a00000, 0x0000000082b00000, 0x0000000082b00000|100%| O|  |TAMS 0x0000000082b00000, 0x0000000082b00000| Untracked 
|  43|0x0000000082b00000, 0x0000000082c00000, 0x0000000082c00000|100%| O|  |TAMS 0x0000000082c00000, 0x0000000082c00000| Untracked 
|  44|0x0000000082c00000, 0x0000000082d00000, 0x0000000082d00000|100%| O|  |TAMS 0x0000000082d00000, 0x0000000082d00000| Untracked 
|  45|0x0000000082d00000, 0x0000000082e00000, 0x0000000082e00000|100%| O|  |TAMS 0x0000000082e00000, 0x0000000082e00000| Untracked 
|  46|0x0000000082e00000, 0x0000000082f00000, 0x0000000082f00000|100%| O|  |TAMS 0x0000000082f00000, 0x0000000082f00000| Untracked 
|  47|0x0000000082f00000, 0x0000000083000000, 0x0000000083000000|100%|HS|  |TAMS 0x0000000083000000, 0x0000000083000000| Complete 
|  48|0x0000000083000000, 0x0000000083100000, 0x0000000083100000|100%|HC|  |TAMS 0x0000000083100000, 0x0000000083100000| Complete 
|  49|0x0000000083100000, 0x0000000083200000, 0x0000000083200000|100%|HC|  |TAMS 0x0000000083200000, 0x0000000083200000| Complete 
|  50|0x0000000083200000, 0x0000000083300000, 0x0000000083300000|100%|HC|  |TAMS 0x0000000083300000, 0x0000000083300000| Complete 
|  51|0x0000000083300000, 0x0000000083400000, 0x0000000083400000|100%| O|  |TAMS 0x0000000083400000, 0x0000000083400000| Untracked 
|  52|0x0000000083400000, 0x0000000083500000, 0x0000000083500000|100%| O|  |TAMS 0x0000000083500000, 0x0000000083500000| Untracked 
|  53|0x0000000083500000, 0x0000000083600000, 0x0000000083600000|100%| O|  |TAMS 0x0000000083600000, 0x0000000083600000| Untracked 
|  54|0x0000000083600000, 0x0000000083700000, 0x0000000083700000|100%| O|  |TAMS 0x0000000083700000, 0x0000000083700000| Untracked 
|  55|0x0000000083700000, 0x0000000083800000, 0x0000000083800000|100%| O|  |TAMS 0x0000000083800000, 0x0000000083800000| Untracked 
|  56|0x0000000083800000, 0x0000000083900000, 0x0000000083900000|100%| O|  |TAMS 0x0000000083900000, 0x0000000083900000| Untracked 
|  57|0x0000000083900000, 0x0000000083a00000, 0x0000000083a00000|100%| O|  |TAMS 0x0000000083a00000, 0x0000000083a00000| Untracked 
|  58|0x0000000083a00000, 0x0000000083b00000, 0x0000000083b00000|100%| O|  |TAMS 0x0000000083b00000, 0x0000000083b00000| Untracked 
|  59|0x0000000083b00000, 0x0000000083c00000, 0x0000000083c00000|100%| O|  |TAMS 0x0000000083c00000, 0x0000000083c00000| Untracked 
|  60|0x0000000083c00000, 0x0000000083d00000, 0x0000000083d00000|100%| O|  |TAMS 0x0000000083d00000, 0x0000000083d00000| Untracked 
|  61|0x0000000083d00000, 0x0000000083e00000, 0x0000000083e00000|100%| O|  |TAMS 0x0000000083e00000, 0x0000000083e00000| Untracked 
|  62|0x0000000083e00000, 0x0000000083f00000, 0x0000000083f00000|100%| O|  |TAMS 0x0000000083f00000, 0x0000000083f00000| Untracked 
|  63|0x0000000083f00000, 0x0000000084000000, 0x0000000084000000|100%| O|  |TAMS 0x0000000084000000, 0x0000000084000000| Untracked 
|  64|0x0000000084000000, 0x0000000084100000, 0x0000000084100000|100%| O|  |TAMS 0x0000000084100000, 0x0000000084100000| Untracked 
|  65|0x0000000084100000, 0x0000000084200000, 0x0000000084200000|100%| O|  |TAMS 0x0000000084200000, 0x0000000084200000| Untracked 
|  66|0x0000000084200000, 0x0000000084300000, 0x0000000084300000|100%| O|  |TAMS 0x0000000084300000, 0x0000000084300000| Untracked 
|  67|0x0000000084300000, 0x0000000084400000, 0x0000000084400000|100%| O|  |TAMS 0x0000000084400000, 0x0000000084400000| Untracked 
|  68|0x0000000084400000, 0x0000000084500000, 0x0000000084500000|100%| O|  |TAMS 0x0000000084500000, 0x0000000084500000| Untracked 
|  69|0x0000000084500000, 0x0000000084600000, 0x0000000084600000|100%| O|  |TAMS 0x0000000084600000, 0x0000000084600000| Untracked 
|  70|0x0000000084600000, 0x0000000084700000, 0x0000000084700000|100%| O|  |TAMS 0x0000000084700000, 0x0000000084700000| Untracked 
|  71|0x0000000084700000, 0x0000000084800000, 0x0000000084800000|100%|HS|  |TAMS 0x0000000084800000, 0x0000000084800000| Complete 
|  72|0x0000000084800000, 0x0000000084900000, 0x0000000084900000|100%|HC|  |TAMS 0x0000000084900000, 0x0000000084900000| Complete 
|  73|0x0000000084900000, 0x0000000084a00000, 0x0000000084a00000|100%|HC|  |TAMS 0x0000000084a00000, 0x0000000084a00000| Complete 
|  74|0x0000000084a00000, 0x0000000084b00000, 0x0000000084b00000|100%|HC|  |TAMS 0x0000000084b00000, 0x0000000084b00000| Complete 
|  75|0x0000000084b00000, 0x0000000084c00000, 0x0000000084c00000|100%|HC|  |TAMS 0x0000000084c00000, 0x0000000084c00000| Complete 
|  76|0x0000000084c00000, 0x0000000084d00000, 0x0000000084d00000|100%|HC|  |TAMS 0x0000000084d00000, 0x0000000084d00000| Complete 
|  77|0x0000000084d00000, 0x0000000084e00000, 0x0000000084e00000|100%| O|  |TAMS 0x0000000084e00000, 0x0000000084e00000| Untracked 
|  78|0x0000000084e00000, 0x0000000084f00000, 0x0000000084f00000|100%| O|  |TAMS 0x0000000084f00000, 0x0000000084f00000| Untracked 
|  79|0x0000000084f00000, 0x0000000085000000, 0x0000000085000000|100%| O|  |TAMS 0x0000000085000000, 0x0000000085000000| Untracked 
|  80|0x0000000085000000, 0x0000000085100000, 0x0000000085100000|100%| O|  |TAMS 0x0000000085100000, 0x0000000085100000| Untracked 
|  81|0x0000000085100000, 0x0000000085200000, 0x0000000085200000|100%| O|  |TAMS 0x0000000085200000, 0x0000000085200000| Untracked 
|  82|0x0000000085200000, 0x0000000085300000, 0x0000000085300000|100%| O|  |TAMS 0x00000000852cca00, 0x0000000085300000| Untracked 
|  83|0x0000000085300000, 0x0000000085400000, 0x0000000085400000|100%| O|  |TAMS 0x0000000085300000, 0x0000000085400000| Untracked 
|  84|0x0000000085400000, 0x0000000085500000, 0x0000000085500000|100%| O|  |TAMS 0x0000000085400000, 0x0000000085500000| Untracked 
|  85|0x0000000085500000, 0x0000000085600000, 0x0000000085600000|100%| O|  |TAMS 0x0000000085500000, 0x0000000085600000| Untracked 
|  86|0x0000000085600000, 0x0000000085648a00, 0x0000000085700000| 28%| O|  |TAMS 0x0000000085600000, 0x0000000085648a00| Untracked 
|  87|0x0000000085700000, 0x0000000085700000, 0x0000000085800000|  0%| F|  |TAMS 0x0000000085700000, 0x0000000085700000| Untracked 
|  88|0x0000000085800000, 0x0000000085800000, 0x0000000085900000|  0%| F|  |TAMS 0x0000000085800000, 0x0000000085800000| Untracked 
|  89|0x0000000085900000, 0x0000000085900000, 0x0000000085a00000|  0%| F|  |TAMS 0x0000000085900000, 0x0000000085900000| Untracked 
|  90|0x0000000085a00000, 0x0000000085a00000, 0x0000000085b00000|  0%| F|  |TAMS 0x0000000085a00000, 0x0000000085a00000| Untracked 
|  91|0x0000000085b00000, 0x0000000085b00000, 0x0000000085c00000|  0%| F|  |TAMS 0x0000000085b00000, 0x0000000085b00000| Untracked 
|  92|0x0000000085c00000, 0x0000000085c00000, 0x0000000085d00000|  0%| F|  |TAMS 0x0000000085c00000, 0x0000000085c00000| Untracked 
|  93|0x0000000085d00000, 0x0000000085d00000, 0x0000000085e00000|  0%| F|  |TAMS 0x0000000085d00000, 0x0000000085d00000| Untracked 
|  94|0x0000000085e00000, 0x0000000085e00000, 0x0000000085f00000|  0%| F|  |TAMS 0x0000000085e00000, 0x0000000085e00000| Untracked 
|  95|0x0000000085f00000, 0x0000000085f00000, 0x0000000086000000|  0%| F|  |TAMS 0x0000000085f00000, 0x0000000085f00000| Untracked 
|  96|0x0000000086000000, 0x0000000086000000, 0x0000000086100000|  0%| F|  |TAMS 0x0000000086000000, 0x0000000086000000| Untracked 
|  97|0x0000000086100000, 0x0000000086100000, 0x0000000086200000|  0%| F|  |TAMS 0x0000000086100000, 0x0000000086100000| Untracked 
|  98|0x0000000086200000, 0x0000000086200000, 0x0000000086300000|  0%| F|  |TAMS 0x0000000086200000, 0x0000000086200000| Untracked 
|  99|0x0000000086300000, 0x0000000086300000, 0x0000000086400000|  0%| F|  |TAMS 0x0000000086300000, 0x0000000086300000| Untracked 
| 100|0x0000000086400000, 0x0000000086400000, 0x0000000086500000|  0%| F|  |TAMS 0x0000000086400000, 0x0000000086400000| Untracked 
| 101|0x0000000086500000, 0x0000000086500000, 0x0000000086600000|  0%| F|  |TAMS 0x0000000086500000, 0x0000000086500000| Untracked 
| 102|0x0000000086600000, 0x0000000086600000, 0x0000000086700000|  0%| F|  |TAMS 0x0000000086600000, 0x0000000086600000| Untracked 
| 103|0x0000000086700000, 0x0000000086700000, 0x0000000086800000|  0%| F|  |TAMS 0x0000000086700000, 0x0000000086700000| Untracked 
| 104|0x0000000086800000, 0x0000000086800000, 0x0000000086900000|  0%| F|  |TAMS 0x0000000086800000, 0x0000000086800000| Untracked 
| 105|0x0000000086900000, 0x0000000086900000, 0x0000000086a00000|  0%| F|  |TAMS 0x0000000086900000, 0x0000000086900000| Untracked 
| 106|0x0000000086a00000, 0x0000000086a00000, 0x0000000086b00000|  0%| F|  |TAMS 0x0000000086a00000, 0x0000000086a00000| Untracked 
| 107|0x0000000086b00000, 0x0000000086b00000, 0x0000000086c00000|  0%| F|  |TAMS 0x0000000086b00000, 0x0000000086b00000| Untracked 
| 108|0x0000000086c00000, 0x0000000086c00000, 0x0000000086d00000|  0%| F|  |TAMS 0x0000000086c00000, 0x0000000086c00000| Untracked 
| 109|0x0000000086d00000, 0x0000000086d00000, 0x0000000086e00000|  0%| F|  |TAMS 0x0000000086d00000, 0x0000000086d00000| Untracked 
| 110|0x0000000086e00000, 0x0000000086e00000, 0x0000000086f00000|  0%| F|  |TAMS 0x0000000086e00000, 0x0000000086e00000| Untracked 
| 111|0x0000000086f00000, 0x0000000086f00000, 0x0000000087000000|  0%| F|  |TAMS 0x0000000086f00000, 0x0000000086f00000| Untracked 
| 112|0x0000000087000000, 0x0000000087000000, 0x0000000087100000|  0%| F|  |TAMS 0x0000000087000000, 0x0000000087000000| Untracked 
| 113|0x0000000087100000, 0x0000000087100000, 0x0000000087200000|  0%| F|  |TAMS 0x0000000087100000, 0x0000000087100000| Untracked 
| 114|0x0000000087200000, 0x0000000087200000, 0x0000000087300000|  0%| F|  |TAMS 0x0000000087200000, 0x0000000087200000| Untracked 
| 115|0x0000000087300000, 0x0000000087300000, 0x0000000087400000|  0%| F|  |TAMS 0x0000000087300000, 0x0000000087300000| Untracked 
| 116|0x0000000087400000, 0x0000000087400000, 0x0000000087500000|  0%| F|  |TAMS 0x0000000087400000, 0x0000000087400000| Untracked 
| 117|0x0000000087500000, 0x0000000087500000, 0x0000000087600000|  0%| F|  |TAMS 0x0000000087500000, 0x0000000087500000| Untracked 
| 118|0x0000000087600000, 0x0000000087600000, 0x0000000087700000|  0%| F|  |TAMS 0x0000000087600000, 0x0000000087600000| Untracked 
| 119|0x0000000087700000, 0x0000000087700000, 0x0000000087800000|  0%| F|  |TAMS 0x0000000087700000, 0x0000000087700000| Untracked 
| 120|0x0000000087800000, 0x000000008782e080, 0x0000000087900000| 17%| S|CS|TAMS 0x0000000087800000, 0x0000000087800000| Complete 
| 121|0x0000000087900000, 0x0000000087a00000, 0x0000000087a00000|100%| S|CS|TAMS 0x0000000087900000, 0x0000000087900000| Complete 
| 122|0x0000000087a00000, 0x0000000087b00000, 0x0000000087b00000|100%| S|CS|TAMS 0x0000000087a00000, 0x0000000087a00000| Complete 
| 123|0x0000000087b00000, 0x0000000087b00000, 0x0000000087c00000|  0%| F|  |TAMS 0x0000000087b00000, 0x0000000087b00000| Untracked 
| 124|0x0000000087c00000, 0x0000000087c00000, 0x0000000087d00000|  0%| F|  |TAMS 0x0000000087c00000, 0x0000000087c00000| Untracked 
| 125|0x0000000087d00000, 0x0000000087d00000, 0x0000000087e00000|  0%| F|  |TAMS 0x0000000087d00000, 0x0000000087d00000| Untracked 
| 126|0x0000000087e00000, 0x0000000087e00000, 0x0000000087f00000|  0%| F|  |TAMS 0x0000000087e00000, 0x0000000087e00000| Untracked 
| 127|0x0000000087f00000, 0x0000000087f00000, 0x0000000088000000|  0%| F|  |TAMS 0x0000000087f00000, 0x0000000087f00000| Untracked 
| 128|0x0000000088000000, 0x0000000088000000, 0x0000000088100000|  0%| F|  |TAMS 0x0000000088000000, 0x0000000088000000| Untracked 
| 129|0x0000000088100000, 0x0000000088100000, 0x0000000088200000|  0%| F|  |TAMS 0x0000000088100000, 0x0000000088100000| Untracked 
| 130|0x0000000088200000, 0x0000000088200000, 0x0000000088300000|  0%| F|  |TAMS 0x0000000088200000, 0x0000000088200000| Untracked 
| 131|0x0000000088300000, 0x0000000088300000, 0x0000000088400000|  0%| F|  |TAMS 0x0000000088300000, 0x0000000088300000| Untracked 
| 132|0x0000000088400000, 0x0000000088400000, 0x0000000088500000|  0%| F|  |TAMS 0x0000000088400000, 0x0000000088400000| Untracked 
| 133|0x0000000088500000, 0x0000000088500000, 0x0000000088600000|  0%| F|  |TAMS 0x0000000088500000, 0x0000000088500000| Untracked 
| 134|0x0000000088600000, 0x0000000088600000, 0x0000000088700000|  0%| F|  |TAMS 0x0000000088600000, 0x0000000088600000| Untracked 
| 135|0x0000000088700000, 0x0000000088700000, 0x0000000088800000|  0%| F|  |TAMS 0x0000000088700000, 0x0000000088700000| Untracked 
| 136|0x0000000088800000, 0x0000000088800000, 0x0000000088900000|  0%| F|  |TAMS 0x0000000088800000, 0x0000000088800000| Untracked 
| 137|0x0000000088900000, 0x0000000088900000, 0x0000000088a00000|  0%| F|  |TAMS 0x0000000088900000, 0x0000000088900000| Untracked 
| 138|0x0000000088a00000, 0x0000000088a00000, 0x0000000088b00000|  0%| F|  |TAMS 0x0000000088a00000, 0x0000000088a00000| Untracked 
| 139|0x0000000088b00000, 0x0000000088b00000, 0x0000000088c00000|  0%| F|  |TAMS 0x0000000088b00000, 0x0000000088b00000| Untracked 
| 140|0x0000000088c00000, 0x0000000088c00000, 0x0000000088d00000|  0%| F|  |TAMS 0x0000000088c00000, 0x0000000088c00000| Untracked 
| 141|0x0000000088d00000, 0x0000000088d00000, 0x0000000088e00000|  0%| F|  |TAMS 0x0000000088d00000, 0x0000000088d00000| Untracked 
| 142|0x0000000088e00000, 0x0000000088e00000, 0x0000000088f00000|  0%| F|  |TAMS 0x0000000088e00000, 0x0000000088e00000| Untracked 
| 143|0x0000000088f00000, 0x0000000088f00000, 0x0000000089000000|  0%| F|  |TAMS 0x0000000088f00000, 0x0000000088f00000| Untracked 
| 144|0x0000000089000000, 0x0000000089000000, 0x0000000089100000|  0%| F|  |TAMS 0x0000000089000000, 0x0000000089000000| Untracked 
| 145|0x0000000089100000, 0x0000000089100000, 0x0000000089200000|  0%| F|  |TAMS 0x0000000089100000, 0x0000000089100000| Untracked 
| 146|0x0000000089200000, 0x0000000089200000, 0x0000000089300000|  0%| F|  |TAMS 0x0000000089200000, 0x0000000089200000| Untracked 
| 147|0x0000000089300000, 0x0000000089300000, 0x0000000089400000|  0%| F|  |TAMS 0x0000000089300000, 0x0000000089300000| Untracked 
| 148|0x0000000089400000, 0x0000000089400000, 0x0000000089500000|  0%| F|  |TAMS 0x0000000089400000, 0x0000000089400000| Untracked 
| 149|0x0000000089500000, 0x0000000089500000, 0x0000000089600000|  0%| F|  |TAMS 0x0000000089500000, 0x0000000089500000| Untracked 
| 150|0x0000000089600000, 0x0000000089600000, 0x0000000089700000|  0%| F|  |TAMS 0x0000000089600000, 0x0000000089600000| Untracked 
| 151|0x0000000089700000, 0x0000000089700000, 0x0000000089800000|  0%| F|  |TAMS 0x0000000089700000, 0x0000000089700000| Untracked 

Card table byte_map: [0x000001f318550000,0x000001f318950000] _byte_map_base: 0x000001f318150000

Marking Bits (Prev, Next): (CMBitMap*) 0x000001f37f9e0e60, (CMBitMap*) 0x000001f37f9e0e20
 Prev Bits: [0x000001f31ad50000, 0x000001f31cd50000)
 Next Bits: [0x000001f318d50000, 0x000001f31ad50000)

Polling page: 0x000001f37fa50000

Metaspace:

Usage:
  Non-class:     74.76 MB used.
      Class:     11.89 MB used.
       Both:     86.65 MB used.

Virtual space:
  Non-class space:      128.00 MB reserved,      75.12 MB ( 59%) committed,  2 nodes.
      Class space:      416.00 MB reserved,      12.19 MB (  3%) committed,  1 nodes.
             Both:      544.00 MB reserved,      87.31 MB ( 16%) committed. 

Chunk freelists:
   Non-Class:  4.50 MB
       Class:  3.84 MB
        Both:  8.34 MB

MaxMetaspaceSize: 512.00 MB
CompressedClassSpaceSize: 416.00 MB
Initial GC threshold: 21.00 MB
Current GC threshold: 133.44 MB
CDS: on
MetaspaceReclaimPolicy: balanced
 - commit_granule_bytes: 65536.
 - commit_granule_words: 8192.
 - virtual_space_node_default_size: 8388608.
 - enlarge_chunks_in_place: 1.
 - new_chunks_are_fully_committed: 0.
 - uncommit_free_chunks: 1.
 - use_allocation_guard: 0.
 - handle_deallocations: 1.


Internal statistics:

num_allocs_failed_limit: 6.
num_arena_births: 852.
num_arena_deaths: 0.
num_vsnodes_births: 3.
num_vsnodes_deaths: 0.
num_space_committed: 1395.
num_space_uncommitted: 0.
num_chunks_returned_to_freelist: 6.
num_chunks_taken_from_freelist: 4210.
num_chunk_merges: 6.
num_chunk_splits: 3050.
num_chunks_enlarged: 2311.
num_inconsistent_stats: 0.

CodeHeap 'non-profiled nmethods': size=120000Kb used=3415Kb max_used=3415Kb free=116585Kb
 bounds [0x000001f3106d0000, 0x000001f310a30000, 0x000001f317c00000]
CodeHeap 'profiled nmethods': size=120000Kb used=14134Kb max_used=14134Kb free=105865Kb
 bounds [0x000001f308c00000, 0x000001f3099d0000, 0x000001f310130000]
CodeHeap 'non-nmethods': size=5760Kb used=2413Kb max_used=2478Kb free=3346Kb
 bounds [0x000001f310130000, 0x000001f3103b0000, 0x000001f3106d0000]
 total_blobs=8248 nmethods=7295 adapters=865
 compilation: enabled
              stopped_count=0, restarted_count=0
 full_count=0

Compilation events (20 events):
Event: 20.545 Thread 0x000001f31f7f6d10 nmethod 8184 0x000001f3099c3e10 code [0x000001f3099c42e0, 0x000001f3099c6828]
Event: 20.545 Thread 0x000001f31f7f6d10 8185       3       kotlin.collections.EmptySet::contains (18 bytes)
Event: 20.546 Thread 0x000001f31f7f6d10 nmethod 8185 0x000001f3099c7390 code [0x000001f3099c75c0, 0x000001f3099c7e38]
Event: 20.546 Thread 0x000001f31f7f6d10 8186       3       java.util.LinkedHashMap$LinkedKeySet::contains (9 bytes)
Event: 20.546 Thread 0x000001f31f7f6d10 nmethod 8186 0x000001f3099c8090 code [0x000001f3099c8240, 0x000001f3099c84c8]
Event: 20.572 Thread 0x000001f31f7f6d10 8187       3       org.jetbrains.kotlin.resolve.DescriptorUtils::getFqNameSafeIfPossible (62 bytes)
Event: 20.572 Thread 0x000001f31f7f6d10 nmethod 8187 0x000001f3099c8590 code [0x000001f3099c87a0, 0x000001f3099c9178]
Event: 20.572 Thread 0x000001f31f7f6d10 8188       3       org.jetbrains.kotlin.metadata.jvm.deserialization.JvmNameResolverBase::getString (450 bytes)
Event: 20.574 Thread 0x000001f31f7f6d10 nmethod 8188 0x000001f3099c9310 code [0x000001f3099c9760, 0x000001f3099cb688]
Event: 20.574 Thread 0x000001f31f7f6d10 8189       3       org.jetbrains.kotlin.metadata.jvm.JvmProtoBuf$StringTableTypes$Record::hasString (16 bytes)
Event: 20.574 Thread 0x000001f31f7f6d10 nmethod 8189 0x000001f3099cc190 code [0x000001f3099cc320, 0x000001f3099cc498]
Event: 20.574 Thread 0x000001f31f7f6d10 8193       3       org.jetbrains.kotlin.load.kotlin.FileBasedKotlinClass$3$1::visit (52 bytes)
Event: 20.574 Thread 0x000001f31f7f6d10 nmethod 8193 0x000001f3099cc510 code [0x000001f3099cc700, 0x000001f3099ccd38]
Event: 20.574 Thread 0x000001f31f7f6d10 8190       3       org.jetbrains.kotlin.metadata.jvm.JvmProtoBuf$StringTableTypes$Record::hasPredefinedIndex (16 bytes)
Event: 20.574 Thread 0x000001f31f7f6d10 nmethod 8190 0x000001f3099ccf10 code [0x000001f3099cd0a0, 0x000001f3099cd218]
Event: 20.574 Thread 0x000001f31f7f6d10 8191       3       org.jetbrains.kotlin.metadata.jvm.JvmProtoBuf$StringTableTypes$Record::getSubstringIndexCount (10 bytes)
Event: 20.575 Thread 0x000001f31f7f6d10 nmethod 8191 0x000001f3099cd290 code [0x000001f3099cd440, 0x000001f3099cd608]
Event: 20.575 Thread 0x000001f31f7f6d10 8192       3       org.jetbrains.kotlin.metadata.jvm.JvmProtoBuf$StringTableTypes$Record::getReplaceCharCount (10 bytes)
Event: 20.575 Thread 0x000001f31f7f6d10 nmethod 8192 0x000001f3099cd710 code [0x000001f3099cd8c0, 0x000001f3099cda88]
Event: 20.575 Thread 0x000001f31f7f6d10 8194       3       org.jetbrains.org.objectweb.asm.ClassReader::accept (1380 bytes)

GC Heap History (20 events):
Event: 16.353 GC heap after
{Heap after GC invocations=24 (full 0):
 garbage-first heap   total 103424K, used 55005K [0x0000000080000000, 0x0000000100000000)
  region size 1024K, 2 young (2048K), 2 survivors (2048K)
 Metaspace       used 70839K, committed 71552K, reserved 491520K
  class space    used 10233K, committed 10560K, reserved 425984K
}
Event: 16.734 GC heap before
{Heap before GC invocations=25 (full 0):
 garbage-first heap   total 109568K, used 92893K [0x0000000080000000, 0x0000000100000000)
  region size 1024K, 33 young (33792K), 2 survivors (2048K)
 Metaspace       used 70991K, committed 71744K, reserved 491520K
  class space    used 10240K, committed 10560K, reserved 425984K
}
Event: 16.744 GC heap after
{Heap after GC invocations=26 (full 0):
 garbage-first heap   total 109568K, used 64121K [0x0000000080000000, 0x0000000100000000)
  region size 1024K, 5 young (5120K), 5 survivors (5120K)
 Metaspace       used 70991K, committed 71744K, reserved 491520K
  class space    used 10240K, committed 10560K, reserved 425984K
}
Event: 16.904 GC heap before
{Heap before GC invocations=26 (full 0):
 garbage-first heap   total 109568K, used 85625K [0x0000000080000000, 0x0000000100000000)
  region size 1024K, 27 young (27648K), 5 survivors (5120K)
 Metaspace       used 71021K, committed 71744K, reserved 491520K
  class space    used 10240K, committed 10560K, reserved 425984K
}
Event: 16.916 GC heap after
{Heap after GC invocations=27 (full 0):
 garbage-first heap   total 109568K, used 71440K [0x0000000080000000, 0x0000000100000000)
  region size 1024K, 4 young (4096K), 4 survivors (4096K)
 Metaspace       used 71021K, committed 71744K, reserved 491520K
  class space    used 10240K, committed 10560K, reserved 425984K
}
Event: 17.283 GC heap before
{Heap before GC invocations=28 (full 0):
 garbage-first heap   total 124928K, used 86800K [0x0000000080000000, 0x0000000100000000)
  region size 1024K, 19 young (19456K), 4 survivors (4096K)
 Metaspace       used 71966K, committed 72640K, reserved 491520K
  class space    used 10358K, committed 10688K, reserved 425984K
}
Event: 17.289 GC heap after
{Heap after GC invocations=29 (full 0):
 garbage-first heap   total 124928K, used 72848K [0x0000000080000000, 0x0000000100000000)
  region size 1024K, 1 young (1024K), 1 survivors (1024K)
 Metaspace       used 71966K, committed 72640K, reserved 491520K
  class space    used 10358K, committed 10688K, reserved 425984K
}
Event: 17.767 GC heap before
{Heap before GC invocations=29 (full 0):
 garbage-first heap   total 124928K, used 96400K [0x0000000080000000, 0x0000000100000000)
  region size 1024K, 24 young (24576K), 1 survivors (1024K)
 Metaspace       used 75000K, committed 75648K, reserved 491520K
  class space    used 10695K, committed 11008K, reserved 425984K
}
Event: 17.770 GC heap after
{Heap after GC invocations=30 (full 0):
 garbage-first heap   total 124928K, used 74343K [0x0000000080000000, 0x0000000100000000)
  region size 1024K, 3 young (3072K), 3 survivors (3072K)
 Metaspace       used 75000K, committed 75648K, reserved 491520K
  class space    used 10695K, committed 11008K, reserved 425984K
}
Event: 18.272 GC heap before
{Heap before GC invocations=31 (full 0):
 garbage-first heap   total 143360K, used 104039K [0x0000000080000000, 0x0000000100000000)
  region size 1024K, 26 young (26624K), 3 survivors (3072K)
 Metaspace       used 76442K, committed 77120K, reserved 557056K
  class space    used 10844K, committed 11136K, reserved 425984K
}
Event: 18.276 GC heap after
{Heap after GC invocations=32 (full 0):
 garbage-first heap   total 143360K, used 84020K [0x0000000080000000, 0x0000000100000000)
  region size 1024K, 4 young (4096K), 4 survivors (4096K)
 Metaspace       used 76442K, committed 77120K, reserved 557056K
  class space    used 10844K, committed 11136K, reserved 425984K
}
Event: 18.327 GC heap before
{Heap before GC invocations=32 (full 0):
 garbage-first heap   total 143360K, used 87092K [0x0000000080000000, 0x0000000100000000)
  region size 1024K, 7 young (7168K), 4 survivors (4096K)
 Metaspace       used 76912K, committed 77632K, reserved 557056K
  class space    used 10886K, committed 11200K, reserved 425984K
}
Event: 18.330 GC heap after
{Heap after GC invocations=33 (full 0):
 garbage-first heap   total 143360K, used 84205K [0x0000000080000000, 0x0000000100000000)
  region size 1024K, 1 young (1024K), 1 survivors (1024K)
 Metaspace       used 76912K, committed 77632K, reserved 557056K
  class space    used 10886K, committed 11200K, reserved 425984K
}
Event: 18.802 GC heap before
{Heap before GC invocations=33 (full 0):
 garbage-first heap   total 143360K, used 113901K [0x0000000080000000, 0x0000000100000000)
  region size 1024K, 30 young (30720K), 1 survivors (1024K)
 Metaspace       used 80834K, committed 81536K, reserved 557056K
  class space    used 11214K, committed 11520K, reserved 425984K
}
Event: 18.805 GC heap after
{Heap after GC invocations=34 (full 0):
 garbage-first heap   total 143360K, used 86513K [0x0000000080000000, 0x0000000100000000)
  region size 1024K, 3 young (3072K), 3 survivors (3072K)
 Metaspace       used 80834K, committed 81536K, reserved 557056K
  class space    used 11214K, committed 11520K, reserved 425984K
}
Event: 19.703 GC heap before
{Heap before GC invocations=35 (full 0):
 garbage-first heap   total 155648K, used 116209K [0x0000000080000000, 0x0000000100000000)
  region size 1024K, 32 young (32768K), 3 survivors (3072K)
 Metaspace       used 84466K, committed 85120K, reserved 557056K
  class space    used 11644K, committed 11968K, reserved 425984K
}
Event: 19.707 GC heap after
{Heap after GC invocations=36 (full 0):
 garbage-first heap   total 155648K, used 87784K [0x0000000080000000, 0x0000000100000000)
  region size 1024K, 2 young (2048K), 2 survivors (2048K)
 Metaspace       used 84466K, committed 85120K, reserved 557056K
  class space    used 11644K, committed 11968K, reserved 425984K
}
Event: 19.855 GC heap before
{Heap before GC invocations=36 (full 0):
 garbage-first heap   total 155648K, used 92904K [0x0000000080000000, 0x0000000100000000)
  region size 1024K, 7 young (7168K), 2 survivors (2048K)
 Metaspace       used 84909K, committed 85504K, reserved 557056K
  class space    used 11698K, committed 11968K, reserved 425984K
}
Event: 19.861 GC heap after
{Heap after GC invocations=37 (full 0):
 garbage-first heap   total 155648K, used 88297K [0x0000000080000000, 0x0000000100000000)
  region size 1024K, 1 young (1024K), 1 survivors (1024K)
 Metaspace       used 84909K, committed 85504K, reserved 557056K
  class space    used 11698K, committed 11968K, reserved 425984K
}
Event: 20.576 GC heap before
{Heap before GC invocations=37 (full 0):
 garbage-first heap   total 155648K, used 115945K [0x0000000080000000, 0x0000000100000000)
  region size 1024K, 29 young (29696K), 1 survivors (1024K)
 Metaspace       used 88728K, committed 89408K, reserved 557056K
  class space    used 12171K, committed 12480K, reserved 425984K
}

Deoptimization events (20 events):
Event: 19.497 Thread 0x000001f340462cd0 Uncommon trap: trap_request=0xffffffc6 fr.pc=0x000001f3107cc0ac relative=0x0000000000000a2c
Event: 19.497 Thread 0x000001f340462cd0 Uncommon trap: reason=bimorphic_or_optimized_type_check action=maybe_recompile pc=0x000001f3107cc0ac method=org.jetbrains.kotlin.protobuf.CodedInputStream.tryRefillBuffer(I)Z @ 177 c2
Event: 19.497 Thread 0x000001f340462cd0 DEOPT PACKING pc=0x000001f3107cc0ac sp=0x0000009f997f2630
Event: 19.497 Thread 0x000001f340462cd0 DEOPT UNPACKING pc=0x000001f3101823a3 sp=0x0000009f997f2520 mode 2
Event: 19.515 Thread 0x000001f340462cd0 Uncommon trap: trap_request=0xffffffc6 fr.pc=0x000001f3107ca61c relative=0x00000000000006bc
Event: 19.515 Thread 0x000001f340462cd0 Uncommon trap: reason=bimorphic_or_optimized_type_check action=maybe_recompile pc=0x000001f3107ca61c method=org.jetbrains.kotlin.protobuf.CodedInputStream.tryRefillBuffer(I)Z @ 177 c2
Event: 19.515 Thread 0x000001f340462cd0 DEOPT PACKING pc=0x000001f3107ca61c sp=0x0000009f997f2080
Event: 19.515 Thread 0x000001f340462cd0 DEOPT UNPACKING pc=0x000001f3101823a3 sp=0x0000009f997f1fc8 mode 2
Event: 20.364 Thread 0x000001f340462cd0 Uncommon trap: trap_request=0xffffffcc fr.pc=0x000001f310a16204 relative=0x0000000000002fa4
Event: 20.364 Thread 0x000001f340462cd0 Uncommon trap: reason=intrinsic_or_type_checked_inlining action=make_not_entrant pc=0x000001f310a16204 method=java.util.ArrayList$SubList.toArray([Ljava/lang/Object;)[Ljava/lang/Object; @ 58 c2
Event: 20.364 Thread 0x000001f340462cd0 DEOPT PACKING pc=0x000001f310a16204 sp=0x0000009f997efb90
Event: 20.364 Thread 0x000001f340462cd0 DEOPT UNPACKING pc=0x000001f3101823a3 sp=0x0000009f997efb48 mode 2
Event: 20.377 Thread 0x000001f340462cd0 Uncommon trap: trap_request=0xffffffcc fr.pc=0x000001f310a0fa18 relative=0x0000000000000378
Event: 20.377 Thread 0x000001f340462cd0 Uncommon trap: reason=intrinsic_or_type_checked_inlining action=make_not_entrant pc=0x000001f310a0fa18 method=java.util.ArrayList.toArray([Ljava/lang/Object;)[Ljava/lang/Object; @ 36 c2
Event: 20.377 Thread 0x000001f340462cd0 DEOPT PACKING pc=0x000001f310a0fa18 sp=0x0000009f997efd60
Event: 20.378 Thread 0x000001f340462cd0 DEOPT UNPACKING pc=0x000001f3101823a3 sp=0x0000009f997efd40 mode 2
Event: 20.431 Thread 0x000001f340462cd0 Uncommon trap: trap_request=0xffffff45 fr.pc=0x000001f310a02cfc relative=0x00000000000000dc
Event: 20.431 Thread 0x000001f340462cd0 Uncommon trap: reason=unstable_if action=reinterpret pc=0x000001f310a02cfc method=java.text.StringCharacterIterator.current()C @ 19 c2
Event: 20.431 Thread 0x000001f340462cd0 DEOPT PACKING pc=0x000001f310a02cfc sp=0x0000009f997f0330
Event: 20.431 Thread 0x000001f340462cd0 DEOPT UNPACKING pc=0x000001f3101823a3 sp=0x0000009f997f02c8 mode 2

Classes unloaded (0 events):
No events

Classes redefined (0 events):
No events

Internal exceptions (20 events):
Event: 14.302 Thread 0x000001f340462cd0 Exception <a 'java/lang/ClassNotFoundException'{0x00000000841d9f00}: org/jetbrains/kotlin/gradle/targets/js/npm/DefaultPeerNpmDependencyExtensionCustomizer> (0x00000000841d9f00) 
thrown [s\open\src\hotspot\share\classfile\systemDictionary.cpp, line 256]
Event: 14.306 Thread 0x000001f340462cd0 Exception <a 'java/lang/ClassNotFoundException'{0x0000000084038ba0}: org/jetbrains/kotlin/gradle/targets/js/npm/DefaultPeerNpmDependencyExtension$delegate$1BeanInfo> (0x0000000084038ba0) 
thrown [s\open\src\hotspot\share\classfile\systemDictionary.cpp, line 256]
Event: 14.307 Thread 0x000001f340462cd0 Exception <a 'java/lang/ClassNotFoundException'{0x000000008404d9d0}: org/jetbrains/kotlin/gradle/targets/js/npm/DefaultPeerNpmDependencyExtension$delegate$1Customizer> (0x000000008404d9d0) 
thrown [s\open\src\hotspot\share\classfile\systemDictionary.cpp, line 256]
Event: 14.713 Thread 0x000001f340462cd0 Exception <a 'java/lang/NoSuchMethodError'{0x00000000857c86b0}: 'void java.lang.invoke.DirectMethodHandle$Holder.invokeVirtual(java.lang.Object, java.lang.Object)'> (0x00000000857c86b0) 
thrown [s\open\src\hotspot\share\interpreter\linkResolver.cpp, line 759]
Event: 14.867 Thread 0x000001f340462cd0 Exception <a 'java/lang/NoSuchMethodError'{0x000000008508ea20}: 'int java.lang.invoke.DelegatingMethodHandle$Holder.reinvoke_L(java.lang.Object, java.lang.Object, java.lang.Object, long, int, int)'> (0x000000008508ea20) 
thrown [s\open\src\hotspot\share\interpreter\linkResolver.cpp, line 759]
Event: 14.869 Thread 0x000001f340462cd0 Exception <a 'java/lang/NoSuchMethodError'{0x000000008509ede8}: 'int java.lang.invoke.DelegatingMethodHandle$Holder.reinvoke_L(java.lang.Object, java.lang.Object, java.lang.Object, long, long, long)'> (0x000000008509ede8) 
thrown [s\open\src\hotspot\share\interpreter\linkResolver.cpp, line 759]
Event: 14.870 Thread 0x000001f340462cd0 Exception <a 'java/lang/NoSuchMethodError'{0x00000000850af4b8}: 'int java.lang.invoke.DelegatingMethodHandle$Holder.reinvoke_L(java.lang.Object, java.lang.Object, java.lang.Object, long, java.lang.Object, java.lang.Object)'> (0x00000000850af4b8) 
thrown [s\open\src\hotspot\share\interpreter\linkResolver.cpp, line 759]
Event: 14.873 Thread 0x000001f340462cd0 Exception <a 'java/lang/NoSuchMethodError'{0x00000000850bf9d0}: 'void java.lang.invoke.DelegatingMethodHandle$Holder.reinvoke_L(java.lang.Object, java.lang.Object, java.lang.Object, long, java.lang.Object)'> (0x00000000850bf9d0) 
thrown [s\open\src\hotspot\share\interpreter\linkResolver.cpp, line 759]
Event: 14.874 Thread 0x000001f340462cd0 Exception <a 'java/lang/NoSuchMethodError'{0x00000000850c8850}: 'java.lang.Object java.lang.invoke.DirectMethodHandle$Holder.invokeSpecial(java.lang.Object, java.lang.Object, java.lang.Object, java.lang.Object, long)'> (0x00000000850c8850) 
thrown [s\open\src\hotspot\share\interpreter\linkResolver.cpp, line 759]
Event: 14.877 Thread 0x000001f340462cd0 Exception <a 'java/lang/NoSuchMethodError'{0x00000000850f0330}: 'long java.lang.invoke.Invokers$Holder.invoke_MT(java.lang.Object, java.lang.Object, java.lang.Object, java.lang.Object)'> (0x00000000850f0330) 
thrown [s\open\src\hotspot\share\interpreter\linkResolver.cpp, line 759]
Event: 14.878 Thread 0x000001f340462cd0 Exception <a 'java/lang/NoSuchMethodError'{0x00000000850f9980}: 'int java.lang.invoke.Invokers$Holder.invoke_MT(java.lang.Object, java.lang.Object, java.lang.Object, java.lang.Object)'> (0x00000000850f9980) 
thrown [s\open\src\hotspot\share\interpreter\linkResolver.cpp, line 759]
Event: 14.880 Thread 0x000001f340462cd0 Exception <a 'java/lang/NoSuchMethodError'{0x0000000084f0b3b8}: 'int java.lang.invoke.DelegatingMethodHandle$Holder.reinvoke_L(java.lang.Object, java.lang.Object, java.lang.Object, long, int)'> (0x0000000084f0b3b8) 
thrown [s\open\src\hotspot\share\interpreter\linkResolver.cpp, line 759]
Event: 14.882 Thread 0x000001f340462cd0 Exception <a 'java/lang/NoSuchMethodError'{0x0000000084f1fb70}: 'java.lang.Object java.lang.invoke.Invokers$Holder.invokeExact_MT(java.lang.Object, java.lang.Object, long, java.lang.Object)'> (0x0000000084f1fb70) 
thrown [s\open\src\hotspot\share\interpreter\linkResolver.cpp, line 759]
Event: 15.047 Thread 0x000001f340462cd0 Exception <a 'java/lang/NoSuchMethodError'{0x00000000847d77b0}: 'java.lang.Object java.lang.invoke.DirectMethodHandle$Holder.invokeStaticInit(java.lang.Object, int)'> (0x00000000847d77b0) 
thrown [s\open\src\hotspot\share\interpreter\linkResolver.cpp, line 759]
Event: 15.099 Thread 0x000001f340462cd0 Exception <a 'java/lang/NoSuchMethodError'{0x00000000844ece70}: 'long java.lang.invoke.DirectMethodHandle$Holder.invokeStatic(java.lang.Object)'> (0x00000000844ece70) 
thrown [s\open\src\hotspot\share\interpreter\linkResolver.cpp, line 759]
Event: 15.099 Thread 0x000001f340462cd0 Exception <a 'java/lang/NoSuchMethodError'{0x00000000844f1fa8}: 'long java.lang.invoke.DirectMethodHandle$Holder.invokeStaticInit(java.lang.Object)'> (0x00000000844f1fa8) 
thrown [s\open\src\hotspot\share\interpreter\linkResolver.cpp, line 759]
Event: 15.329 Thread 0x000001f340462cd0 Implicit null exception at 0x000001f31084570c to 0x000001f310845846
Event: 16.316 Thread 0x000001f340462cd0 Exception <a 'java/lang/NoSuchMethodError'{0x00000000857a7030}: 'java.lang.Object java.lang.invoke.Invokers$Holder.invoke_MT(java.lang.Object, java.lang.Object, java.lang.Object)'> (0x00000000857a7030) 
thrown [s\open\src\hotspot\share\interpreter\linkResolver.cpp, line 759]
Event: 16.679 Thread 0x000001f340462cd0 Implicit null exception at 0x000001f310759d61 to 0x000001f31075bb7c
Event: 20.330 Thread 0x000001f340462cd0 Exception <a 'java/lang/NoSuchMethodError'{0x00000000887f6ea0}: 'java.lang.Object java.lang.invoke.DirectMethodHandle$Holder.invokeStatic(java.lang.Object, java.lang.Object, java.lang.Object, java.lang.Object, int)'> (0x00000000887f6ea0) 
thrown [s\open\src\hotspot\share\interpreter\linkResolver.cpp, line 759]

VM Operations (20 events):
Event: 19.466 Executing VM operation: HandshakeAllThreads done
Event: 19.485 Executing VM operation: HandshakeAllThreads
Event: 19.485 Executing VM operation: HandshakeAllThreads done
Event: 19.647 Executing VM operation: HandshakeAllThreads
Event: 19.647 Executing VM operation: HandshakeAllThreads done
Event: 19.703 Executing VM operation: G1CollectForAllocation
Event: 19.707 Executing VM operation: G1CollectForAllocation done
Event: 19.855 Executing VM operation: G1CollectForAllocation
Event: 19.861 Executing VM operation: G1CollectForAllocation done
Event: 20.271 Executing VM operation: HandshakeAllThreads
Event: 20.271 Executing VM operation: HandshakeAllThreads done
Event: 20.292 Executing VM operation: HandshakeAllThreads
Event: 20.292 Executing VM operation: HandshakeAllThreads done
Event: 20.297 Executing VM operation: HandshakeAllThreads
Event: 20.297 Executing VM operation: HandshakeAllThreads done
Event: 20.382 Executing VM operation: HandshakeAllThreads
Event: 20.382 Executing VM operation: HandshakeAllThreads done
Event: 20.409 Executing VM operation: HandshakeAllThreads
Event: 20.409 Executing VM operation: HandshakeAllThreads done
Event: 20.576 Executing VM operation: G1TryInitiateConcMark

Events (20 events):
Event: 16.346 loading class java/nio/file/attribute/DosFileAttributeView done
Event: 16.346 loading class sun/nio/fs/WindowsFileAttributeViews$Dos
Event: 16.346 loading class sun/nio/fs/WindowsFileAttributeViews$Dos done
Event: 16.969 loading class java/nio/channels/NonWritableChannelException
Event: 16.971 loading class java/nio/channels/NonWritableChannelException done
Event: 16.971 loading class sun/nio/ch/ChannelInputStream
Event: 16.972 loading class sun/nio/ch/ChannelInputStream done
Event: 19.086 Thread 0x000001f31f8305d0 flushing nmethod 0x000001f30937ee10
Event: 19.589 loading class java/text/StringCharacterIterator
Event: 19.589 loading class java/text/CharacterIterator
Event: 19.590 loading class java/text/CharacterIterator done
Event: 19.590 loading class java/text/StringCharacterIterator done
Event: 19.643 loading class java/io/NotSerializableException
Event: 19.646 loading class java/io/NotSerializableException done
Event: 20.295 loading class java/util/AbstractList$SubList
Event: 20.295 loading class java/util/AbstractList$SubList done
Event: 20.295 loading class java/util/AbstractList$SubList$1
Event: 20.295 loading class java/util/AbstractList$SubList$1 done
Event: 20.295 loading class java/util/AbstractList$ListItr
Event: 20.296 loading class java/util/AbstractList$ListItr done


Dynamic libraries:
0x00007ff750670000 - 0x00007ff750680000 	C:\Program Files\Java\jdk-17\bin\java.exe
0x00007ffcafdd0000 - 0x00007ffcaffe7000 	C:\Windows\SYSTEM32\ntdll.dll
0x00007ffcae050000 - 0x00007ffcae114000 	C:\Windows\System32\KERNEL32.DLL
0x00007ffcad5d0000 - 0x00007ffcad987000 	C:\Windows\System32\KERNELBASE.dll
0x00007ffcad110000 - 0x00007ffcad221000 	C:\Windows\System32\ucrtbase.dll
0x00007ffc76720000 - 0x00007ffc7673b000 	C:\Program Files\Java\jdk-17\bin\VCRUNTIME140.dll
0x00007ffc76740000 - 0x00007ffc76759000 	C:\Program Files\Java\jdk-17\bin\jli.dll
0x00007ffcae580000 - 0x00007ffcae632000 	C:\Windows\System32\ADVAPI32.dll
0x00007ffcae120000 - 0x00007ffcae1c7000 	C:\Windows\System32\msvcrt.dll
0x00007ffcafc90000 - 0x00007ffcafd38000 	C:\Windows\System32\sechost.dll
0x00007ffcad0e0000 - 0x00007ffcad108000 	C:\Windows\System32\bcrypt.dll
0x00007ffcadf30000 - 0x00007ffcae044000 	C:\Windows\System32\RPCRT4.dll
0x00007ffcae1f0000 - 0x00007ffcae39f000 	C:\Windows\System32\USER32.dll
0x00007ffcad230000 - 0x00007ffcad256000 	C:\Windows\System32\win32u.dll
0x00007ffc8f1d0000 - 0x00007ffc8f463000 	C:\Windows\WinSxS\amd64_microsoft.windows.common-controls_6595b64144ccf1df_6.0.22621.3672_none_2713b9d173822955\COMCTL32.dll
0x00007ffcaead0000 - 0x00007ffcaeaf9000 	C:\Windows\System32\GDI32.dll
0x00007ffcad2e0000 - 0x00007ffcad3f8000 	C:\Windows\System32\gdi32full.dll
0x00007ffcad400000 - 0x00007ffcad49a000 	C:\Windows\System32\msvcp_win.dll
0x00007ffca5060000 - 0x00007ffca506a000 	C:\Windows\SYSTEM32\VERSION.dll
0x00007ffcaec00000 - 0x00007ffcaec31000 	C:\Windows\System32\IMM32.DLL
0x00007ffc98900000 - 0x00007ffc9890c000 	C:\Program Files\Java\jdk-17\bin\vcruntime140_1.dll
0x00007ffc76690000 - 0x00007ffc7671e000 	C:\Program Files\Java\jdk-17\bin\msvcp140.dll
0x00007ffc225d0000 - 0x00007ffc231b0000 	C:\Program Files\Java\jdk-17\bin\server\jvm.dll
0x00007ffca5bc0000 - 0x00007ffca5bf4000 	C:\Windows\SYSTEM32\WINMM.dll
0x00007ffc76680000 - 0x00007ffc76689000 	C:\Windows\SYSTEM32\WSOCK32.dll
0x00007ffcade90000 - 0x00007ffcade98000 	C:\Windows\System32\PSAPI.DLL
0x00007ffcaec40000 - 0x00007ffcaecb1000 	C:\Windows\System32\WS2_32.dll
0x00007ffcac0f0000 - 0x00007ffcac108000 	C:\Windows\SYSTEM32\kernel.appcore.dll
0x00007ffc76670000 - 0x00007ffc7667a000 	C:\Program Files\Java\jdk-17\bin\jimage.dll
0x00007ffc9e030000 - 0x00007ffc9e262000 	C:\Windows\SYSTEM32\DBGHELP.DLL
0x00007ffcadb00000 - 0x00007ffcade8e000 	C:\Windows\System32\combase.dll
0x00007ffcae640000 - 0x00007ffcae717000 	C:\Windows\System32\OLEAUT32.dll
0x00007ffc985c0000 - 0x00007ffc985f2000 	C:\Windows\SYSTEM32\dbgcore.DLL
0x00007ffcad260000 - 0x00007ffcad2db000 	C:\Windows\System32\bcryptPrimitives.dll
0x00007ffc76640000 - 0x00007ffc76665000 	C:\Program Files\Java\jdk-17\bin\java.dll
0x00007ffc224f0000 - 0x00007ffc225c7000 	C:\Program Files\Java\jdk-17\bin\jsvml.dll
0x00007ffcaef40000 - 0x00007ffcaf7a9000 	C:\Windows\System32\SHELL32.dll
0x00007ffcaafb0000 - 0x00007ffcab8af000 	C:\Windows\SYSTEM32\windows.storage.dll
0x00007ffcaae70000 - 0x00007ffcaafaf000 	C:\Windows\SYSTEM32\wintypes.dll
0x00007ffcaeb00000 - 0x00007ffcaebf9000 	C:\Windows\System32\SHCORE.dll
0x00007ffcaf7b0000 - 0x00007ffcaf80e000 	C:\Windows\System32\shlwapi.dll
0x00007ffcad010000 - 0x00007ffcad037000 	C:\Windows\SYSTEM32\profapi.dll
0x00007ffc76620000 - 0x00007ffc76639000 	C:\Program Files\Java\jdk-17\bin\net.dll
0x00007ffca8bd0000 - 0x00007ffca8d06000 	C:\Windows\SYSTEM32\WINHTTP.dll
0x00007ffcac550000 - 0x00007ffcac5b9000 	C:\Windows\system32\mswsock.dll
0x00007ffc76600000 - 0x00007ffc76616000 	C:\Program Files\Java\jdk-17\bin\nio.dll
0x00007ffc765e0000 - 0x00007ffc765f8000 	C:\Program Files\Java\jdk-17\bin\zip.dll
0x00007ffca8f50000 - 0x00007ffca8f60000 	C:\Program Files\Java\jdk-17\bin\verify.dll
0x00007ffc98b10000 - 0x00007ffc98b37000 	C:\Users\LT053\.gradle\native\68d5fa5c4cc2d200863cafc0d521ce42e7d3e7ee720ec0a83991735586a16f82\windows-amd64\native-platform.dll
0x00007ffc93d20000 - 0x00007ffc93e64000 	C:\Users\LT053\.gradle\native\e376f236ea51e6404a007f0833ffe2c6e607c4080706a723a18a27aeea778392\windows-amd64\native-platform-file-events.dll
0x00007ffc76590000 - 0x00007ffc7659a000 	C:\Program Files\Java\jdk-17\bin\management.dll
0x00007ffc72db0000 - 0x00007ffc72dbb000 	C:\Program Files\Java\jdk-17\bin\management_ext.dll
0x00007ffcac8a0000 - 0x00007ffcac8bb000 	C:\Windows\SYSTEM32\CRYPTSP.dll
0x00007ffcac050000 - 0x00007ffcac085000 	C:\Windows\system32\rsaenh.dll
0x00007ffcac5f0000 - 0x00007ffcac618000 	C:\Windows\SYSTEM32\USERENV.dll
0x00007ffcac880000 - 0x00007ffcac88c000 	C:\Windows\SYSTEM32\CRYPTBASE.dll
0x00007ffcabb50000 - 0x00007ffcabb7d000 	C:\Windows\SYSTEM32\IPHLPAPI.DLL
0x00007ffcae780000 - 0x00007ffcae789000 	C:\Windows\System32\NSI.dll
0x00007ffca8b00000 - 0x00007ffca8b19000 	C:\Windows\SYSTEM32\dhcpcsvc6.DLL
0x00007ffca8ae0000 - 0x00007ffca8aff000 	C:\Windows\SYSTEM32\dhcpcsvc.DLL
0x00007ffcabb80000 - 0x00007ffcabc82000 	C:\Windows\SYSTEM32\DNSAPI.dll
0x00007ffc765d0000 - 0x00007ffc765de000 	C:\Program Files\Java\jdk-17\bin\sunmscapi.dll
0x00007ffcad990000 - 0x00007ffcadaf6000 	C:\Windows\System32\CRYPT32.dll
0x00007ffcacaa0000 - 0x00007ffcacacd000 	C:\Windows\SYSTEM32\ncrypt.dll
0x00007ffcaca10000 - 0x00007ffcaca47000 	C:\Windows\SYSTEM32\NTASN1.dll
0x00007ffc765c0000 - 0x00007ffc765c8000 	C:\Windows\system32\wshunix.dll

dbghelp: loaded successfully - version: 4.0.5 - missing functions: none
symbol engine: initialized successfully - sym options: 0x614 - pdb path: .;C:\Program Files\Java\jdk-17\bin;C:\Windows\SYSTEM32;C:\Windows\WinSxS\amd64_microsoft.windows.common-controls_6595b64144ccf1df_6.0.22621.3672_none_2713b9d173822955;C:\Program Files\Java\jdk-17\bin\server;C:\Users\LT053\.gradle\native\68d5fa5c4cc2d200863cafc0d521ce42e7d3e7ee720ec0a83991735586a16f82\windows-amd64;C:\Users\LT053\.gradle\native\e376f236ea51e6404a007f0833ffe2c6e607c4080706a723a18a27aeea778392\windows-amd64

VM Arguments:
jvm_args: -XX:MaxMetaspaceSize=512m --add-opens=java.base/java.util=ALL-UNNAMED --add-opens=java.base/java.lang=ALL-UNNAMED --add-opens=java.base/java.lang.invoke=ALL-UNNAMED --add-opens=java.prefs/java.util.prefs=ALL-UNNAMED --add-opens=java.base/java.nio.charset=ALL-UNNAMED --add-opens=java.base/java.net=ALL-UNNAMED --add-opens=java.base/java.util.concurrent.atomic=ALL-UNNAMED -Xmx2048m -Dfile.encoding=windows-1252 -Duser.country=US -Duser.language=en -Duser.variant 
java_command: org.gradle.launcher.daemon.bootstrap.GradleDaemon 8.0.1
java_class_path (initial): C:\Users\LT053\.gradle\wrapper\dists\gradle-8.0.1-bin\7rsvvmdp4bsd5fhm7a9cyrnzz\gradle-8.0.1\lib\gradle-launcher-8.0.1.jar
Launcher Type: SUN_STANDARD

[Global flags]
     intx CICompilerCount                          = 4                                         {product} {ergonomic}
   size_t CompressedClassSpaceSize                 = 436207616                                 {product} {ergonomic}
     uint ConcGCThreads                            = 2                                         {product} {ergonomic}
     uint G1ConcRefinementThreads                  = 8                                         {product} {ergonomic}
   size_t G1HeapRegionSize                         = 1048576                                   {product} {ergonomic}
    uintx GCDrainStackTargetSize                   = 64                                        {product} {ergonomic}
   size_t InitialHeapSize                          = 132120576                                 {product} {ergonomic}
   size_t MarkStackSize                            = 4194304                                   {product} {ergonomic}
   size_t MaxHeapSize                              = 2147483648                                {product} {command line}
   size_t MaxMetaspaceSize                         = 536870912                                 {product} {command line}
   size_t MaxNewSize                               = 1287651328                                {product} {ergonomic}
   size_t MinHeapDeltaBytes                        = 1048576                                   {product} {ergonomic}
   size_t MinHeapSize                              = 8388608                                   {product} {ergonomic}
    uintx NonNMethodCodeHeapSize                   = 5839372                                {pd product} {ergonomic}
    uintx NonProfiledCodeHeapSize                  = 122909434                              {pd product} {ergonomic}
    uintx ProfiledCodeHeapSize                     = 122909434                              {pd product} {ergonomic}
    uintx ReservedCodeCacheSize                    = 251658240                              {pd product} {ergonomic}
     bool SegmentedCodeCache                       = true                                      {product} {ergonomic}
   size_t SoftMaxHeapSize                          = 2147483648                             {manageable} {ergonomic}
     bool UseCompressedClassPointers               = true                           {product lp64_product} {ergonomic}
     bool UseCompressedOops                        = true                           {product lp64_product} {ergonomic}
     bool UseG1GC                                  = true                                      {product} {ergonomic}
     bool UseLargePagesIndividualAllocation        = false                                  {pd product} {ergonomic}

Logging:
Log output configuration:
 #0: stdout all=warning uptime,level,tags
 #1: stderr all=off uptime,level,tags

Environment Variables:
JAVA_HOME=C:\Program Files\Java\jdk-17
CLASSPATH=C:\Users\LT053\Desktop\SOCIAL-LOGIN-APP\myapp\android\\gradle\wrapper\gradle-wrapper.jar
PATH=C:\Program Files\Java\jdk-17\bin;C:\Program Files\nodejs\;C:\Windows;C:\Windows\System32\Wbem;C:\Windows\System32\WindowsPowerShell\v1.0\;C:\Windows\System32\OpenSSH\;C:\Program Files\dotnet\;C:\ProgramData\chocolatey\bin;C:\Windows\System32;C:\Program Files\Java\jdk-\bin;C:\Users\LT053\AppData\Local\Android\Sdk;C:\Users\LT053\AppData\Local\Android\Sdk\platform-tools;C:\Users\LT053\AppData\Local\Android\Sdk\emulator;C:\Users\LT053\AppData\Local\Android\Sdk\build-tools;C:\Users\LT053\AppData\Local\Microsoft\WindowsApps;C:\Users\LT053\AppData\Roaming\npm;C:\Users\LT053\AppData\Local\Programs\Git\cmd;C:\Users\LT053\AppData\Local\Android\Sdk\platform-tools;C:\Users\LT053\AppData\Local\Android\Sdk\platform-tools;C:\Users\LT053\AppData\Local\Programs\cursor\resources\app\bin
USERNAME=LT053
LANG=en_US.UTF-8
OS=Windows_NT
PROCESSOR_IDENTIFIER=Intel64 Family 6 Model 142 Stepping 12, GenuineIntel



---------------  S Y S T E M  ---------------

OS:
 Windows 11 , 64 bit Build 22621 (10.0.22621.3958)
OS uptime: 1 days 3:03 hours
Hyper-V role detected

CPU: total 8 (initial active 8) (4 cores per cpu, 2 threads per core) family 6 model 142 stepping 12 microcode 0xfe, cx8, cmov, fxsr, ht, mmx, 3dnowpref, sse, sse2, sse3, ssse3, sse4.1, sse4.2, popcnt, lzcnt, tsc, tscinvbit, avx, avx2, aes, erms, clmul, bmi1, bmi2, adx, fma, vzeroupper, clflush, clflushopt, hv

Memory: 4k page, system-wide physical 7952M (251M free)
TotalPageFile size 22974M (AvailPageFile size 15M)
current process WorkingSet (physical memory assigned to process): 379M, peak: 382M
current process commit charge ("private bytes"): 419M, peak: 476M

vm_info: Java HotSpot(TM) 64-Bit Server VM (17.0.12+8-LTS-286) for windows-amd64 JRE (17.0.12+8-LTS-286), built on Jun  5 2024 06:46:59 by "mach5one" with MS VC++ 17.6 (VS2022)

END.
