#
# There is insufficient memory for the Java Runtime Environment to continue.
# Native memory allocation (mmap) failed to map 68157440 bytes for G1 virtual space
# Possible reasons:
#   The system is out of physical RAM or swap space
#   The process is running with CompressedOops enabled, and the Java Heap may be blocking the growth of the native heap
# Possible solutions:
#   Reduce memory load on the system
#   Increase physical memory or swap space
#   Check if swap backing store is full
#   Decrease Java heap size (-Xmx/-Xms)
#   Decrease number of Java threads
#   Decrease Java thread stack sizes (-Xss)
#   Set larger code cache with -XX:ReservedCodeCacheSize=
#   JVM is running with Unscaled Compressed Oops mode in which the Java heap is
#     placed in the first 4GB address space. The Java Heap base address is the
#     maximum limit for the native heap growth. Please use -XX:HeapBaseMinAddress
#     to set the Java Heap base and to place the Java Heap above 4GB virtual address.
# This output file may be truncated or incomplete.
#
#  Out of Memory Error (os_windows.cpp:3548), pid=18768, tid=22224
#
# JRE version: Java(TM) SE Runtime Environment (17.0.12+8) (build 17.0.12+8-LTS-286)
# Java VM: Java HotSpot(TM) 64-Bit Server VM (17.0.12+8-LTS-286, mixed mode, sharing, tiered, compressed oops, compressed class ptrs, g1 gc, windows-amd64)
# No core dump will be written. Minidumps are not enabled by default on client versions of Windows
#

---------------  S U M M A R Y ------------

Command Line: -XX:MaxMetaspaceSize=512m --add-opens=java.base/java.util=ALL-UNNAMED --add-opens=java.base/java.lang=ALL-UNNAMED --add-opens=java.base/java.lang.invoke=ALL-UNNAMED --add-opens=java.prefs/java.util.prefs=ALL-UNNAMED --add-opens=java.base/java.nio.charset=ALL-UNNAMED --add-opens=java.base/java.net=ALL-UNNAMED --add-opens=java.base/java.util.concurrent.atomic=ALL-UNNAMED -Xmx2048m -Dfile.encoding=windows-1252 -Duser.country=US -Duser.language=en -Duser.variant org.gradle.launcher.daemon.bootstrap.GradleDaemon 8.0.1

Host: Intel(R) Core(TM) i5-10210U CPU @ 1.60GHz, 8 cores, 7G,  Windows 11 , 64 bit Build 22621 (10.0.22621.3958)
Time: Thu Apr 10 17:58:31 2025 India Standard Time elapsed time: 18.772473 seconds (0d 0h 0m 18s)

---------------  T H R E A D  ---------------

Current thread (0x00000203de7e7140):  VMThread "VM Thread" [stack: 0x00000054e4e00000,0x00000054e4f00000] [id=22224]

Stack: [0x00000054e4e00000,0x00000054e4f00000]
Native frames: (J=compiled Java code, j=interpreted, Vv=VM code, C=native code)
V  [jvm.dll+0x67a04a]
V  [jvm.dll+0x7da4ed]
V  [jvm.dll+0x7dbe33]
V  [jvm.dll+0x7dc4a3]
V  [jvm.dll+0x24508f]
V  [jvm.dll+0x677089]
V  [jvm.dll+0x66bd32]
V  [jvm.dll+0x301fa6]
V  [jvm.dll+0x309546]
V  [jvm.dll+0x359d2e]
V  [jvm.dll+0x359f5f]
V  [jvm.dll+0x2d9078]
V  [jvm.dll+0x2d74ad]
V  [jvm.dll+0x2d6afc]
V  [jvm.dll+0x31a65b]
V  [jvm.dll+0x7e0d9b]
V  [jvm.dll+0x7e1ad4]
V  [jvm.dll+0x7e1fed]
V  [jvm.dll+0x7e23c4]
V  [jvm.dll+0x7e2490]
V  [jvm.dll+0x78abea]
V  [jvm.dll+0x678f35]
C  [ucrtbase.dll+0x29333]
C  [KERNEL32.DLL+0x1257d]
C  [ntdll.dll+0x5af08]

VM_Operation (0x00000054e65ed3d0): G1CollectForAllocation, mode: safepoint, requested by thread 0x0000020380504320


---------------  P R O C E S S  ---------------

Threads class SMR info:
_java_thread_list=0x0000020380be98f0, length=68, elements={
0x00000203c06097a0, 0x00000203de7eb090, 0x00000203de7ec030, 0x00000203de801dc0,
0x00000203de8056b0, 0x00000203de805f80, 0x00000203de807200, 0x00000203de8089b0,
0x00000203de80d830, 0x00000203de812900, 0x00000203dea45070, 0x00000203dea4bba0,
0x00000203fe7445c0, 0x00000203debc1820, 0x0000020380676120, 0x00000203fecc9a40,
0x00000203ff77a7a0, 0x0000020380175230, 0x0000020380504320, 0x0000020380501fb0,
0x0000020380503900, 0x00000203805024c0, 0x00000203805029d0, 0x0000020380503e10,
0x0000020380502ee0, 0x0000020380501080, 0x0000020380501aa0, 0x0000020380501590,
0x00000203805033f0, 0x0000020381c2a2b0, 0x0000020381c2c110, 0x0000020381c2e480,
0x0000020381c2cb30, 0x0000020381c2d040, 0x0000020381c29da0, 0x0000020381c2e990,
0x0000020381c2bc00, 0x0000020381c2df70, 0x0000020381c2eea0, 0x0000020381c31720,
0x0000020381c307f0, 0x0000020381c2acd0, 0x0000020381c2fdd0, 0x0000020381c2d550,
0x0000020381c2c620, 0x0000020381c302e0, 0x0000020381c30d00, 0x0000020381c2b1e0,
0x0000020381c31210, 0x00000203822398f0, 0x0000020382239e00, 0x00000203822347f0,
0x00000203822389c0, 0x0000020382238ed0, 0x0000020382234d00, 0x000002038223b240,
0x000002038223a310, 0x00000203822393e0, 0x0000020382236140, 0x0000020382233dd0,
0x000002038223ad30, 0x0000020382236650, 0x000002038223a820, 0x0000020382235c30,
0x0000020382236b60, 0x000002038223b750, 0x00000203822342e0, 0x0000020382237580
}

Java Threads: ( => current thread )
  0x00000203c06097a0 JavaThread "main" [_thread_blocked, id=7844, stack(0x00000054e4800000,0x00000054e4900000)]
  0x00000203de7eb090 JavaThread "Reference Handler" daemon [_thread_blocked, id=5752, stack(0x00000054e4f00000,0x00000054e5000000)]
  0x00000203de7ec030 JavaThread "Finalizer" daemon [_thread_blocked, id=20332, stack(0x00000054e5000000,0x00000054e5100000)]
  0x00000203de801dc0 JavaThread "Signal Dispatcher" daemon [_thread_blocked, id=20576, stack(0x00000054e5100000,0x00000054e5200000)]
  0x00000203de8056b0 JavaThread "Attach Listener" daemon [_thread_blocked, id=5552, stack(0x00000054e5200000,0x00000054e5300000)]
  0x00000203de805f80 JavaThread "Service Thread" daemon [_thread_blocked, id=4848, stack(0x00000054e5300000,0x00000054e5400000)]
  0x00000203de807200 JavaThread "Monitor Deflation Thread" daemon [_thread_blocked, id=8364, stack(0x00000054e5400000,0x00000054e5500000)]
  0x00000203de8089b0 JavaThread "C2 CompilerThread0" daemon [_thread_blocked, id=15136, stack(0x00000054e5500000,0x00000054e5600000)]
  0x00000203de80d830 JavaThread "C1 CompilerThread0" daemon [_thread_blocked, id=24292, stack(0x00000054e5600000,0x00000054e5700000)]
  0x00000203de812900 JavaThread "Sweeper thread" daemon [_thread_blocked, id=23532, stack(0x00000054e5700000,0x00000054e5800000)]
  0x00000203dea45070 JavaThread "Common-Cleaner" daemon [_thread_blocked, id=7560, stack(0x00000054e5800000,0x00000054e5900000)]
  0x00000203dea4bba0 JavaThread "Notification Thread" daemon [_thread_blocked, id=10244, stack(0x00000054e5900000,0x00000054e5a00000)]
  0x00000203fe7445c0 JavaThread "Daemon health stats" [_thread_blocked, id=1540, stack(0x00000054e6000000,0x00000054e6100000)]
  0x00000203debc1820 JavaThread "Incoming local TCP Connector on port 51297" [_thread_in_native, id=22768, stack(0x00000054e5b00000,0x00000054e5c00000)]
  0x0000020380676120 JavaThread "Daemon periodic checks" [_thread_blocked, id=1100, stack(0x00000054e6100000,0x00000054e6200000)]
  0x00000203fecc9a40 JavaThread "Daemon" [_thread_blocked, id=18920, stack(0x00000054e6200000,0x00000054e6300000)]
  0x00000203ff77a7a0 JavaThread "Handler for socket connection from /127.0.0.1:51297 to /127.0.0.1:51298" [_thread_in_native, id=3500, stack(0x00000054e6300000,0x00000054e6400000)]
  0x0000020380175230 JavaThread "Cancel handler" [_thread_blocked, id=22476, stack(0x00000054e6400000,0x00000054e6500000)]
  0x0000020380504320 JavaThread "Daemon worker" [_thread_blocked, id=10176, stack(0x00000054e6500000,0x00000054e6600000)]
  0x0000020380501fb0 JavaThread "Asynchronous log dispatcher for DefaultDaemonConnection: socket connection from /127.0.0.1:51297 to /127.0.0.1:51298" [_thread_blocked, id=15960, stack(0x00000054e6600000,0x00000054e6700000)]
  0x0000020380503900 JavaThread "Stdin handler" [_thread_blocked, id=20764, stack(0x00000054e6700000,0x00000054e6800000)]
  0x00000203805024c0 JavaThread "Daemon client event forwarder" [_thread_blocked, id=15092, stack(0x00000054e6800000,0x00000054e6900000)]
  0x00000203805029d0 JavaThread "Cache worker for journal cache (C:\Users\LT053\.gradle\caches\journal-1)" [_thread_blocked, id=15408, stack(0x00000054e6a00000,0x00000054e6b00000)]
  0x0000020380503e10 JavaThread "File lock request listener" [_thread_in_native, id=20304, stack(0x00000054e6b00000,0x00000054e6c00000)]
  0x0000020380502ee0 JavaThread "Cache worker for file hash cache (C:\Users\LT053\.gradle\caches\8.0.1\fileHashes)" [_thread_blocked, id=6588, stack(0x00000054e6c00000,0x00000054e6d00000)]
  0x0000020380501080 JavaThread "File watcher server" daemon [_thread_blocked, id=2528, stack(0x00000054e7000000,0x00000054e7100000)]
  0x0000020380501aa0 JavaThread "File watcher consumer" daemon [_thread_blocked, id=22256, stack(0x00000054e7100000,0x00000054e7200000)]
  0x0000020380501590 JavaThread "Cache worker for checksums cache (C:\Users\LT053\Desktop\SOCIAL-LOGIN-APP\myapp\android\.gradle\8.0.1\checksums)" [_thread_blocked, id=6072, stack(0x00000054e7200000,0x00000054e7300000)]
  0x00000203805033f0 JavaThread "Cache worker for cache directory md-rule (C:\Users\LT053\.gradle\caches\8.0.1\md-rule)" [_thread_blocked, id=3584, stack(0x00000054e7300000,0x00000054e7400000)]
  0x0000020381c2a2b0 JavaThread "Cache worker for file content cache (C:\Users\LT053\.gradle\caches\8.0.1\fileContent)" [_thread_blocked, id=8356, stack(0x00000054e7400000,0x00000054e7500000)]
  0x0000020381c2c110 JavaThread "Cache worker for file hash cache (C:\Users\LT053\Desktop\SOCIAL-LOGIN-APP\myapp\android\.gradle\8.0.1\fileHashes)" [_thread_blocked, id=2848, stack(0x00000054e7500000,0x00000054e7600000)]
  0x0000020381c2e480 JavaThread "Cache worker for cache directory md-supplier (C:\Users\LT053\.gradle\caches\8.0.1\md-supplier)" [_thread_blocked, id=10756, stack(0x00000054e7600000,0x00000054e7700000)]
  0x0000020381c2cb30 JavaThread "Cache worker for execution history cache (C:\Users\LT053\.gradle\caches\8.0.1\executionHistory)" [_thread_blocked, id=22400, stack(0x00000054e7800000,0x00000054e7900000)]
  0x0000020381c2d040 JavaThread "jar transforms" [_thread_blocked, id=13292, stack(0x00000054e7900000,0x00000054e7a00000)]
  0x0000020381c29da0 JavaThread "Cache worker for kotlin-dsl (C:\Users\LT053\.gradle\caches\8.0.1\kotlin-dsl)" [_thread_blocked, id=17876, stack(0x00000054e7a00000,0x00000054e7b00000)]
  0x0000020381c2e990 JavaThread "jar transforms Thread 2" [_thread_blocked, id=9980, stack(0x00000054e7b00000,0x00000054e7c00000)]
  0x0000020381c2bc00 JavaThread "Unconstrained build operations" [_thread_blocked, id=3424, stack(0x00000054e7c00000,0x00000054e7d00000)]
  0x0000020381c2df70 JavaThread "Unconstrained build operations Thread 2" [_thread_blocked, id=19308, stack(0x00000054e7d00000,0x00000054e7e00000)]
  0x0000020381c2eea0 JavaThread "jar transforms Thread 3" [_thread_blocked, id=6100, stack(0x00000054e7e00000,0x00000054e7f00000)]
  0x0000020381c31720 JavaThread "jar transforms Thread 4" [_thread_blocked, id=23900, stack(0x00000054e7f00000,0x00000054e8000000)]
  0x0000020381c307f0 JavaThread "jar transforms Thread 5" [_thread_blocked, id=19452, stack(0x00000054e8000000,0x00000054e8100000)]
  0x0000020381c2acd0 JavaThread "Cache worker for dependencies-accessors (C:\Users\LT053\Desktop\SOCIAL-LOGIN-APP\myapp\android\.gradle\8.0.1\dependencies-accessors)" [_thread_blocked, id=10932, stack(0x00000054e8100000,0x00000054e8200000)]
  0x0000020381c2fdd0 JavaThread "Cache worker for Build Output Cleanup Cache (C:\Users\LT053\Desktop\SOCIAL-LOGIN-APP\myapp\node_modules\@react-native\gradle-plugin\.gradle\buildOutputCleanup)" [_thread_blocked, id=16552, stack(0x00000054e8200000,0x00000054e8300000)]
  0x0000020381c2d550 JavaThread "jar transforms Thread 6" [_thread_blocked, id=21684, stack(0x00000054e8300000,0x00000054e8400000)]
  0x0000020381c2c620 JavaThread "Unconstrained build operations Thread 3" [_thread_blocked, id=20208, stack(0x00000054e8400000,0x00000054e8500000)]
  0x0000020381c302e0 JavaThread "Unconstrained build operations Thread 4" [_thread_blocked, id=20560, stack(0x00000054e8500000,0x00000054e8600000)]
  0x0000020381c30d00 JavaThread "Unconstrained build operations Thread 5" [_thread_blocked, id=16480, stack(0x00000054e8600000,0x00000054e8700000)]
  0x0000020381c2b1e0 JavaThread "Unconstrained build operations Thread 6" [_thread_blocked, id=17340, stack(0x00000054e8700000,0x00000054e8800000)]
  0x0000020381c31210 JavaThread "Unconstrained build operations Thread 7" [_thread_blocked, id=7508, stack(0x00000054e8800000,0x00000054e8900000)]
  0x00000203822398f0 JavaThread "Unconstrained build operations Thread 8" [_thread_blocked, id=5564, stack(0x00000054e8900000,0x00000054e8a00000)]
  0x0000020382239e00 JavaThread "Unconstrained build operations Thread 9" [_thread_blocked, id=19712, stack(0x00000054e8a00000,0x00000054e8b00000)]
  0x00000203822347f0 JavaThread "Unconstrained build operations Thread 10" [_thread_blocked, id=17404, stack(0x00000054e8b00000,0x00000054e8c00000)]
  0x00000203822389c0 JavaThread "Unconstrained build operations Thread 11" [_thread_blocked, id=7248, stack(0x00000054e8c00000,0x00000054e8d00000)]
  0x0000020382238ed0 JavaThread "Unconstrained build operations Thread 12" [_thread_blocked, id=16900, stack(0x00000054e8d00000,0x00000054e8e00000)]
  0x0000020382234d00 JavaThread "Unconstrained build operations Thread 13" [_thread_blocked, id=23660, stack(0x00000054e8e00000,0x00000054e8f00000)]
  0x000002038223b240 JavaThread "Unconstrained build operations Thread 14" [_thread_blocked, id=16576, stack(0x00000054e8f00000,0x00000054e9000000)]
  0x000002038223a310 JavaThread "Unconstrained build operations Thread 15" [_thread_blocked, id=15496, stack(0x00000054e9000000,0x00000054e9100000)]
  0x00000203822393e0 JavaThread "Unconstrained build operations Thread 16" [_thread_blocked, id=17768, stack(0x00000054e9100000,0x00000054e9200000)]
  0x0000020382236140 JavaThread "Unconstrained build operations Thread 17" [_thread_blocked, id=11448, stack(0x00000054e9200000,0x00000054e9300000)]
  0x0000020382233dd0 JavaThread "Unconstrained build operations Thread 18" [_thread_blocked, id=19420, stack(0x00000054e9300000,0x00000054e9400000)]
  0x000002038223ad30 JavaThread "Unconstrained build operations Thread 19" [_thread_blocked, id=16752, stack(0x00000054e9400000,0x00000054e9500000)]
  0x0000020382236650 JavaThread "Unconstrained build operations Thread 20" [_thread_blocked, id=8000, stack(0x00000054e9500000,0x00000054e9600000)]
  0x000002038223a820 JavaThread "Unconstrained build operations Thread 21" [_thread_blocked, id=13712, stack(0x00000054e9600000,0x00000054e9700000)]
  0x0000020382235c30 JavaThread "Unconstrained build operations Thread 22" [_thread_blocked, id=23020, stack(0x00000054e9700000,0x00000054e9800000)]
  0x0000020382236b60 JavaThread "jar transforms Thread 7" [_thread_blocked, id=4732, stack(0x00000054e9800000,0x00000054e9900000)]
  0x000002038223b750 JavaThread "jar transforms Thread 8" [_thread_blocked, id=13448, stack(0x00000054e9900000,0x00000054e9a00000)]
  0x00000203822342e0 JavaThread "build event listener" [_thread_blocked, id=20128, stack(0x00000054e9b00000,0x00000054e9c00000)]
  0x0000020382237580 JavaThread "Memory manager" [_thread_blocked, id=5568, stack(0x00000054e9a00000,0x00000054e9b00000)]

Other Threads:
=>0x00000203de7e7140 VMThread "VM Thread" [stack: 0x00000054e4e00000,0x00000054e4f00000] [id=22224]
  0x00000203c06872c0 WatcherThread [stack: 0x00000054e5a00000,0x00000054e5b00000] [id=2964]
  0x00000203c0664540 GCTaskThread "GC Thread#0" [stack: 0x00000054e4900000,0x00000054e4a00000] [id=13812]
  0x00000203fe6e30a0 GCTaskThread "GC Thread#1" [stack: 0x00000054e5c00000,0x00000054e5d00000] [id=1708]
  0x00000203fe16b080 GCTaskThread "GC Thread#2" [stack: 0x00000054e5d00000,0x00000054e5e00000] [id=9592]
  0x00000203ff4fcba0 GCTaskThread "GC Thread#3" [stack: 0x00000054e5e00000,0x00000054e5f00000] [id=1276]
  0x00000203dec16c70 GCTaskThread "GC Thread#4" [stack: 0x00000054e5f00000,0x00000054e6000000] [id=12780]
  0x0000020380dd05b0 GCTaskThread "GC Thread#5" [stack: 0x00000054e6d00000,0x00000054e6e00000] [id=11488]
  0x0000020380dd0030 GCTaskThread "GC Thread#6" [stack: 0x00000054e6e00000,0x00000054e6f00000] [id=22556]
  0x0000020380dcf270 GCTaskThread "GC Thread#7" [stack: 0x00000054e6f00000,0x00000054e7000000] [id=10332]
  0x00000203c06753a0 ConcurrentGCThread "G1 Main Marker" [stack: 0x00000054e4a00000,0x00000054e4b00000] [id=11004]
  0x00000203c0677470 ConcurrentGCThread "G1 Conc#0" [stack: 0x00000054e4b00000,0x00000054e4c00000] [id=11252]
  0x0000020380dcf7f0 ConcurrentGCThread "G1 Conc#1" [stack: 0x00000054e7700000,0x00000054e7800000] [id=1496]
  0x00000203c06cd540 ConcurrentGCThread "G1 Refine#0" [stack: 0x00000054e4c00000,0x00000054e4d00000] [id=21252]
  0x000002038184deb0 ConcurrentGCThread "G1 Refine#1" [stack: 0x00000054e9d00000,0x00000054e9e00000] [id=14204]
  0x0000020381850db0 ConcurrentGCThread "G1 Refine#2" [stack: 0x00000054e9e00000,0x00000054e9f00000] [id=23816]
  0x00000203818501f0 ConcurrentGCThread "G1 Refine#3" [stack: 0x00000054e9f00000,0x00000054ea000000] [id=22520]
  0x00000203818510a0 ConcurrentGCThread "G1 Refine#4" [stack: 0x00000054ea000000,0x00000054ea100000] [id=22128]
  0x000002038184ed60 ConcurrentGCThread "G1 Refine#5" [stack: 0x00000054ea100000,0x00000054ea200000] [id=20100]
  0x00000203c06cde80 ConcurrentGCThread "G1 Service" [stack: 0x00000054e4d00000,0x00000054e4e00000] [id=20932]

Threads with active compile tasks:
C2 CompilerThread0    18839 7663       4       java.lang.Class::privateGetDeclaredMethods (64 bytes)

VM state: at safepoint (normal execution)

VM Mutex/Monitor currently owned by a thread:  ([mutex/lock_event])
[0x00000203c0604db0] Threads_lock - owner thread: 0x00000203de7e7140
[0x00000203c0604030] Heap_lock - owner thread: 0x0000020380504320

Heap address: 0x0000000080000000, size: 2048 MB, Compressed Oops mode: 32-bit

CDS archive(s) mapped at: [0x00000203df000000-0x00000203dfbd0000-0x00000203dfbd0000), size 12386304, SharedBaseAddress: 0x00000203df000000, ArchiveRelocationMode: 1.
Compressed class space mapped at: 0x00000203e0000000-0x00000203fa000000, reserved size: 436207616
Narrow klass base: 0x00000203df000000, Narrow klass shift: 0, Narrow klass range: 0x100000000

GC Precious Log:
 CPUs: 8 total, 8 available
 Memory: 7952M
 Large Page Support: Disabled
 NUMA Support: Disabled
 Compressed Oops: Enabled (32-bit)
 Heap Region Size: 1M
 Heap Min Capacity: 8M
 Heap Initial Capacity: 126M
 Heap Max Capacity: 2G
 Pre-touch: Disabled
 Parallel Workers: 8
 Concurrent Workers: 2
 Concurrent Refinement Workers: 8
 Periodic GC: Disabled

Heap:
 garbage-first heap   total 131072K, used 86259K [0x0000000080000000, 0x0000000100000000)
  region size 1024K, 3 young (3072K), 3 survivors (3072K)
 Metaspace       used 77572K, committed 78336K, reserved 557056K
  class space    used 10948K, committed 11264K, reserved 425984K

Heap Regions: E=young(eden), S=young(survivor), O=old, HS=humongous(starts), HC=humongous(continues), CS=collection set, F=free, OA=open archive, CA=closed archive, TAMS=top-at-mark-start (previous, next)
|   0|0x0000000080000000, 0x0000000080100000, 0x0000000080100000|100%|HS|  |TAMS 0x0000000080100000, 0x0000000080000000| Complete 
|   1|0x0000000080100000, 0x0000000080200000, 0x0000000080200000|100%|HC|  |TAMS 0x0000000080200000, 0x0000000080100000| Complete 
|   2|0x0000000080200000, 0x0000000080300000, 0x0000000080300000|100%|HC|  |TAMS 0x0000000080300000, 0x0000000080200000| Complete 
|   3|0x0000000080300000, 0x0000000080400000, 0x0000000080400000|100%|HC|  |TAMS 0x0000000080400000, 0x0000000080300000| Complete 
|   4|0x0000000080400000, 0x0000000080500000, 0x0000000080500000|100%| O|  |TAMS 0x0000000080500000, 0x0000000080400000| Untracked 
|   5|0x0000000080500000, 0x0000000080600000, 0x0000000080600000|100%| O|  |TAMS 0x0000000080600000, 0x0000000080500000| Untracked 
|   6|0x0000000080600000, 0x0000000080700000, 0x0000000080700000|100%| O|  |TAMS 0x0000000080700000, 0x0000000080600000| Untracked 
|   7|0x0000000080700000, 0x0000000080800000, 0x0000000080800000|100%| O|  |TAMS 0x0000000080800000, 0x0000000080700000| Untracked 
|   8|0x0000000080800000, 0x0000000080900000, 0x0000000080900000|100%| O|  |TAMS 0x0000000080900000, 0x0000000080800000| Untracked 
|   9|0x0000000080900000, 0x0000000080a00000, 0x0000000080a00000|100%| O|  |TAMS 0x0000000080a00000, 0x0000000080900000| Untracked 
|  10|0x0000000080a00000, 0x0000000080b00000, 0x0000000080b00000|100%| O|  |TAMS 0x0000000080b00000, 0x0000000080a00000| Untracked 
|  11|0x0000000080b00000, 0x0000000080c00000, 0x0000000080c00000|100%| O|  |TAMS 0x0000000080c00000, 0x0000000080b00000| Untracked 
|  12|0x0000000080c00000, 0x0000000080d00000, 0x0000000080d00000|100%| O|  |TAMS 0x0000000080d00000, 0x0000000080c00000| Untracked 
|  13|0x0000000080d00000, 0x0000000080e00000, 0x0000000080e00000|100%| O|  |TAMS 0x0000000080e00000, 0x0000000080d00000| Untracked 
|  14|0x0000000080e00000, 0x0000000080f00000, 0x0000000080f00000|100%| O|  |TAMS 0x0000000080f00000, 0x0000000080e00000| Untracked 
|  15|0x0000000080f00000, 0x0000000081000000, 0x0000000081000000|100%| O|  |TAMS 0x0000000081000000, 0x0000000080f00000| Untracked 
|  16|0x0000000081000000, 0x0000000081100000, 0x0000000081100000|100%| O|  |TAMS 0x0000000081100000, 0x0000000081000000| Untracked 
|  17|0x0000000081100000, 0x0000000081200000, 0x0000000081200000|100%| O|  |TAMS 0x0000000081200000, 0x0000000081100000| Untracked 
|  18|0x0000000081200000, 0x0000000081300000, 0x0000000081300000|100%| O|  |TAMS 0x0000000081300000, 0x0000000081200000| Untracked 
|  19|0x0000000081300000, 0x0000000081400000, 0x0000000081400000|100%| O|  |TAMS 0x0000000081400000, 0x0000000081300000| Untracked 
|  20|0x0000000081400000, 0x0000000081500000, 0x0000000081500000|100%| O|  |TAMS 0x0000000081400000, 0x0000000081400000| Untracked 
|  21|0x0000000081500000, 0x0000000081600000, 0x0000000081600000|100%| O|  |TAMS 0x0000000081600000, 0x0000000081500000| Untracked 
|  22|0x0000000081600000, 0x0000000081700000, 0x0000000081700000|100%| O|  |TAMS 0x0000000081600000, 0x0000000081600000| Untracked 
|  23|0x0000000081700000, 0x0000000081800000, 0x0000000081800000|100%| O|  |TAMS 0x0000000081800000, 0x0000000081700000| Untracked 
|  24|0x0000000081800000, 0x0000000081900000, 0x0000000081900000|100%| O|  |TAMS 0x0000000081900000, 0x0000000081800000| Untracked 
|  25|0x0000000081900000, 0x0000000081a00000, 0x0000000081a00000|100%| O|  |TAMS 0x0000000081a00000, 0x0000000081900000| Untracked 
|  26|0x0000000081a00000, 0x0000000081b00000, 0x0000000081b00000|100%| O|  |TAMS 0x0000000081b00000, 0x0000000081a00000| Untracked 
|  27|0x0000000081b00000, 0x0000000081c00000, 0x0000000081c00000|100%| O|  |TAMS 0x0000000081c00000, 0x0000000081b00000| Untracked 
|  28|0x0000000081c00000, 0x0000000081d00000, 0x0000000081d00000|100%|HS|  |TAMS 0x0000000081d00000, 0x0000000081c00000| Complete 
|  29|0x0000000081d00000, 0x0000000081e00000, 0x0000000081e00000|100%|HC|  |TAMS 0x0000000081e00000, 0x0000000081d00000| Complete 
|  30|0x0000000081e00000, 0x0000000081f00000, 0x0000000081f00000|100%| O|  |TAMS 0x0000000081f00000, 0x0000000081e00000| Untracked 
|  31|0x0000000081f00000, 0x0000000082000000, 0x0000000082000000|100%| O|  |TAMS 0x0000000082000000, 0x0000000081f00000| Untracked 
|  32|0x0000000082000000, 0x0000000082100000, 0x0000000082100000|100%| O|  |TAMS 0x0000000082100000, 0x0000000082000000| Untracked 
|  33|0x0000000082100000, 0x0000000082200000, 0x0000000082200000|100%| O|  |TAMS 0x0000000082200000, 0x0000000082100000| Untracked 
|  34|0x0000000082200000, 0x0000000082300000, 0x0000000082300000|100%| O|  |TAMS 0x0000000082300000, 0x0000000082200000| Untracked 
|  35|0x0000000082300000, 0x0000000082400000, 0x0000000082400000|100%| O|  |TAMS 0x0000000082400000, 0x0000000082300000| Untracked 
|  36|0x0000000082400000, 0x0000000082500000, 0x0000000082500000|100%| O|  |TAMS 0x0000000082500000, 0x0000000082400000| Untracked 
|  37|0x0000000082500000, 0x0000000082600000, 0x0000000082600000|100%| O|  |TAMS 0x0000000082600000, 0x0000000082500000| Untracked 
|  38|0x0000000082600000, 0x0000000082700000, 0x0000000082700000|100%|HS|  |TAMS 0x0000000082700000, 0x0000000082600000| Complete 
|  39|0x0000000082700000, 0x0000000082800000, 0x0000000082800000|100%|HC|  |TAMS 0x0000000082800000, 0x0000000082700000| Complete 
|  40|0x0000000082800000, 0x0000000082900000, 0x0000000082900000|100%|HC|  |TAMS 0x0000000082900000, 0x0000000082800000| Complete 
|  41|0x0000000082900000, 0x0000000082a00000, 0x0000000082a00000|100%| O|  |TAMS 0x0000000082a00000, 0x0000000082900000| Untracked 
|  42|0x0000000082a00000, 0x0000000082b00000, 0x0000000082b00000|100%| O|  |TAMS 0x0000000082b00000, 0x0000000082a00000| Untracked 
|  43|0x0000000082b00000, 0x0000000082c00000, 0x0000000082c00000|100%| O|  |TAMS 0x0000000082c00000, 0x0000000082b00000| Untracked 
|  44|0x0000000082c00000, 0x0000000082d00000, 0x0000000082d00000|100%| O|  |TAMS 0x0000000082d00000, 0x0000000082c00000| Untracked 
|  45|0x0000000082d00000, 0x0000000082e00000, 0x0000000082e00000|100%| O|  |TAMS 0x0000000082d39a00, 0x0000000082d00000| Untracked 
|  46|0x0000000082e00000, 0x0000000082f00000, 0x0000000082f00000|100%| O|  |TAMS 0x0000000082e00000, 0x0000000082e00000| Untracked 
|  47|0x0000000082f00000, 0x0000000083000000, 0x0000000083000000|100%| O|  |TAMS 0x0000000082f00000, 0x0000000082f00000| Untracked 
|  48|0x0000000083000000, 0x0000000083100000, 0x0000000083100000|100%|HS|  |TAMS 0x0000000083000000, 0x0000000083000000| Complete 
|  49|0x0000000083100000, 0x0000000083200000, 0x0000000083200000|100%|HC|  |TAMS 0x0000000083100000, 0x0000000083100000| Complete 
|  50|0x0000000083200000, 0x0000000083300000, 0x0000000083300000|100%|HC|  |TAMS 0x0000000083200000, 0x0000000083200000| Complete 
|  51|0x0000000083300000, 0x0000000083400000, 0x0000000083400000|100%|HC|  |TAMS 0x0000000083300000, 0x0000000083300000| Complete 
|  52|0x0000000083400000, 0x0000000083500000, 0x0000000083500000|100%| O|  |TAMS 0x0000000083400000, 0x0000000083400000| Untracked 
|  53|0x0000000083500000, 0x0000000083600000, 0x0000000083600000|100%| O|  |TAMS 0x0000000083500000, 0x0000000083500000| Untracked 
|  54|0x0000000083600000, 0x0000000083700000, 0x0000000083700000|100%| O|  |TAMS 0x0000000083600000, 0x0000000083600000| Untracked 
|  55|0x0000000083700000, 0x0000000083800000, 0x0000000083800000|100%| O|  |TAMS 0x0000000083700000, 0x0000000083700000| Untracked 
|  56|0x0000000083800000, 0x0000000083900000, 0x0000000083900000|100%| O|  |TAMS 0x0000000083800000, 0x0000000083800000| Untracked 
|  57|0x0000000083900000, 0x0000000083a00000, 0x0000000083a00000|100%| O|  |TAMS 0x0000000083900000, 0x0000000083900000| Untracked 
|  58|0x0000000083a00000, 0x0000000083b00000, 0x0000000083b00000|100%| O|  |TAMS 0x0000000083a00000, 0x0000000083a00000| Untracked 
|  59|0x0000000083b00000, 0x0000000083c00000, 0x0000000083c00000|100%| O|  |TAMS 0x0000000083b00000, 0x0000000083b00000| Untracked 
|  60|0x0000000083c00000, 0x0000000083d00000, 0x0000000083d00000|100%| O|  |TAMS 0x0000000083c00000, 0x0000000083c00000| Untracked 
|  61|0x0000000083d00000, 0x0000000083e00000, 0x0000000083e00000|100%| O|  |TAMS 0x0000000083d00000, 0x0000000083d00000| Untracked 
|  62|0x0000000083e00000, 0x0000000083f00000, 0x0000000083f00000|100%| O|  |TAMS 0x0000000083e00000, 0x0000000083e00000| Untracked 
|  63|0x0000000083f00000, 0x0000000084000000, 0x0000000084000000|100%| O|  |TAMS 0x0000000083f00000, 0x0000000083f00000| Untracked 
|  64|0x0000000084000000, 0x0000000084100000, 0x0000000084100000|100%| O|  |TAMS 0x0000000084000000, 0x0000000084000000| Untracked 
|  65|0x0000000084100000, 0x0000000084200000, 0x0000000084200000|100%| O|  |TAMS 0x0000000084100000, 0x0000000084100000| Untracked 
|  66|0x0000000084200000, 0x0000000084300000, 0x0000000084300000|100%| O|  |TAMS 0x0000000084200000, 0x0000000084200000| Untracked 
|  67|0x0000000084300000, 0x0000000084400000, 0x0000000084400000|100%| O|  |TAMS 0x0000000084300000, 0x0000000084300000| Untracked 
|  68|0x0000000084400000, 0x0000000084500000, 0x0000000084500000|100%|HS|  |TAMS 0x0000000084400000, 0x0000000084400000| Complete 
|  69|0x0000000084500000, 0x0000000084600000, 0x0000000084600000|100%|HC|  |TAMS 0x0000000084500000, 0x0000000084500000| Complete 
|  70|0x0000000084600000, 0x0000000084700000, 0x0000000084700000|100%|HC|  |TAMS 0x0000000084600000, 0x0000000084600000| Complete 
|  71|0x0000000084700000, 0x0000000084800000, 0x0000000084800000|100%|HC|  |TAMS 0x0000000084700000, 0x0000000084700000| Complete 
|  72|0x0000000084800000, 0x0000000084900000, 0x0000000084900000|100%|HC|  |TAMS 0x0000000084800000, 0x0000000084800000| Complete 
|  73|0x0000000084900000, 0x0000000084a00000, 0x0000000084a00000|100%|HC|  |TAMS 0x0000000084900000, 0x0000000084900000| Complete 
|  74|0x0000000084a00000, 0x0000000084b00000, 0x0000000084b00000|100%| O|  |TAMS 0x0000000084a00000, 0x0000000084a00000| Untracked 
|  75|0x0000000084b00000, 0x0000000084c00000, 0x0000000084c00000|100%| O|  |TAMS 0x0000000084b00000, 0x0000000084b00000| Untracked 
|  76|0x0000000084c00000, 0x0000000084d00000, 0x0000000084d00000|100%| O|  |TAMS 0x0000000084c00000, 0x0000000084c00000| Untracked 
|  77|0x0000000084d00000, 0x0000000084e00000, 0x0000000084e00000|100%| O|  |TAMS 0x0000000084d00000, 0x0000000084d00000| Untracked 
|  78|0x0000000084e00000, 0x0000000084f00000, 0x0000000084f00000|100%| O|  |TAMS 0x0000000084e00000, 0x0000000084e00000| Untracked 
|  79|0x0000000084f00000, 0x0000000085000000, 0x0000000085000000|100%| O|  |TAMS 0x0000000084f00000, 0x0000000084f00000| Untracked 
|  80|0x0000000085000000, 0x0000000085100000, 0x0000000085100000|100%| O|  |TAMS 0x0000000085000000, 0x0000000085000000| Untracked 
|  81|0x0000000085100000, 0x0000000085200000, 0x0000000085200000|100%| O|  |TAMS 0x0000000085100000, 0x0000000085100000| Untracked 
|  82|0x0000000085200000, 0x0000000085200000, 0x0000000085300000|  0%| F|  |TAMS 0x0000000085200000, 0x0000000085200000| Untracked 
|  83|0x0000000085300000, 0x0000000085300000, 0x0000000085400000|  0%| F|  |TAMS 0x0000000085300000, 0x0000000085300000| Untracked 
|  84|0x0000000085400000, 0x0000000085400000, 0x0000000085500000|  0%| F|  |TAMS 0x0000000085400000, 0x0000000085400000| Untracked 
|  85|0x0000000085500000, 0x0000000085500000, 0x0000000085600000|  0%| F|  |TAMS 0x0000000085500000, 0x0000000085500000| Untracked 
|  86|0x0000000085600000, 0x0000000085600000, 0x0000000085700000|  0%| F|  |TAMS 0x0000000085600000, 0x0000000085600000| Untracked 
|  87|0x0000000085700000, 0x0000000085700000, 0x0000000085800000|  0%| F|  |TAMS 0x0000000085700000, 0x0000000085700000| Untracked 
|  88|0x0000000085800000, 0x0000000085800000, 0x0000000085900000|  0%| F|  |TAMS 0x0000000085800000, 0x0000000085800000| Untracked 
|  89|0x0000000085900000, 0x0000000085900000, 0x0000000085a00000|  0%| F|  |TAMS 0x0000000085900000, 0x0000000085900000| Untracked 
|  90|0x0000000085a00000, 0x0000000085a00000, 0x0000000085b00000|  0%| F|  |TAMS 0x0000000085a00000, 0x0000000085a00000| Untracked 
|  91|0x0000000085b00000, 0x0000000085b00000, 0x0000000085c00000|  0%| F|  |TAMS 0x0000000085b00000, 0x0000000085b00000| Untracked 
|  92|0x0000000085c00000, 0x0000000085c00000, 0x0000000085d00000|  0%| F|  |TAMS 0x0000000085c00000, 0x0000000085c00000| Untracked 
|  93|0x0000000085d00000, 0x0000000085d00000, 0x0000000085e00000|  0%| F|  |TAMS 0x0000000085d00000, 0x0000000085d00000| Untracked 
|  94|0x0000000085e00000, 0x0000000085e00000, 0x0000000085f00000|  0%| F|  |TAMS 0x0000000085e00000, 0x0000000085e00000| Untracked 
|  95|0x0000000085f00000, 0x0000000085f00000, 0x0000000086000000|  0%| F|  |TAMS 0x0000000085f00000, 0x0000000085f00000| Untracked 
|  96|0x0000000086000000, 0x0000000086000000, 0x0000000086100000|  0%| F|  |TAMS 0x0000000086000000, 0x0000000086000000| Untracked 
|  97|0x0000000086100000, 0x0000000086100000, 0x0000000086200000|  0%| F|  |TAMS 0x0000000086100000, 0x0000000086100000| Untracked 
|  98|0x0000000086200000, 0x0000000086200000, 0x0000000086300000|  0%| F|  |TAMS 0x0000000086200000, 0x0000000086200000| Untracked 
|  99|0x0000000086300000, 0x0000000086300000, 0x0000000086400000|  0%| F|  |TAMS 0x0000000086300000, 0x0000000086300000| Untracked 
| 100|0x0000000086400000, 0x0000000086400000, 0x0000000086500000|  0%| F|  |TAMS 0x0000000086400000, 0x0000000086400000| Untracked 
| 101|0x0000000086500000, 0x0000000086500000, 0x0000000086600000|  0%| F|  |TAMS 0x0000000086500000, 0x0000000086500000| Untracked 
| 102|0x0000000086600000, 0x0000000086600000, 0x0000000086700000|  0%| F|  |TAMS 0x0000000086600000, 0x0000000086600000| Untracked 
| 103|0x0000000086700000, 0x0000000086700000, 0x0000000086800000|  0%| F|  |TAMS 0x0000000086700000, 0x0000000086700000| Untracked 
| 104|0x0000000086800000, 0x000000008683ce70, 0x0000000086900000| 23%| S|CS|TAMS 0x0000000086800000, 0x0000000086800000| Complete 
| 105|0x0000000086900000, 0x0000000086a00000, 0x0000000086a00000|100%| S|CS|TAMS 0x0000000086900000, 0x0000000086900000| Complete 
| 106|0x0000000086a00000, 0x0000000086b00000, 0x0000000086b00000|100%| S|CS|TAMS 0x0000000086a00000, 0x0000000086a00000| Complete 
| 107|0x0000000086b00000, 0x0000000086b00000, 0x0000000086c00000|  0%| F|  |TAMS 0x0000000086b00000, 0x0000000086b00000| Untracked 
| 108|0x0000000086c00000, 0x0000000086c00000, 0x0000000086d00000|  0%| F|  |TAMS 0x0000000086c00000, 0x0000000086c00000| Untracked 
| 109|0x0000000086d00000, 0x0000000086d00000, 0x0000000086e00000|  0%| F|  |TAMS 0x0000000086d00000, 0x0000000086d00000| Untracked 
| 110|0x0000000086e00000, 0x0000000086e00000, 0x0000000086f00000|  0%| F|  |TAMS 0x0000000086e00000, 0x0000000086e00000| Untracked 
| 111|0x0000000086f00000, 0x0000000086f00000, 0x0000000087000000|  0%| F|  |TAMS 0x0000000086f00000, 0x0000000086f00000| Untracked 
| 112|0x0000000087000000, 0x0000000087000000, 0x0000000087100000|  0%| F|  |TAMS 0x0000000087000000, 0x0000000087000000| Untracked 
| 113|0x0000000087100000, 0x0000000087100000, 0x0000000087200000|  0%| F|  |TAMS 0x0000000087100000, 0x0000000087100000| Untracked 
| 114|0x0000000087200000, 0x0000000087200000, 0x0000000087300000|  0%| F|  |TAMS 0x0000000087200000, 0x0000000087200000| Untracked 
| 115|0x0000000087300000, 0x0000000087300000, 0x0000000087400000|  0%| F|  |TAMS 0x0000000087300000, 0x0000000087300000| Untracked 
| 116|0x0000000087400000, 0x0000000087400000, 0x0000000087500000|  0%| F|  |TAMS 0x0000000087400000, 0x0000000087400000| Untracked 
| 117|0x0000000087500000, 0x0000000087500000, 0x0000000087600000|  0%| F|  |TAMS 0x0000000087500000, 0x0000000087500000| Untracked 
| 118|0x0000000087600000, 0x0000000087600000, 0x0000000087700000|  0%| F|  |TAMS 0x0000000087600000, 0x0000000087600000| Untracked 
| 119|0x0000000087700000, 0x0000000087700000, 0x0000000087800000|  0%| F|  |TAMS 0x0000000087700000, 0x0000000087700000| Untracked 
| 120|0x0000000087800000, 0x0000000087800000, 0x0000000087900000|  0%| F|  |TAMS 0x0000000087800000, 0x0000000087800000| Untracked 
| 121|0x0000000087900000, 0x0000000087900000, 0x0000000087a00000|  0%| F|  |TAMS 0x0000000087900000, 0x0000000087900000| Untracked 
| 122|0x0000000087a00000, 0x0000000087a00000, 0x0000000087b00000|  0%| F|  |TAMS 0x0000000087a00000, 0x0000000087a00000| Untracked 
| 123|0x0000000087b00000, 0x0000000087b00000, 0x0000000087c00000|  0%| F|  |TAMS 0x0000000087b00000, 0x0000000087b00000| Untracked 
| 124|0x0000000087c00000, 0x0000000087c00000, 0x0000000087d00000|  0%| F|  |TAMS 0x0000000087c00000, 0x0000000087c00000| Untracked 
| 125|0x0000000087d00000, 0x0000000087d00000, 0x0000000087e00000|  0%| F|  |TAMS 0x0000000087d00000, 0x0000000087d00000| Untracked 
| 126|0x0000000087e00000, 0x0000000087e00000, 0x0000000087f00000|  0%| F|  |TAMS 0x0000000087e00000, 0x0000000087e00000| Untracked 
| 127|0x0000000087f00000, 0x0000000087f00000, 0x0000000088000000|  0%| F|  |TAMS 0x0000000087f00000, 0x0000000087f00000| Untracked 

Card table byte_map: [0x00000203d75f0000,0x00000203d79f0000] _byte_map_base: 0x00000203d71f0000

Marking Bits (Prev, Next): (CMBitMap*) 0x00000203c0664a70, (CMBitMap*) 0x00000203c0664ab0
 Prev Bits: [0x00000203d7df0000, 0x00000203d9df0000)
 Next Bits: [0x00000203d9df0000, 0x00000203dbdf0000)

Polling page: 0x00000203be560000

Metaspace:

Usage:
  Non-class:     65.06 MB used.
      Class:     10.69 MB used.
       Both:     75.75 MB used.

Virtual space:
  Non-class space:      128.00 MB reserved,      65.50 MB ( 51%) committed,  2 nodes.
      Class space:      416.00 MB reserved,      11.00 MB (  3%) committed,  1 nodes.
             Both:      544.00 MB reserved,      76.50 MB ( 14%) committed. 

Chunk freelists:
   Non-Class:  14.36 MB
       Class:  5.03 MB
        Both:  19.39 MB

MaxMetaspaceSize: 512.00 MB
CompressedClassSpaceSize: 416.00 MB
Initial GC threshold: 21.00 MB
Current GC threshold: 87.81 MB
CDS: on
MetaspaceReclaimPolicy: balanced
 - commit_granule_bytes: 65536.
 - commit_granule_words: 8192.
 - virtual_space_node_default_size: 8388608.
 - enlarge_chunks_in_place: 1.
 - new_chunks_are_fully_committed: 0.
 - uncommit_free_chunks: 1.
 - use_allocation_guard: 0.
 - handle_deallocations: 1.


Internal statistics:

num_allocs_failed_limit: 6.
num_arena_births: 848.
num_arena_deaths: 0.
num_vsnodes_births: 3.
num_vsnodes_deaths: 0.
num_space_committed: 1223.
num_space_uncommitted: 0.
num_chunks_returned_to_freelist: 6.
num_chunks_taken_from_freelist: 3827.
num_chunk_merges: 6.
num_chunk_splits: 2700.
num_chunks_enlarged: 1980.
num_inconsistent_stats: 0.

CodeHeap 'non-profiled nmethods': size=120000Kb used=3938Kb max_used=3938Kb free=116061Kb
 bounds [0x00000203cf990000, 0x00000203cfd70000, 0x00000203d6ec0000]
CodeHeap 'profiled nmethods': size=120000Kb used=13291Kb max_used=13291Kb free=106708Kb
 bounds [0x00000203c7ec0000, 0x00000203c8bc0000, 0x00000203cf3f0000]
CodeHeap 'non-nmethods': size=5760Kb used=2390Kb max_used=2442Kb free=3369Kb
 bounds [0x00000203cf3f0000, 0x00000203cf660000, 0x00000203cf990000]
 total_blobs=7770 nmethods=6846 adapters=836
 compilation: enabled
              stopped_count=0, restarted_count=0
 full_count=0

Compilation events (20 events):
Event: 18.725 Thread 0x00000203de80d830 nmethod 7656 0x00000203c8bb6e90 code [0x00000203c8bb70a0, 0x00000203c8bb76c8]
Event: 18.730 Thread 0x00000203de80d830 7657       3       org.jetbrains.kotlin.com.intellij.util.containers.MultiMap$$Lambda$1068/0x00000203e0ad8d98::apply (9 bytes)
Event: 18.730 Thread 0x00000203de80d830 nmethod 7657 0x00000203c8bb7990 code [0x00000203c8bb7b40, 0x00000203c8bb7d68]
Event: 18.730 Thread 0x00000203de80d830 7658       3       org.jetbrains.kotlin.com.intellij.util.containers.MultiMap::lambda$putValue$1 (5 bytes)
Event: 18.730 Thread 0x00000203de80d830 nmethod 7658 0x00000203c8bb7e90 code [0x00000203c8bb8040, 0x00000203c8bb8208]
Event: 18.754 Thread 0x00000203de80d830 7659       3       java.lang.reflect.ProxyGenerator::addProxyMethod (33 bytes)
Event: 18.754 Thread 0x00000203de80d830 nmethod 7659 0x00000203c8bb8290 code [0x00000203c8bb8480, 0x00000203c8bb89d8]
Event: 18.754 Thread 0x00000203de80d830 7660       3       java.lang.reflect.ProxyGenerator$$Lambda$16/0x00000203e004d768::apply (8 bytes)
Event: 18.754 Thread 0x00000203de80d830 nmethod 7660 0x00000203c8bb8b90 code [0x00000203c8bb8d40, 0x00000203c8bb9048]
Event: 18.754 Thread 0x00000203de8089b0 7661       4       java.util.LinkedHashMap::keysToArray (38 bytes)
Event: 18.757 Thread 0x00000203de8089b0 nmethod 7661 0x00000203cfd68410 code [0x00000203cfd685a0, 0x00000203cfd68798]
Event: 18.759 Thread 0x00000203de80d830 7662 %     3       java.lang.PublicMethods::toArray @ 25 (76 bytes)
Event: 18.759 Thread 0x00000203de80d830 nmethod 7662% 0x00000203c8bb9190 code [0x00000203c8bb93a0, 0x00000203c8bb9cf8]
Event: 18.761 Thread 0x00000203de8089b0 7663       4       java.lang.Class::privateGetDeclaredMethods (64 bytes)
Event: 18.761 Thread 0x00000203de80d830 7664       3       kotlin.sequences.GeneratorSequence::iterator (12 bytes)
Event: 18.761 Thread 0x00000203de80d830 nmethod 7664 0x00000203c8bb9f90 code [0x00000203c8bba140, 0x00000203c8bba3d8]
Event: 18.761 Thread 0x00000203de80d830 7666       3       org.jetbrains.kotlin.com.intellij.util.containers.CanonicalHashingStrategy::hashCode (5 bytes)
Event: 18.762 Thread 0x00000203de80d830 nmethod 7666 0x00000203c8bba510 code [0x00000203c8bba6c0, 0x00000203c8bba968]
Event: 18.762 Thread 0x00000203de80d830 7665       3       kotlin.sequences.GeneratorSequence$iterator$1::<init> (16 bytes)
Event: 18.762 Thread 0x00000203de80d830 nmethod 7665 0x00000203c8bbaa90 code [0x00000203c8bbac20, 0x00000203c8bbadf8]

GC Heap History (20 events):
Event: 13.870 GC heap after
{Heap after GC invocations=17 (full 0):
 garbage-first heap   total 81920K, used 45313K [0x0000000080000000, 0x0000000100000000)
  region size 1024K, 4 young (4096K), 4 survivors (4096K)
 Metaspace       used 51145K, committed 51776K, reserved 491520K
  class space    used 7131K, committed 7424K, reserved 425984K
}
Event: 13.890 GC heap before
{Heap before GC invocations=17 (full 0):
 garbage-first heap   total 81920K, used 46337K [0x0000000080000000, 0x0000000100000000)
  region size 1024K, 5 young (5120K), 4 survivors (4096K)
 Metaspace       used 51227K, committed 51904K, reserved 491520K
  class space    used 7142K, committed 7424K, reserved 425984K
}
Event: 13.893 GC heap after
{Heap after GC invocations=18 (full 0):
 garbage-first heap   total 81920K, used 45743K [0x0000000080000000, 0x0000000100000000)
  region size 1024K, 1 young (1024K), 1 survivors (1024K)
 Metaspace       used 51227K, committed 51904K, reserved 491520K
  class space    used 7142K, committed 7424K, reserved 425984K
}
Event: 14.470 GC heap before
{Heap before GC invocations=18 (full 0):
 garbage-first heap   total 81920K, used 67247K [0x0000000080000000, 0x0000000100000000)
  region size 1024K, 22 young (22528K), 1 survivors (1024K)
 Metaspace       used 53060K, committed 53760K, reserved 491520K
  class space    used 7400K, committed 7744K, reserved 425984K
}
Event: 14.473 GC heap after
{Heap after GC invocations=19 (full 0):
 garbage-first heap   total 131072K, used 46396K [0x0000000080000000, 0x0000000100000000)
  region size 1024K, 2 young (2048K), 2 survivors (2048K)
 Metaspace       used 53060K, committed 53760K, reserved 491520K
  class space    used 7400K, committed 7744K, reserved 425984K
}
Event: 15.471 GC heap before
{Heap before GC invocations=20 (full 0):
 garbage-first heap   total 131072K, used 95548K [0x0000000080000000, 0x0000000100000000)
  region size 1024K, 50 young (51200K), 2 survivors (2048K)
 Metaspace       used 57203K, committed 57792K, reserved 491520K
  class space    used 8052K, committed 8320K, reserved 425984K
}
Event: 15.476 GC heap after
{Heap after GC invocations=21 (full 0):
 garbage-first heap   total 131072K, used 48382K [0x0000000080000000, 0x0000000100000000)
  region size 1024K, 4 young (4096K), 4 survivors (4096K)
 Metaspace       used 57203K, committed 57792K, reserved 491520K
  class space    used 8052K, committed 8320K, reserved 425984K
}
Event: 15.511 GC heap before
{Heap before GC invocations=21 (full 0):
 garbage-first heap   total 131072K, used 50430K [0x0000000080000000, 0x0000000100000000)
  region size 1024K, 6 young (6144K), 4 survivors (4096K)
 Metaspace       used 57347K, committed 57984K, reserved 491520K
  class space    used 8077K, committed 8384K, reserved 425984K
}
Event: 15.516 GC heap after
{Heap after GC invocations=22 (full 0):
 garbage-first heap   total 131072K, used 48346K [0x0000000080000000, 0x0000000100000000)
  region size 1024K, 1 young (1024K), 1 survivors (1024K)
 Metaspace       used 57347K, committed 57984K, reserved 491520K
  class space    used 8077K, committed 8384K, reserved 425984K
}
Event: 16.464 GC heap before
{Heap before GC invocations=22 (full 0):
 garbage-first heap   total 131072K, used 102618K [0x0000000080000000, 0x0000000100000000)
  region size 1024K, 50 young (51200K), 1 survivors (1024K)
 Metaspace       used 62752K, committed 63424K, reserved 491520K
  class space    used 8751K, committed 9024K, reserved 425984K
}
Event: 16.468 GC heap after
{Heap after GC invocations=23 (full 0):
 garbage-first heap   total 131072K, used 58038K [0x0000000080000000, 0x0000000100000000)
  region size 1024K, 6 young (6144K), 6 survivors (6144K)
 Metaspace       used 62752K, committed 63424K, reserved 491520K
  class space    used 8751K, committed 9024K, reserved 425984K
}
Event: 17.145 GC heap before
{Heap before GC invocations=23 (full 0):
 garbage-first heap   total 131072K, used 101046K [0x0000000080000000, 0x0000000100000000)
  region size 1024K, 48 young (49152K), 6 survivors (6144K)
 Metaspace       used 70377K, committed 71040K, reserved 491520K
  class space    used 10169K, committed 10496K, reserved 425984K
}
Event: 17.148 GC heap after
{Heap after GC invocations=24 (full 0):
 garbage-first heap   total 131072K, used 55507K [0x0000000080000000, 0x0000000100000000)
  region size 1024K, 2 young (2048K), 2 survivors (2048K)
 Metaspace       used 70377K, committed 71040K, reserved 491520K
  class space    used 10169K, committed 10496K, reserved 425984K
}
Event: 17.567 GC heap before
{Heap before GC invocations=24 (full 0):
 garbage-first heap   total 131072K, used 107731K [0x0000000080000000, 0x0000000100000000)
  region size 1024K, 47 young (48128K), 2 survivors (2048K)
 Metaspace       used 71159K, committed 71872K, reserved 491520K
  class space    used 10240K, committed 10560K, reserved 425984K
}
Event: 17.580 GC heap after
{Heap after GC invocations=25 (full 0):
 garbage-first heap   total 131072K, used 68079K [0x0000000080000000, 0x0000000100000000)
  region size 1024K, 6 young (6144K), 6 survivors (6144K)
 Metaspace       used 71159K, committed 71872K, reserved 491520K
  class space    used 10240K, committed 10560K, reserved 425984K
}
Event: 17.996 GC heap before
{Heap before GC invocations=25 (full 0):
 garbage-first heap   total 131072K, used 99823K [0x0000000080000000, 0x0000000100000000)
  region size 1024K, 37 young (37888K), 6 survivors (6144K)
 Metaspace       used 72903K, committed 73600K, reserved 491520K
  class space    used 10444K, committed 10752K, reserved 425984K
}
Event: 18.007 GC heap after
{Heap after GC invocations=26 (full 0):
 garbage-first heap   total 131072K, used 73403K [0x0000000080000000, 0x0000000100000000)
  region size 1024K, 5 young (5120K), 5 survivors (5120K)
 Metaspace       used 72903K, committed 73600K, reserved 491520K
  class space    used 10444K, committed 10752K, reserved 425984K
}
Event: 18.402 GC heap before
{Heap before GC invocations=26 (full 0):
 garbage-first heap   total 131072K, used 108219K [0x0000000080000000, 0x0000000100000000)
  region size 1024K, 33 young (33792K), 5 survivors (5120K)
 Metaspace       used 75549K, committed 76224K, reserved 491520K
  class space    used 10717K, committed 11008K, reserved 425984K
}
Event: 18.409 GC heap after
{Heap after GC invocations=27 (full 0):
 garbage-first heap   total 131072K, used 83923K [0x0000000080000000, 0x0000000100000000)
  region size 1024K, 5 young (5120K), 5 survivors (5120K)
 Metaspace       used 75549K, committed 76224K, reserved 491520K
  class space    used 10717K, committed 11008K, reserved 425984K
}
Event: 18.764 GC heap before
{Heap before GC invocations=27 (full 0):
 garbage-first heap   total 131072K, used 104403K [0x0000000080000000, 0x0000000100000000)
  region size 1024K, 26 young (26624K), 5 survivors (5120K)
 Metaspace       used 77572K, committed 78336K, reserved 557056K
  class space    used 10948K, committed 11264K, reserved 425984K
}

Deoptimization events (20 events):
Event: 18.307 Thread 0x0000020380504320 Uncommon trap: trap_request=0xffffffde fr.pc=0x00000203cfd42eac relative=0x00000000000004cc
Event: 18.307 Thread 0x0000020380504320 Uncommon trap: reason=class_check action=maybe_recompile pc=0x00000203cfd42eac method=org.jetbrains.kotlin.protobuf.CodedInputStream.tryRefillBuffer(I)Z @ 177 c2
Event: 18.307 Thread 0x0000020380504320 DEOPT PACKING pc=0x00000203cfd42eac sp=0x00000054e65f2bb0
Event: 18.307 Thread 0x0000020380504320 DEOPT UNPACKING pc=0x00000203cf4423a3 sp=0x00000054e65f2a98 mode 2
Event: 18.309 Thread 0x0000020380504320 Uncommon trap: trap_request=0xffffffde fr.pc=0x00000203cfd42eac relative=0x00000000000004cc
Event: 18.309 Thread 0x0000020380504320 Uncommon trap: reason=class_check action=maybe_recompile pc=0x00000203cfd42eac method=org.jetbrains.kotlin.protobuf.CodedInputStream.tryRefillBuffer(I)Z @ 177 c2
Event: 18.309 Thread 0x0000020380504320 DEOPT PACKING pc=0x00000203cfd42eac sp=0x00000054e65f2bb0
Event: 18.309 Thread 0x0000020380504320 DEOPT UNPACKING pc=0x00000203cf4423a3 sp=0x00000054e65f2a98 mode 2
Event: 18.313 Thread 0x0000020380504320 Uncommon trap: trap_request=0xffffffde fr.pc=0x00000203cfd42eac relative=0x00000000000004cc
Event: 18.313 Thread 0x0000020380504320 Uncommon trap: reason=class_check action=maybe_recompile pc=0x00000203cfd42eac method=org.jetbrains.kotlin.protobuf.CodedInputStream.tryRefillBuffer(I)Z @ 177 c2
Event: 18.313 Thread 0x0000020380504320 DEOPT PACKING pc=0x00000203cfd42eac sp=0x00000054e65f2bb0
Event: 18.313 Thread 0x0000020380504320 DEOPT UNPACKING pc=0x00000203cf4423a3 sp=0x00000054e65f2a98 mode 2
Event: 18.313 Thread 0x0000020380504320 Uncommon trap: trap_request=0xffffffde fr.pc=0x00000203cfd42eac relative=0x00000000000004cc
Event: 18.313 Thread 0x0000020380504320 Uncommon trap: reason=class_check action=maybe_recompile pc=0x00000203cfd42eac method=org.jetbrains.kotlin.protobuf.CodedInputStream.tryRefillBuffer(I)Z @ 177 c2
Event: 18.313 Thread 0x0000020380504320 DEOPT PACKING pc=0x00000203cfd42eac sp=0x00000054e65f2bb0
Event: 18.313 Thread 0x0000020380504320 DEOPT UNPACKING pc=0x00000203cf4423a3 sp=0x00000054e65f2a98 mode 2
Event: 18.614 Thread 0x0000020380504320 Uncommon trap: trap_request=0xffffff45 fr.pc=0x00000203cfcf1918 relative=0x00000000000000f8
Event: 18.614 Thread 0x0000020380504320 Uncommon trap: reason=unstable_if action=reinterpret pc=0x00000203cfcf1918 method=org.jetbrains.kotlin.com.intellij.util.SmartList.get(I)Ljava/lang/Object; @ 13 c2
Event: 18.614 Thread 0x0000020380504320 DEOPT PACKING pc=0x00000203cfcf1918 sp=0x00000054e65f1540
Event: 18.614 Thread 0x0000020380504320 DEOPT UNPACKING pc=0x00000203cf4423a3 sp=0x00000054e65f14e0 mode 2

Classes unloaded (0 events):
No events

Classes redefined (0 events):
No events

Internal exceptions (20 events):
Event: 15.820 Thread 0x0000020380504320 Exception <a 'java/lang/NoSuchMethodError'{0x0000000087142908}: 'void java.lang.invoke.DirectMethodHandle$Holder.invokeVirtual(java.lang.Object, java.lang.Object)'> (0x0000000087142908) 
thrown [s\open\src\hotspot\share\interpreter\linkResolver.cpp, line 759]
Event: 15.999 Thread 0x0000020380504320 Exception <a 'java/lang/NoSuchMethodError'{0x0000000086bf59a8}: 'int java.lang.invoke.DelegatingMethodHandle$Holder.reinvoke_L(java.lang.Object, java.lang.Object, java.lang.Object, long, int, int)'> (0x0000000086bf59a8) 
thrown [s\open\src\hotspot\share\interpreter\linkResolver.cpp, line 759]
Event: 16.001 Thread 0x0000020380504320 Exception <a 'java/lang/NoSuchMethodError'{0x0000000086a06300}: 'int java.lang.invoke.DelegatingMethodHandle$Holder.reinvoke_L(java.lang.Object, java.lang.Object, java.lang.Object, long, long, long)'> (0x0000000086a06300) 
thrown [s\open\src\hotspot\share\interpreter\linkResolver.cpp, line 759]
Event: 16.002 Thread 0x0000020380504320 Exception <a 'java/lang/NoSuchMethodError'{0x0000000086a169d0}: 'int java.lang.invoke.DelegatingMethodHandle$Holder.reinvoke_L(java.lang.Object, java.lang.Object, java.lang.Object, long, java.lang.Object, java.lang.Object)'> (0x0000000086a169d0) 
thrown [s\open\src\hotspot\share\interpreter\linkResolver.cpp, line 759]
Event: 16.003 Thread 0x0000020380504320 Exception <a 'java/lang/NoSuchMethodError'{0x0000000086a26ee8}: 'void java.lang.invoke.DelegatingMethodHandle$Holder.reinvoke_L(java.lang.Object, java.lang.Object, java.lang.Object, long, java.lang.Object)'> (0x0000000086a26ee8) 
thrown [s\open\src\hotspot\share\interpreter\linkResolver.cpp, line 759]
Event: 16.004 Thread 0x0000020380504320 Exception <a 'java/lang/NoSuchMethodError'{0x0000000086a2fd68}: 'java.lang.Object java.lang.invoke.DirectMethodHandle$Holder.invokeSpecial(java.lang.Object, java.lang.Object, java.lang.Object, java.lang.Object, long)'> (0x0000000086a2fd68) 
thrown [s\open\src\hotspot\share\interpreter\linkResolver.cpp, line 759]
Event: 16.010 Thread 0x0000020380504320 Exception <a 'java/lang/NoSuchMethodError'{0x0000000086a57170}: 'long java.lang.invoke.Invokers$Holder.invoke_MT(java.lang.Object, java.lang.Object, java.lang.Object, java.lang.Object)'> (0x0000000086a57170) 
thrown [s\open\src\hotspot\share\interpreter\linkResolver.cpp, line 759]
Event: 16.011 Thread 0x0000020380504320 Exception <a 'java/lang/NoSuchMethodError'{0x0000000086a607c0}: 'int java.lang.invoke.Invokers$Holder.invoke_MT(java.lang.Object, java.lang.Object, java.lang.Object, java.lang.Object)'> (0x0000000086a607c0) 
thrown [s\open\src\hotspot\share\interpreter\linkResolver.cpp, line 759]
Event: 16.012 Thread 0x0000020380504320 Exception <a 'java/lang/NoSuchMethodError'{0x0000000086a71d58}: 'int java.lang.invoke.DelegatingMethodHandle$Holder.reinvoke_L(java.lang.Object, java.lang.Object, java.lang.Object, long, int)'> (0x0000000086a71d58) 
thrown [s\open\src\hotspot\share\interpreter\linkResolver.cpp, line 759]
Event: 16.014 Thread 0x0000020380504320 Exception <a 'java/lang/NoSuchMethodError'{0x0000000086a868e0}: 'java.lang.Object java.lang.invoke.Invokers$Holder.invokeExact_MT(java.lang.Object, java.lang.Object, long, java.lang.Object)'> (0x0000000086a868e0) 
thrown [s\open\src\hotspot\share\interpreter\linkResolver.cpp, line 759]
Event: 16.185 Thread 0x0000020380504320 Exception <a 'java/lang/NoSuchMethodError'{0x000000008611fd18}: 'java.lang.Object java.lang.invoke.DirectMethodHandle$Holder.invokeStaticInit(java.lang.Object, int)'> (0x000000008611fd18) 
thrown [s\open\src\hotspot\share\interpreter\linkResolver.cpp, line 759]
Event: 16.233 Thread 0x0000020380504320 Exception <a 'java/lang/NoSuchMethodError'{0x0000000085e2c540}: 'long java.lang.invoke.DirectMethodHandle$Holder.invokeStatic(java.lang.Object)'> (0x0000000085e2c540) 
thrown [s\open\src\hotspot\share\interpreter\linkResolver.cpp, line 759]
Event: 16.233 Thread 0x0000020380504320 Exception <a 'java/lang/NoSuchMethodError'{0x0000000085e31678}: 'long java.lang.invoke.DirectMethodHandle$Holder.invokeStaticInit(java.lang.Object)'> (0x0000000085e31678) 
thrown [s\open\src\hotspot\share\interpreter\linkResolver.cpp, line 759]
Event: 16.430 Thread 0x0000020380504320 Implicit null exception at 0x00000203cfb46d0c to 0x00000203cfb46e42
Event: 16.777 Thread 0x0000020380504320 Implicit null exception at 0x00000203cf9e8813 to 0x00000203cf9e8970
Event: 17.116 Thread 0x0000020380504320 Exception <a 'java/lang/NoSuchMethodError'{0x00000000857815c0}: 'int java.lang.invoke.DirectMethodHandle$Holder.invokeSpecial(java.lang.Object, java.lang.Object, int, int)'> (0x00000000857815c0) 
thrown [s\open\src\hotspot\share\interpreter\linkResolver.cpp, line 759]
Event: 17.177 Thread 0x0000020380504320 Exception <a 'java/lang/NoSuchMethodError'{0x0000000087e7ad00}: 'java.lang.Object java.lang.invoke.Invokers$Holder.invoke_MT(java.lang.Object, java.lang.Object, java.lang.Object)'> (0x0000000087e7ad00) 
thrown [s\open\src\hotspot\share\interpreter\linkResolver.cpp, line 759]
Event: 17.451 Thread 0x0000020380504320 Implicit null exception at 0x00000203cfcf2260 to 0x00000203cfcf434c
Event: 17.454 Thread 0x0000020380504320 Implicit null exception at 0x00000203cfcece20 to 0x00000203cfcecedd
Event: 17.487 Thread 0x0000020380504320 Implicit null exception at 0x00000203cfcf7067 to 0x00000203cfcf8524

VM Operations (20 events):
Event: 16.360 Executing VM operation: HandshakeAllThreads done
Event: 16.464 Executing VM operation: G1CollectForAllocation
Event: 16.468 Executing VM operation: G1CollectForAllocation done
Event: 16.517 Executing VM operation: HandshakeAllThreads
Event: 16.517 Executing VM operation: HandshakeAllThreads done
Event: 16.989 Executing VM operation: HandshakeAllThreads
Event: 16.989 Executing VM operation: HandshakeAllThreads done
Event: 17.145 Executing VM operation: G1CollectForAllocation
Event: 17.148 Executing VM operation: G1CollectForAllocation done
Event: 17.201 Executing VM operation: HandshakeAllThreads
Event: 17.201 Executing VM operation: HandshakeAllThreads done
Event: 17.403 Executing VM operation: HandshakeAllThreads
Event: 17.403 Executing VM operation: HandshakeAllThreads done
Event: 17.567 Executing VM operation: G1CollectForAllocation
Event: 17.580 Executing VM operation: G1CollectForAllocation done
Event: 17.996 Executing VM operation: G1CollectForAllocation
Event: 18.007 Executing VM operation: G1CollectForAllocation done
Event: 18.402 Executing VM operation: G1CollectForAllocation
Event: 18.409 Executing VM operation: G1CollectForAllocation done
Event: 18.763 Executing VM operation: G1CollectForAllocation

Events (20 events):
Event: 17.200 loading class java/nio/file/attribute/DosFileAttributeView
Event: 17.201 loading class java/nio/file/attribute/DosFileAttributeView done
Event: 17.201 loading class sun/nio/fs/WindowsFileAttributeViews$Dos
Event: 17.201 loading class sun/nio/fs/WindowsFileAttributeViews$Dos done
Event: 17.303 Thread 0x00000203de995580 Thread added: 0x00000203de995580
Event: 17.303 Thread 0x00000203de994040 Thread added: 0x00000203de994040
Event: 17.408 Thread 0x00000203de812900 flushing nmethod 0x00000203c8027b10
Event: 17.408 Thread 0x00000203de812900 flushing nmethod 0x00000203c808ca10
Event: 17.414 Thread 0x00000203de812900 flushing nmethod 0x00000203c88c8c90
Event: 17.415 Thread 0x00000203de812900 flushing nmethod 0x00000203c88d9210
Event: 17.678 loading class java/nio/channels/NonWritableChannelException
Event: 17.678 loading class java/nio/channels/NonWritableChannelException done
Event: 17.678 loading class sun/nio/ch/ChannelInputStream
Event: 17.678 loading class sun/nio/ch/ChannelInputStream done
Event: 18.117 Thread 0x00000203de994040 Thread exited: 0x00000203de994040
Event: 18.120 Thread 0x00000203de995580 Thread exited: 0x00000203de995580
Event: 18.315 Thread 0x00000203de9925b0 Thread added: 0x00000203de9925b0
Event: 18.375 Thread 0x00000203de994040 Thread added: 0x00000203de994040
Event: 18.581 Thread 0x00000203de994040 Thread exited: 0x00000203de994040
Event: 18.581 Thread 0x00000203de9925b0 Thread exited: 0x00000203de9925b0


Dynamic libraries:
0x00007ff750670000 - 0x00007ff750680000 	C:\Program Files\Java\jdk-17\bin\java.exe
0x00007ffcafdd0000 - 0x00007ffcaffe7000 	C:\Windows\SYSTEM32\ntdll.dll
0x00007ffcae050000 - 0x00007ffcae114000 	C:\Windows\System32\KERNEL32.DLL
0x00007ffcad5d0000 - 0x00007ffcad987000 	C:\Windows\System32\KERNELBASE.dll
0x00007ffcad110000 - 0x00007ffcad221000 	C:\Windows\System32\ucrtbase.dll
0x00007ffc76740000 - 0x00007ffc76759000 	C:\Program Files\Java\jdk-17\bin\jli.dll
0x00007ffc76720000 - 0x00007ffc7673b000 	C:\Program Files\Java\jdk-17\bin\VCRUNTIME140.dll
0x00007ffcae580000 - 0x00007ffcae632000 	C:\Windows\System32\ADVAPI32.dll
0x00007ffcae120000 - 0x00007ffcae1c7000 	C:\Windows\System32\msvcrt.dll
0x00007ffcafc90000 - 0x00007ffcafd38000 	C:\Windows\System32\sechost.dll
0x00007ffcad0e0000 - 0x00007ffcad108000 	C:\Windows\System32\bcrypt.dll
0x00007ffcadf30000 - 0x00007ffcae044000 	C:\Windows\System32\RPCRT4.dll
0x00007ffcae1f0000 - 0x00007ffcae39f000 	C:\Windows\System32\USER32.dll
0x00007ffcad230000 - 0x00007ffcad256000 	C:\Windows\System32\win32u.dll
0x00007ffcaead0000 - 0x00007ffcaeaf9000 	C:\Windows\System32\GDI32.dll
0x00007ffc8f1d0000 - 0x00007ffc8f463000 	C:\Windows\WinSxS\amd64_microsoft.windows.common-controls_6595b64144ccf1df_6.0.22621.3672_none_2713b9d173822955\COMCTL32.dll
0x00007ffcad2e0000 - 0x00007ffcad3f8000 	C:\Windows\System32\gdi32full.dll
0x00007ffcad400000 - 0x00007ffcad49a000 	C:\Windows\System32\msvcp_win.dll
0x00007ffca5060000 - 0x00007ffca506a000 	C:\Windows\SYSTEM32\VERSION.dll
0x00007ffcaec00000 - 0x00007ffcaec31000 	C:\Windows\System32\IMM32.DLL
0x00007ffc98900000 - 0x00007ffc9890c000 	C:\Program Files\Java\jdk-17\bin\vcruntime140_1.dll
0x00007ffc76690000 - 0x00007ffc7671e000 	C:\Program Files\Java\jdk-17\bin\msvcp140.dll
0x00007ffc225d0000 - 0x00007ffc231b0000 	C:\Program Files\Java\jdk-17\bin\server\jvm.dll
0x00007ffc76680000 - 0x00007ffc76689000 	C:\Windows\SYSTEM32\WSOCK32.dll
0x00007ffca5bc0000 - 0x00007ffca5bf4000 	C:\Windows\SYSTEM32\WINMM.dll
0x00007ffcade90000 - 0x00007ffcade98000 	C:\Windows\System32\PSAPI.DLL
0x00007ffcaec40000 - 0x00007ffcaecb1000 	C:\Windows\System32\WS2_32.dll
0x00007ffcac0f0000 - 0x00007ffcac108000 	C:\Windows\SYSTEM32\kernel.appcore.dll
0x00007ffc76670000 - 0x00007ffc7667a000 	C:\Program Files\Java\jdk-17\bin\jimage.dll
0x00007ffc9e030000 - 0x00007ffc9e262000 	C:\Windows\SYSTEM32\DBGHELP.DLL
0x00007ffcadb00000 - 0x00007ffcade8e000 	C:\Windows\System32\combase.dll
0x00007ffcae640000 - 0x00007ffcae717000 	C:\Windows\System32\OLEAUT32.dll
0x00007ffc985c0000 - 0x00007ffc985f2000 	C:\Windows\SYSTEM32\dbgcore.DLL
0x00007ffcad260000 - 0x00007ffcad2db000 	C:\Windows\System32\bcryptPrimitives.dll
0x00007ffc76640000 - 0x00007ffc76665000 	C:\Program Files\Java\jdk-17\bin\java.dll
0x00007ffc224f0000 - 0x00007ffc225c7000 	C:\Program Files\Java\jdk-17\bin\jsvml.dll
0x00007ffcaef40000 - 0x00007ffcaf7a9000 	C:\Windows\System32\SHELL32.dll
0x00007ffcaafb0000 - 0x00007ffcab8af000 	C:\Windows\SYSTEM32\windows.storage.dll
0x00007ffcaae70000 - 0x00007ffcaafaf000 	C:\Windows\SYSTEM32\wintypes.dll
0x00007ffcaeb00000 - 0x00007ffcaebf9000 	C:\Windows\System32\SHCORE.dll
0x00007ffcaf7b0000 - 0x00007ffcaf80e000 	C:\Windows\System32\shlwapi.dll
0x00007ffcad010000 - 0x00007ffcad037000 	C:\Windows\SYSTEM32\profapi.dll
0x00007ffc76620000 - 0x00007ffc76639000 	C:\Program Files\Java\jdk-17\bin\net.dll
0x00007ffca8bd0000 - 0x00007ffca8d06000 	C:\Windows\SYSTEM32\WINHTTP.dll
0x00007ffcac550000 - 0x00007ffcac5b9000 	C:\Windows\system32\mswsock.dll
0x00007ffc76600000 - 0x00007ffc76616000 	C:\Program Files\Java\jdk-17\bin\nio.dll
0x00007ffc765e0000 - 0x00007ffc765f8000 	C:\Program Files\Java\jdk-17\bin\zip.dll
0x00007ffca8f50000 - 0x00007ffca8f60000 	C:\Program Files\Java\jdk-17\bin\verify.dll
0x00007ffc98b10000 - 0x00007ffc98b37000 	C:\Users\LT053\.gradle\native\68d5fa5c4cc2d200863cafc0d521ce42e7d3e7ee720ec0a83991735586a16f82\windows-amd64\native-platform.dll
0x00007ffc93d20000 - 0x00007ffc93e64000 	C:\Users\LT053\.gradle\native\e376f236ea51e6404a007f0833ffe2c6e607c4080706a723a18a27aeea778392\windows-amd64\native-platform-file-events.dll
0x00007ffc76590000 - 0x00007ffc7659a000 	C:\Program Files\Java\jdk-17\bin\management.dll
0x00007ffc72db0000 - 0x00007ffc72dbb000 	C:\Program Files\Java\jdk-17\bin\management_ext.dll
0x00007ffcac8a0000 - 0x00007ffcac8bb000 	C:\Windows\SYSTEM32\CRYPTSP.dll
0x00007ffcac050000 - 0x00007ffcac085000 	C:\Windows\system32\rsaenh.dll
0x00007ffcac5f0000 - 0x00007ffcac618000 	C:\Windows\SYSTEM32\USERENV.dll
0x00007ffcac880000 - 0x00007ffcac88c000 	C:\Windows\SYSTEM32\CRYPTBASE.dll
0x00007ffcabb50000 - 0x00007ffcabb7d000 	C:\Windows\SYSTEM32\IPHLPAPI.DLL
0x00007ffcae780000 - 0x00007ffcae789000 	C:\Windows\System32\NSI.dll
0x00007ffca8b00000 - 0x00007ffca8b19000 	C:\Windows\SYSTEM32\dhcpcsvc6.DLL
0x00007ffca8ae0000 - 0x00007ffca8aff000 	C:\Windows\SYSTEM32\dhcpcsvc.DLL
0x00007ffcabb80000 - 0x00007ffcabc82000 	C:\Windows\SYSTEM32\DNSAPI.dll
0x00007ffc765d0000 - 0x00007ffc765de000 	C:\Program Files\Java\jdk-17\bin\sunmscapi.dll
0x00007ffcad990000 - 0x00007ffcadaf6000 	C:\Windows\System32\CRYPT32.dll
0x00007ffcacaa0000 - 0x00007ffcacacd000 	C:\Windows\SYSTEM32\ncrypt.dll
0x00007ffcaca10000 - 0x00007ffcaca47000 	C:\Windows\SYSTEM32\NTASN1.dll
0x00007ffc765c0000 - 0x00007ffc765c8000 	C:\Windows\system32\wshunix.dll

dbghelp: loaded successfully - version: 4.0.5 - missing functions: none
symbol engine: initialized successfully - sym options: 0x614 - pdb path: .;C:\Program Files\Java\jdk-17\bin;C:\Windows\SYSTEM32;C:\Windows\WinSxS\amd64_microsoft.windows.common-controls_6595b64144ccf1df_6.0.22621.3672_none_2713b9d173822955;C:\Program Files\Java\jdk-17\bin\server;C:\Users\LT053\.gradle\native\68d5fa5c4cc2d200863cafc0d521ce42e7d3e7ee720ec0a83991735586a16f82\windows-amd64;C:\Users\LT053\.gradle\native\e376f236ea51e6404a007f0833ffe2c6e607c4080706a723a18a27aeea778392\windows-amd64

VM Arguments:
jvm_args: -XX:MaxMetaspaceSize=512m --add-opens=java.base/java.util=ALL-UNNAMED --add-opens=java.base/java.lang=ALL-UNNAMED --add-opens=java.base/java.lang.invoke=ALL-UNNAMED --add-opens=java.prefs/java.util.prefs=ALL-UNNAMED --add-opens=java.base/java.nio.charset=ALL-UNNAMED --add-opens=java.base/java.net=ALL-UNNAMED --add-opens=java.base/java.util.concurrent.atomic=ALL-UNNAMED -Xmx2048m -Dfile.encoding=windows-1252 -Duser.country=US -Duser.language=en -Duser.variant 
java_command: org.gradle.launcher.daemon.bootstrap.GradleDaemon 8.0.1
java_class_path (initial): C:\Users\LT053\.gradle\wrapper\dists\gradle-8.0.1-bin\7rsvvmdp4bsd5fhm7a9cyrnzz\gradle-8.0.1\lib\gradle-launcher-8.0.1.jar
Launcher Type: SUN_STANDARD

[Global flags]
     intx CICompilerCount                          = 4                                         {product} {ergonomic}
   size_t CompressedClassSpaceSize                 = 436207616                                 {product} {ergonomic}
     uint ConcGCThreads                            = 2                                         {product} {ergonomic}
     uint G1ConcRefinementThreads                  = 8                                         {product} {ergonomic}
   size_t G1HeapRegionSize                         = 1048576                                   {product} {ergonomic}
    uintx GCDrainStackTargetSize                   = 64                                        {product} {ergonomic}
   size_t InitialHeapSize                          = 132120576                                 {product} {ergonomic}
   size_t MarkStackSize                            = 4194304                                   {product} {ergonomic}
   size_t MaxHeapSize                              = 2147483648                                {product} {command line}
   size_t MaxMetaspaceSize                         = 536870912                                 {product} {command line}
   size_t MaxNewSize                               = 1287651328                                {product} {ergonomic}
   size_t MinHeapDeltaBytes                        = 1048576                                   {product} {ergonomic}
   size_t MinHeapSize                              = 8388608                                   {product} {ergonomic}
    uintx NonNMethodCodeHeapSize                   = 5839372                                {pd product} {ergonomic}
    uintx NonProfiledCodeHeapSize                  = 122909434                              {pd product} {ergonomic}
    uintx ProfiledCodeHeapSize                     = 122909434                              {pd product} {ergonomic}
    uintx ReservedCodeCacheSize                    = 251658240                              {pd product} {ergonomic}
     bool SegmentedCodeCache                       = true                                      {product} {ergonomic}
   size_t SoftMaxHeapSize                          = 2147483648                             {manageable} {ergonomic}
     bool UseCompressedClassPointers               = true                           {product lp64_product} {ergonomic}
     bool UseCompressedOops                        = true                           {product lp64_product} {ergonomic}
     bool UseG1GC                                  = true                                      {product} {ergonomic}
     bool UseLargePagesIndividualAllocation        = false                                  {pd product} {ergonomic}

Logging:
Log output configuration:
 #0: stdout all=warning uptime,level,tags
 #1: stderr all=off uptime,level,tags

Environment Variables:
JAVA_HOME=C:\Program Files\Java\jdk-17
CLASSPATH=C:\Users\LT053\Desktop\SOCIAL-LOGIN-APP\myapp\android\\gradle\wrapper\gradle-wrapper.jar
PATH=C:\Users\LT053\Desktop\SOCIAL-LOGIN-APP\myapp\node_modules\.bin;C:\Users\LT053\Desktop\SOCIAL-LOGIN-APP\myapp\node_modules\.bin;C:\Users\LT053\Desktop\SOCIAL-LOGIN-APP\node_modules\.bin;C:\Users\LT053\Desktop\node_modules\.bin;C:\Users\LT053\node_modules\.bin;C:\Users\node_modules\.bin;C:\node_modules\.bin;C:\Users\LT053\AppData\Roaming\npm\node_modules\npm\node_modules\@npmcli\run-script\lib\node-gyp-bin;C:\Program Files\Java\jdk-17\bin;C:\Program Files\nodejs\;C:\Windows;C:\Windows\System32\Wbem;C:\Windows\System32\WindowsPowerShell\v1.0\;C:\Windows\System32\OpenSSH\;C:\Program Files\dotnet\;C:\ProgramData\chocolatey\bin;C:\Windows\System32;C:\Program Files\Java\jdk-17\bin;C:\Users\LT053\AppData\Local\Android\Sdk;C:\Users\LT053\AppData\Local\Android\Sdk\platform-tools;C:\Users\LT053\AppData\Local\Android\Sdk\emulator;C:\Users\LT053\AppData\Local\Android\Sdk\build-tools;C:\Users\LT053\AppData\Local\Microsoft\WindowsApps;C:\Users\LT053\AppData\Roaming\npm;C:\Users\LT053\AppData\Local\Programs\Git\cmd;C:\Users\LT053\AppData\Local\Android\Sdk\platform-tools;C:\Users\LT053\AppData\Local\Android\Sdk\platform-tools;C:\Users\LT053\AppData\Local\Programs\cursor\resources\app\bin
USERNAME=LT053
LANG=en_US.UTF-8
OS=Windows_NT
PROCESSOR_IDENTIFIER=Intel64 Family 6 Model 142 Stepping 12, GenuineIntel



---------------  S Y S T E M  ---------------

OS:
 Windows 11 , 64 bit Build 22621 (10.0.22621.3958)
OS uptime: 1 days 3:04 hours
Hyper-V role detected

CPU: total 8 (initial active 8) (4 cores per cpu, 2 threads per core) family 6 model 142 stepping 12 microcode 0xfe, cx8, cmov, fxsr, ht, mmx, 3dnowpref, sse, sse2, sse3, ssse3, sse4.1, sse4.2, popcnt, lzcnt, tsc, tscinvbit, avx, avx2, aes, erms, clmul, bmi1, bmi2, adx, fma, vzeroupper, clflush, clflushopt, hv

Memory: 4k page, system-wide physical 7952M (608M free)
TotalPageFile size 22974M (AvailPageFile size 55M)
current process WorkingSet (physical memory assigned to process): 346M, peak: 346M
current process commit charge ("private bytes"): 384M, peak: 449M

vm_info: Java HotSpot(TM) 64-Bit Server VM (17.0.12+8-LTS-286) for windows-amd64 JRE (17.0.12+8-LTS-286), built on Jun  5 2024 06:46:59 by "mach5one" with MS VC++ 17.6 (VS2022)

END.
