#
# There is insufficient memory for the Java Runtime Environment to continue.
# Native memory allocation (malloc) failed to allocate 32744 bytes for ChunkPool::allocate
# Possible reasons:
#   The system is out of physical RAM or swap space
#   The process is running with CompressedOops enabled, and the Java Heap may be blocking the growth of the native heap
# Possible solutions:
#   Reduce memory load on the system
#   Increase physical memory or swap space
#   Check if swap backing store is full
#   Decrease Java heap size (-Xmx/-Xms)
#   Decrease number of Java threads
#   Decrease Java thread stack sizes (-Xss)
#   Set larger code cache with -XX:ReservedCodeCacheSize=
#   JVM is running with Unscaled Compressed Oops mode in which the Java heap is
#     placed in the first 4GB address space. The Java Heap base address is the
#     maximum limit for the native heap growth. Please use -XX:HeapBaseMinAddress
#     to set the Java Heap base and to place the Java Heap above 4GB virtual address.
# This output file may be truncated or incomplete.
#
#  Out of Memory Error (arena.cpp:78), pid=17476, tid=13512
#
# JRE version: Java(TM) SE Runtime Environment (17.0.12+8) (build 17.0.12+8-LTS-286)
# Java VM: Java HotSpot(TM) 64-Bit Server VM (17.0.12+8-LTS-286, mixed mode, sharing, tiered, compressed oops, compressed class ptrs, g1 gc, windows-amd64)
# No core dump will be written. Minidumps are not enabled by default on client versions of Windows
#

---------------  S U M M A R Y ------------

Command Line: -Xmx64m -Xms64m -Dorg.gradle.appname=gradlew org.gradle.wrapper.GradleWrapperMain app:installDebug -PreactNativeDevServerPort=8081

Host: Intel(R) Core(TM) i5-10210U CPU @ 1.60GHz, 8 cores, 7G,  Windows 11 , 64 bit Build 22621 (10.0.22621.3958)
Time: Wed Apr  9 17:08:14 2025 India Standard Time elapsed time: 0.257472 seconds (0d 0h 0m 0s)

---------------  T H R E A D  ---------------

Current thread (0x00000228a071b0c0):  JavaThread "C2 CompilerThread0" daemon [_thread_in_native, id=13512, stack(0x000000d03a500000,0x000000d03a600000)]


Current CompileTask:
C2:    257  157       4       java.util.concurrent.ConcurrentHashMap::tabAt (22 bytes)

Stack: [0x000000d03a500000,0x000000d03a600000]
Native frames: (J=compiled Java code, j=interpreted, Vv=VM code, C=native code)
V  [jvm.dll+0x67a04a]
V  [jvm.dll+0x7da4ed]
V  [jvm.dll+0x7dbe33]
V  [jvm.dll+0x7dc4a3]
V  [jvm.dll+0x24508f]
V  [jvm.dll+0xab9a4]
V  [jvm.dll+0xabd3c]
V  [jvm.dll+0x657b40]
V  [jvm.dll+0x60e34b]
V  [jvm.dll+0x60c84a]
V  [jvm.dll+0x2166be]
V  [jvm.dll+0x215c6f]
V  [jvm.dll+0x1a2960]
V  [jvm.dll+0x22610b]
V  [jvm.dll+0x2242ab]
V  [jvm.dll+0x79075c]
V  [jvm.dll+0x78abea]
V  [jvm.dll+0x678f35]
C  [ucrtbase.dll+0x29333]
C  [KERNEL32.DLL+0x1257d]
C  [ntdll.dll+0x5af08]


---------------  P R O C E S S  ---------------

Threads class SMR info:
_java_thread_list=0x00000228a096a880, length=12, elements={
0x0000022886f662c0, 0x000002288700d980, 0x000002288700efa0, 0x0000022887022670,
0x0000022887026050, 0x00000228870281c0, 0x000002288702b360, 0x00000228a071b0c0,
0x00000228a073bf80, 0x00000228a0746c10, 0x00000228a0747120, 0x00000228a07452c0
}

Java Threads: ( => current thread )
  0x0000022886f662c0 JavaThread "main" [_thread_in_vm, id=20436, stack(0x000000d039800000,0x000000d039900000)]
  0x000002288700d980 JavaThread "Reference Handler" daemon [_thread_blocked, id=14228, stack(0x000000d039f00000,0x000000d03a000000)]
  0x000002288700efa0 JavaThread "Finalizer" daemon [_thread_blocked, id=12432, stack(0x000000d03a000000,0x000000d03a100000)]
  0x0000022887022670 JavaThread "Signal Dispatcher" daemon [_thread_blocked, id=16672, stack(0x000000d03a100000,0x000000d03a200000)]
  0x0000022887026050 JavaThread "Attach Listener" daemon [_thread_blocked, id=13448, stack(0x000000d03a200000,0x000000d03a300000)]
  0x00000228870281c0 JavaThread "Service Thread" daemon [_thread_blocked, id=2192, stack(0x000000d03a300000,0x000000d03a400000)]
  0x000002288702b360 JavaThread "Monitor Deflation Thread" daemon [_thread_blocked, id=11024, stack(0x000000d03a400000,0x000000d03a500000)]
=>0x00000228a071b0c0 JavaThread "C2 CompilerThread0" daemon [_thread_in_native, id=13512, stack(0x000000d03a500000,0x000000d03a600000)]
  0x00000228a073bf80 JavaThread "C1 CompilerThread0" daemon [_thread_in_native, id=20376, stack(0x000000d03a600000,0x000000d03a700000)]
  0x00000228a0746c10 JavaThread "Sweeper thread" daemon [_thread_blocked, id=19768, stack(0x000000d03a700000,0x000000d03a800000)]
  0x00000228a0747120 JavaThread "Notification Thread" daemon [_thread_blocked, id=3344, stack(0x000000d03a800000,0x000000d03a900000)]
  0x00000228a07452c0 JavaThread "Common-Cleaner" daemon [_thread_blocked, id=17828, stack(0x000000d03aa00000,0x000000d03ab00000)]

Other Threads:
  0x00000228870029a0 VMThread "VM Thread" [stack: 0x000000d039e00000,0x000000d039f00000] [id=15696]
  0x0000022886f8f7e0 WatcherThread [stack: 0x000000d03a900000,0x000000d03aa00000] [id=15628]
  0x0000022886f85be0 GCTaskThread "GC Thread#0" [stack: 0x000000d039900000,0x000000d039a00000] [id=20200]
  0x0000022886f88ae0 ConcurrentGCThread "G1 Main Marker" [stack: 0x000000d039a00000,0x000000d039b00000] [id=15060]
  0x0000022886f894f0 ConcurrentGCThread "G1 Conc#0" [stack: 0x000000d039b00000,0x000000d039c00000] [id=18252]
  0x0000022886fe8170 ConcurrentGCThread "G1 Refine#0" [stack: 0x000000d039c00000,0x000000d039d00000] [id=8368]
  0x0000022886fe8ba0 ConcurrentGCThread "G1 Service" [stack: 0x000000d039d00000,0x000000d039e00000] [id=20392]

Threads with active compile tasks:
C2 CompilerThread0      308  157       4       java.util.concurrent.ConcurrentHashMap::tabAt (22 bytes)
C1 CompilerThread0      308  156       3       sun.security.util.KnownOIDs::register (349 bytes)

VM state: not at safepoint (normal execution)

VM Mutex/Monitor currently owned by a thread:  ([mutex/lock_event])
[0x0000022886f61110] Metaspace_lock - owner thread: 0x0000022886f662c0

Heap address: 0x00000000fc000000, size: 64 MB, Compressed Oops mode: 32-bit

CDS archive(s) mapped at: [0x00000228a1000000-0x00000228a1bd0000-0x00000228a1bd0000), size 12386304, SharedBaseAddress: 0x00000228a1000000, ArchiveRelocationMode: 1.
Compressed class space mapped at: 0x00000228a2000000-0x00000228e2000000, reserved size: 1073741824
Narrow klass base: 0x00000228a1000000, Narrow klass shift: 0, Narrow klass range: 0x100000000

GC Precious Log:
 CPUs: 8 total, 8 available
 Memory: 7952M
 Large Page Support: Disabled
 NUMA Support: Disabled
 Compressed Oops: Enabled (32-bit)
 Heap Region Size: 1M
 Heap Min Capacity: 64M
 Heap Initial Capacity: 64M
 Heap Max Capacity: 64M
 Pre-touch: Disabled
 Parallel Workers: 8
 Concurrent Workers: 2
 Concurrent Refinement Workers: 8
 Periodic GC: Disabled

Heap:
 garbage-first heap   total 65536K, used 1024K [0x00000000fc000000, 0x0000000100000000)
  region size 1024K, 2 young (2048K), 0 survivors (0K)
 Metaspace       used 790K, committed 960K, reserved 1114112K
  class space    used 81K, committed 192K, reserved 1048576K

Heap Regions: E=young(eden), S=young(survivor), O=old, HS=humongous(starts), HC=humongous(continues), CS=collection set, F=free, OA=open archive, CA=closed archive, TAMS=top-at-mark-start (previous, next)
|   0|0x00000000fc000000, 0x00000000fc000000, 0x00000000fc100000|  0%| F|  |TAMS 0x00000000fc000000, 0x00000000fc000000| Untracked 
|   1|0x00000000fc100000, 0x00000000fc100000, 0x00000000fc200000|  0%| F|  |TAMS 0x00000000fc100000, 0x00000000fc100000| Untracked 
|   2|0x00000000fc200000, 0x00000000fc200000, 0x00000000fc300000|  0%| F|  |TAMS 0x00000000fc200000, 0x00000000fc200000| Untracked 
|   3|0x00000000fc300000, 0x00000000fc300000, 0x00000000fc400000|  0%| F|  |TAMS 0x00000000fc300000, 0x00000000fc300000| Untracked 
|   4|0x00000000fc400000, 0x00000000fc400000, 0x00000000fc500000|  0%| F|  |TAMS 0x00000000fc400000, 0x00000000fc400000| Untracked 
|   5|0x00000000fc500000, 0x00000000fc500000, 0x00000000fc600000|  0%| F|  |TAMS 0x00000000fc500000, 0x00000000fc500000| Untracked 
|   6|0x00000000fc600000, 0x00000000fc600000, 0x00000000fc700000|  0%| F|  |TAMS 0x00000000fc600000, 0x00000000fc600000| Untracked 
|   7|0x00000000fc700000, 0x00000000fc700000, 0x00000000fc800000|  0%| F|  |TAMS 0x00000000fc700000, 0x00000000fc700000| Untracked 
|   8|0x00000000fc800000, 0x00000000fc800000, 0x00000000fc900000|  0%| F|  |TAMS 0x00000000fc800000, 0x00000000fc800000| Untracked 
|   9|0x00000000fc900000, 0x00000000fc900000, 0x00000000fca00000|  0%| F|  |TAMS 0x00000000fc900000, 0x00000000fc900000| Untracked 
|  10|0x00000000fca00000, 0x00000000fca00000, 0x00000000fcb00000|  0%| F|  |TAMS 0x00000000fca00000, 0x00000000fca00000| Untracked 
|  11|0x00000000fcb00000, 0x00000000fcb00000, 0x00000000fcc00000|  0%| F|  |TAMS 0x00000000fcb00000, 0x00000000fcb00000| Untracked 
|  12|0x00000000fcc00000, 0x00000000fcc00000, 0x00000000fcd00000|  0%| F|  |TAMS 0x00000000fcc00000, 0x00000000fcc00000| Untracked 
|  13|0x00000000fcd00000, 0x00000000fcd00000, 0x00000000fce00000|  0%| F|  |TAMS 0x00000000fcd00000, 0x00000000fcd00000| Untracked 
|  14|0x00000000fce00000, 0x00000000fce00000, 0x00000000fcf00000|  0%| F|  |TAMS 0x00000000fce00000, 0x00000000fce00000| Untracked 
|  15|0x00000000fcf00000, 0x00000000fcf00000, 0x00000000fd000000|  0%| F|  |TAMS 0x00000000fcf00000, 0x00000000fcf00000| Untracked 
|  16|0x00000000fd000000, 0x00000000fd000000, 0x00000000fd100000|  0%| F|  |TAMS 0x00000000fd000000, 0x00000000fd000000| Untracked 
|  17|0x00000000fd100000, 0x00000000fd100000, 0x00000000fd200000|  0%| F|  |TAMS 0x00000000fd100000, 0x00000000fd100000| Untracked 
|  18|0x00000000fd200000, 0x00000000fd200000, 0x00000000fd300000|  0%| F|  |TAMS 0x00000000fd200000, 0x00000000fd200000| Untracked 
|  19|0x00000000fd300000, 0x00000000fd300000, 0x00000000fd400000|  0%| F|  |TAMS 0x00000000fd300000, 0x00000000fd300000| Untracked 
|  20|0x00000000fd400000, 0x00000000fd400000, 0x00000000fd500000|  0%| F|  |TAMS 0x00000000fd400000, 0x00000000fd400000| Untracked 
|  21|0x00000000fd500000, 0x00000000fd500000, 0x00000000fd600000|  0%| F|  |TAMS 0x00000000fd500000, 0x00000000fd500000| Untracked 
|  22|0x00000000fd600000, 0x00000000fd600000, 0x00000000fd700000|  0%| F|  |TAMS 0x00000000fd600000, 0x00000000fd600000| Untracked 
|  23|0x00000000fd700000, 0x00000000fd700000, 0x00000000fd800000|  0%| F|  |TAMS 0x00000000fd700000, 0x00000000fd700000| Untracked 
|  24|0x00000000fd800000, 0x00000000fd800000, 0x00000000fd900000|  0%| F|  |TAMS 0x00000000fd800000, 0x00000000fd800000| Untracked 
|  25|0x00000000fd900000, 0x00000000fd900000, 0x00000000fda00000|  0%| F|  |TAMS 0x00000000fd900000, 0x00000000fd900000| Untracked 
|  26|0x00000000fda00000, 0x00000000fda00000, 0x00000000fdb00000|  0%| F|  |TAMS 0x00000000fda00000, 0x00000000fda00000| Untracked 
|  27|0x00000000fdb00000, 0x00000000fdb00000, 0x00000000fdc00000|  0%| F|  |TAMS 0x00000000fdb00000, 0x00000000fdb00000| Untracked 
|  28|0x00000000fdc00000, 0x00000000fdc00000, 0x00000000fdd00000|  0%| F|  |TAMS 0x00000000fdc00000, 0x00000000fdc00000| Untracked 
|  29|0x00000000fdd00000, 0x00000000fdd00000, 0x00000000fde00000|  0%| F|  |TAMS 0x00000000fdd00000, 0x00000000fdd00000| Untracked 
|  30|0x00000000fde00000, 0x00000000fde00000, 0x00000000fdf00000|  0%| F|  |TAMS 0x00000000fde00000, 0x00000000fde00000| Untracked 
|  31|0x00000000fdf00000, 0x00000000fdf00000, 0x00000000fe000000|  0%| F|  |TAMS 0x00000000fdf00000, 0x00000000fdf00000| Untracked 
|  32|0x00000000fe000000, 0x00000000fe000000, 0x00000000fe100000|  0%| F|  |TAMS 0x00000000fe000000, 0x00000000fe000000| Untracked 
|  33|0x00000000fe100000, 0x00000000fe100000, 0x00000000fe200000|  0%| F|  |TAMS 0x00000000fe100000, 0x00000000fe100000| Untracked 
|  34|0x00000000fe200000, 0x00000000fe200000, 0x00000000fe300000|  0%| F|  |TAMS 0x00000000fe200000, 0x00000000fe200000| Untracked 
|  35|0x00000000fe300000, 0x00000000fe300000, 0x00000000fe400000|  0%| F|  |TAMS 0x00000000fe300000, 0x00000000fe300000| Untracked 
|  36|0x00000000fe400000, 0x00000000fe400000, 0x00000000fe500000|  0%| F|  |TAMS 0x00000000fe400000, 0x00000000fe400000| Untracked 
|  37|0x00000000fe500000, 0x00000000fe500000, 0x00000000fe600000|  0%| F|  |TAMS 0x00000000fe500000, 0x00000000fe500000| Untracked 
|  38|0x00000000fe600000, 0x00000000fe600000, 0x00000000fe700000|  0%| F|  |TAMS 0x00000000fe600000, 0x00000000fe600000| Untracked 
|  39|0x00000000fe700000, 0x00000000fe700000, 0x00000000fe800000|  0%| F|  |TAMS 0x00000000fe700000, 0x00000000fe700000| Untracked 
|  40|0x00000000fe800000, 0x00000000fe800000, 0x00000000fe900000|  0%| F|  |TAMS 0x00000000fe800000, 0x00000000fe800000| Untracked 
|  41|0x00000000fe900000, 0x00000000fe900000, 0x00000000fea00000|  0%| F|  |TAMS 0x00000000fe900000, 0x00000000fe900000| Untracked 
|  42|0x00000000fea00000, 0x00000000fea00000, 0x00000000feb00000|  0%| F|  |TAMS 0x00000000fea00000, 0x00000000fea00000| Untracked 
|  43|0x00000000feb00000, 0x00000000feb00000, 0x00000000fec00000|  0%| F|  |TAMS 0x00000000feb00000, 0x00000000feb00000| Untracked 
|  44|0x00000000fec00000, 0x00000000fec00000, 0x00000000fed00000|  0%| F|  |TAMS 0x00000000fec00000, 0x00000000fec00000| Untracked 
|  45|0x00000000fed00000, 0x00000000fed00000, 0x00000000fee00000|  0%| F|  |TAMS 0x00000000fed00000, 0x00000000fed00000| Untracked 
|  46|0x00000000fee00000, 0x00000000fee00000, 0x00000000fef00000|  0%| F|  |TAMS 0x00000000fee00000, 0x00000000fee00000| Untracked 
|  47|0x00000000fef00000, 0x00000000fef00000, 0x00000000ff000000|  0%| F|  |TAMS 0x00000000fef00000, 0x00000000fef00000| Untracked 
|  48|0x00000000ff000000, 0x00000000ff000000, 0x00000000ff100000|  0%| F|  |TAMS 0x00000000ff000000, 0x00000000ff000000| Untracked 
|  49|0x00000000ff100000, 0x00000000ff100000, 0x00000000ff200000|  0%| F|  |TAMS 0x00000000ff100000, 0x00000000ff100000| Untracked 
|  50|0x00000000ff200000, 0x00000000ff200000, 0x00000000ff300000|  0%| F|  |TAMS 0x00000000ff200000, 0x00000000ff200000| Untracked 
|  51|0x00000000ff300000, 0x00000000ff300000, 0x00000000ff400000|  0%| F|  |TAMS 0x00000000ff300000, 0x00000000ff300000| Untracked 
|  52|0x00000000ff400000, 0x00000000ff400000, 0x00000000ff500000|  0%| F|  |TAMS 0x00000000ff400000, 0x00000000ff400000| Untracked 
|  53|0x00000000ff500000, 0x00000000ff500000, 0x00000000ff600000|  0%| F|  |TAMS 0x00000000ff500000, 0x00000000ff500000| Untracked 
|  54|0x00000000ff600000, 0x00000000ff600000, 0x00000000ff700000|  0%| F|  |TAMS 0x00000000ff600000, 0x00000000ff600000| Untracked 
|  55|0x00000000ff700000, 0x00000000ff700000, 0x00000000ff800000|  0%| F|  |TAMS 0x00000000ff700000, 0x00000000ff700000| Untracked 
|  56|0x00000000ff800000, 0x00000000ff800000, 0x00000000ff900000|  0%| F|  |TAMS 0x00000000ff800000, 0x00000000ff800000| Untracked 
|  57|0x00000000ff900000, 0x00000000ff900000, 0x00000000ffa00000|  0%| F|  |TAMS 0x00000000ff900000, 0x00000000ff900000| Untracked 
|  58|0x00000000ffa00000, 0x00000000ffa00000, 0x00000000ffb00000|  0%| F|  |TAMS 0x00000000ffa00000, 0x00000000ffa00000| Untracked 
|  59|0x00000000ffb00000, 0x00000000ffb00000, 0x00000000ffc00000|  0%| F|  |TAMS 0x00000000ffb00000, 0x00000000ffb00000| Untracked 
|  60|0x00000000ffc00000, 0x00000000ffc00000, 0x00000000ffd00000|  0%| F|  |TAMS 0x00000000ffc00000, 0x00000000ffc00000| Untracked 
|  61|0x00000000ffd00000, 0x00000000ffd00000, 0x00000000ffe00000|  0%| F|  |TAMS 0x00000000ffd00000, 0x00000000ffd00000| Untracked 
|  62|0x00000000ffe00000, 0x00000000ffeec0a0, 0x00000000fff00000| 92%| E|  |TAMS 0x00000000ffe00000, 0x00000000ffe00000| Complete 
|  63|0x00000000fff00000, 0x0000000100000000, 0x0000000100000000|100%| E|CS|TAMS 0x00000000fff00000, 0x00000000fff00000| Complete 

Card table byte_map: [0x0000022886e60000,0x0000022886e80000] _byte_map_base: 0x0000022886680000

Marking Bits (Prev, Next): (CMBitMap*) 0x0000022886f86200, (CMBitMap*) 0x0000022886f86240
 Prev Bits: [0x000002289db50000, 0x000002289dc50000)
 Next Bits: [0x000002289dc50000, 0x000002289dd50000)

Polling page: 0x0000022884f30000

Metaspace:

Usage:
  Non-class:    709.05 KB used.
      Class:     81.16 KB used.
       Both:    790.21 KB used.

Virtual space:
  Non-class space:       64.00 MB reserved,     768.00 KB (  1%) committed,  1 nodes.
      Class space:        1.00 GB reserved,     192.00 KB ( <1%) committed,  1 nodes.
             Both:        1.06 GB reserved,     960.00 KB ( <1%) committed. 

Chunk freelists:
   Non-Class:  11.92 MB
       Class:  15.73 MB
        Both:  27.66 MB

MaxMetaspaceSize: unlimited
CompressedClassSpaceSize: 1.00 GB
Initial GC threshold: 21.00 MB
Current GC threshold: 21.00 MB
CDS: on
MetaspaceReclaimPolicy: balanced
 - commit_granule_bytes: 65536.
 - commit_granule_words: 8192.
 - virtual_space_node_default_size: 8388608.
 - enlarge_chunks_in_place: 1.
 - new_chunks_are_fully_committed: 0.
 - uncommit_free_chunks: 1.
 - use_allocation_guard: 0.
 - handle_deallocations: 1.


Internal statistics:

num_allocs_failed_limit: 0.
num_arena_births: 6.
num_arena_deaths: 0.
num_vsnodes_births: 2.
num_vsnodes_deaths: 0.
num_space_committed: 15.
num_space_uncommitted: 0.
num_chunks_returned_to_freelist: 0.
num_chunks_taken_from_freelist: 16.
num_chunk_merges: 0.
num_chunk_splits: 9.
num_chunks_enlarged: 5.
num_inconsistent_stats: 0.

CodeHeap 'non-profiled nmethods': size=120000Kb used=43Kb max_used=43Kb free=119956Kb
 bounds [0x00000228962f0000, 0x0000022896560000, 0x000002289d820000]
CodeHeap 'profiled nmethods': size=120000Kb used=177Kb max_used=177Kb free=119822Kb
 bounds [0x000002288e820000, 0x000002288ea90000, 0x0000022895d50000]
CodeHeap 'non-nmethods': size=5760Kb used=1113Kb max_used=1114Kb free=4646Kb
 bounds [0x0000022895d50000, 0x0000022895fc0000, 0x00000228962f0000]
 total_blobs=547 nmethods=155 adapters=305
 compilation: enabled
              stopped_count=0, restarted_count=0
 full_count=0

Compilation events (20 events):
Event: 0.246 Thread 0x00000228a073bf80 nmethod 145 0x000002288e84a690 code [0x000002288e84a840, 0x000002288e84ab18]
Event: 0.247 Thread 0x00000228a071b0c0 nmethod 146 0x00000228962f9710 code [0x00000228962f9880, 0x00000228962f9918]
Event: 0.247 Thread 0x00000228a073bf80  147       3       java.util.concurrent.ConcurrentHashMap::put (8 bytes)
Event: 0.247 Thread 0x00000228a073bf80 nmethod 147 0x000002288e84ac10 code [0x000002288e84ada0, 0x000002288e84aee8]
Event: 0.247 Thread 0x00000228a073bf80  148       1       sun.util.locale.BaseLocale::getLanguage (5 bytes)
Event: 0.247 Thread 0x00000228a073bf80 nmethod 148 0x00000228962f9a10 code [0x00000228962f9ba0, 0x00000228962f9c78]
Event: 0.247 Thread 0x00000228a071b0c0  149       4       java.util.concurrent.ConcurrentHashMap::casTabAt (21 bytes)
Event: 0.248 Thread 0x00000228a073bf80  150       1       sun.security.util.KnownOIDs::registerNames (2 bytes)
Event: 0.248 Thread 0x00000228a073bf80 nmethod 150 0x00000228962f9d10 code [0x00000228962f9ea0, 0x00000228962f9f78]
Event: 0.248 Thread 0x00000228a073bf80  151       3       java.lang.StringLatin1::toUpperCase (186 bytes)
Event: 0.249 Thread 0x00000228a073bf80 nmethod 151 0x000002288e84af90 code [0x000002288e84b200, 0x000002288e84bd58]
Event: 0.249 Thread 0x00000228a071b0c0 nmethod 149 0x00000228962fa010 code [0x00000228962fa180, 0x00000228962fa2d8]
Event: 0.249 Thread 0x00000228a071b0c0  153       4       jdk.internal.misc.Unsafe::putReferenceRelease (9 bytes)
Event: 0.250 Thread 0x00000228a073bf80  154       3       java.lang.String::toUpperCase (29 bytes)
Event: 0.250 Thread 0x00000228a073bf80 nmethod 154 0x000002288e84c190 code [0x000002288e84c360, 0x000002288e84c618]
Event: 0.250 Thread 0x00000228a073bf80  156       3       sun.security.util.KnownOIDs::register (349 bytes)
Event: 0.251 Thread 0x00000228a071b0c0 nmethod 153 0x00000228962fa390 code [0x00000228962fa500, 0x00000228962fa658]
Event: 0.251 Thread 0x00000228a071b0c0  152       4       java.lang.String::isLatin1 (19 bytes)
Event: 0.252 Thread 0x00000228a071b0c0 nmethod 152 0x00000228962fa710 code [0x00000228962fa880, 0x00000228962fa918]
Event: 0.252 Thread 0x00000228a071b0c0  157       4       java.util.concurrent.ConcurrentHashMap::tabAt (22 bytes)

GC Heap History (0 events):
No events

Deoptimization events (0 events):
No events

Classes unloaded (0 events):
No events

Classes redefined (0 events):
No events

Internal exceptions (0 events):
No events

VM Operations (2 events):
Event: 0.163 Executing VM operation: HandshakeAllThreads
Event: 0.163 Executing VM operation: HandshakeAllThreads done

Events (20 events):
Event: 0.242 loading class sun/security/util/KnownOIDs$1 done
Event: 0.242 loading class sun/security/util/KnownOIDs$2
Event: 0.242 loading class sun/security/util/KnownOIDs$2 done
Event: 0.243 loading class sun/security/util/KnownOIDs$3
Event: 0.243 loading class sun/security/util/KnownOIDs$3 done
Event: 0.243 loading class sun/security/util/KnownOIDs$4
Event: 0.244 loading class sun/security/util/KnownOIDs$4 done
Event: 0.244 loading class sun/security/util/KnownOIDs$5
Event: 0.244 loading class sun/security/util/KnownOIDs$5 done
Event: 0.244 loading class sun/security/util/KnownOIDs$6
Event: 0.244 loading class sun/security/util/KnownOIDs$6 done
Event: 0.244 loading class sun/security/util/KnownOIDs$7
Event: 0.244 loading class sun/security/util/KnownOIDs$7 done
Event: 0.244 loading class sun/security/util/KnownOIDs$8
Event: 0.245 loading class sun/security/util/KnownOIDs$8 done
Event: 0.245 loading class sun/security/util/KnownOIDs$9
Event: 0.245 loading class sun/security/util/KnownOIDs$9 done
Event: 0.245 loading class sun/security/util/KnownOIDs$10
Event: 0.245 loading class sun/security/util/KnownOIDs$10 done
Event: 0.252 loading class java/util/LinkedHashMap$LinkedKeySet


Dynamic libraries:
0x00007ff750670000 - 0x00007ff750680000 	C:\Program Files\Java\jdk-17\bin\java.exe
0x00007ffcafdd0000 - 0x00007ffcaffe7000 	C:\Windows\SYSTEM32\ntdll.dll
0x00007ffcae050000 - 0x00007ffcae114000 	C:\Windows\System32\KERNEL32.DLL
0x00007ffcad5d0000 - 0x00007ffcad987000 	C:\Windows\System32\KERNELBASE.dll
0x00007ffcad110000 - 0x00007ffcad221000 	C:\Windows\System32\ucrtbase.dll
0x00007ffc76720000 - 0x00007ffc7673b000 	C:\Program Files\Java\jdk-17\bin\VCRUNTIME140.dll
0x00007ffc76740000 - 0x00007ffc76759000 	C:\Program Files\Java\jdk-17\bin\jli.dll
0x00007ffcae580000 - 0x00007ffcae632000 	C:\Windows\System32\ADVAPI32.dll
0x00007ffcae120000 - 0x00007ffcae1c7000 	C:\Windows\System32\msvcrt.dll
0x00007ffcafc90000 - 0x00007ffcafd38000 	C:\Windows\System32\sechost.dll
0x00007ffcad0e0000 - 0x00007ffcad108000 	C:\Windows\System32\bcrypt.dll
0x00007ffcadf30000 - 0x00007ffcae044000 	C:\Windows\System32\RPCRT4.dll
0x00007ffcae1f0000 - 0x00007ffcae39f000 	C:\Windows\System32\USER32.dll
0x00007ffcad230000 - 0x00007ffcad256000 	C:\Windows\System32\win32u.dll
0x00007ffc8f1d0000 - 0x00007ffc8f463000 	C:\Windows\WinSxS\amd64_microsoft.windows.common-controls_6595b64144ccf1df_6.0.22621.3672_none_2713b9d173822955\COMCTL32.dll
0x00007ffcaead0000 - 0x00007ffcaeaf9000 	C:\Windows\System32\GDI32.dll
0x00007ffcad2e0000 - 0x00007ffcad3f8000 	C:\Windows\System32\gdi32full.dll
0x00007ffcad400000 - 0x00007ffcad49a000 	C:\Windows\System32\msvcp_win.dll
0x00007ffca5060000 - 0x00007ffca506a000 	C:\Windows\SYSTEM32\VERSION.dll
0x00007ffcaec00000 - 0x00007ffcaec31000 	C:\Windows\System32\IMM32.DLL
0x00007ffc98900000 - 0x00007ffc9890c000 	C:\Program Files\Java\jdk-17\bin\vcruntime140_1.dll
0x00007ffc76690000 - 0x00007ffc7671e000 	C:\Program Files\Java\jdk-17\bin\msvcp140.dll
0x00007ffc225d0000 - 0x00007ffc231b0000 	C:\Program Files\Java\jdk-17\bin\server\jvm.dll
0x00007ffca5bc0000 - 0x00007ffca5bf4000 	C:\Windows\SYSTEM32\WINMM.dll
0x00007ffc76680000 - 0x00007ffc76689000 	C:\Windows\SYSTEM32\WSOCK32.dll
0x00007ffcade90000 - 0x00007ffcade98000 	C:\Windows\System32\PSAPI.DLL
0x00007ffcaec40000 - 0x00007ffcaecb1000 	C:\Windows\System32\WS2_32.dll
0x00007ffcac0f0000 - 0x00007ffcac108000 	C:\Windows\SYSTEM32\kernel.appcore.dll
0x00007ffc76670000 - 0x00007ffc7667a000 	C:\Program Files\Java\jdk-17\bin\jimage.dll
0x00007ffc9e030000 - 0x00007ffc9e262000 	C:\Windows\SYSTEM32\DBGHELP.DLL
0x00007ffcadb00000 - 0x00007ffcade8e000 	C:\Windows\System32\combase.dll
0x00007ffcae640000 - 0x00007ffcae717000 	C:\Windows\System32\OLEAUT32.dll
0x00007ffc985c0000 - 0x00007ffc985f2000 	C:\Windows\SYSTEM32\dbgcore.DLL
0x00007ffcad260000 - 0x00007ffcad2db000 	C:\Windows\System32\bcryptPrimitives.dll
0x00007ffc76640000 - 0x00007ffc76665000 	C:\Program Files\Java\jdk-17\bin\java.dll
0x00007ffc224f0000 - 0x00007ffc225c7000 	C:\Program Files\Java\jdk-17\bin\jsvml.dll
0x00007ffcaef40000 - 0x00007ffcaf7a9000 	C:\Windows\System32\SHELL32.dll
0x00007ffcaafb0000 - 0x00007ffcab8af000 	C:\Windows\SYSTEM32\windows.storage.dll
0x00007ffcaae70000 - 0x00007ffcaafaf000 	C:\Windows\SYSTEM32\wintypes.dll
0x00007ffcaeb00000 - 0x00007ffcaebf9000 	C:\Windows\System32\SHCORE.dll
0x00007ffcaf7b0000 - 0x00007ffcaf80e000 	C:\Windows\System32\shlwapi.dll
0x00007ffcad010000 - 0x00007ffcad037000 	C:\Windows\SYSTEM32\profapi.dll
0x00007ffc76620000 - 0x00007ffc76639000 	C:\Program Files\Java\jdk-17\bin\net.dll
0x00007ffca8bd0000 - 0x00007ffca8d06000 	C:\Windows\SYSTEM32\WINHTTP.dll
0x00007ffcac550000 - 0x00007ffcac5b9000 	C:\Windows\system32\mswsock.dll
0x00007ffc76600000 - 0x00007ffc76616000 	C:\Program Files\Java\jdk-17\bin\nio.dll
0x00007ffc765e0000 - 0x00007ffc765f8000 	C:\Program Files\Java\jdk-17\bin\zip.dll
0x00007ffca80a0000 - 0x00007ffca80b0000 	C:\Program Files\Java\jdk-17\bin\verify.dll

dbghelp: loaded successfully - version: 4.0.5 - missing functions: none
symbol engine: initialized successfully - sym options: 0x614 - pdb path: .;C:\Program Files\Java\jdk-17\bin;C:\Windows\SYSTEM32;C:\Windows\WinSxS\amd64_microsoft.windows.common-controls_6595b64144ccf1df_6.0.22621.3672_none_2713b9d173822955;C:\Program Files\Java\jdk-17\bin\server

VM Arguments:
jvm_args: -Xmx64m -Xms64m -Dorg.gradle.appname=gradlew 
java_command: org.gradle.wrapper.GradleWrapperMain app:installDebug -PreactNativeDevServerPort=8081
java_class_path (initial): C:\Users\LT053\Desktop\SOCIAL-LOGIN-APP\myapp\android\\gradle\wrapper\gradle-wrapper.jar
Launcher Type: SUN_STANDARD

[Global flags]
     intx CICompilerCount                          = 4                                         {product} {ergonomic}
     uint ConcGCThreads                            = 2                                         {product} {ergonomic}
     uint G1ConcRefinementThreads                  = 8                                         {product} {ergonomic}
   size_t G1HeapRegionSize                         = 1048576                                   {product} {ergonomic}
    uintx GCDrainStackTargetSize                   = 64                                        {product} {ergonomic}
   size_t InitialHeapSize                          = 67108864                                  {product} {command line}
   size_t MarkStackSize                            = 4194304                                   {product} {ergonomic}
   size_t MaxHeapSize                              = 67108864                                  {product} {command line}
   size_t MaxNewSize                               = 39845888                                  {product} {ergonomic}
   size_t MinHeapDeltaBytes                        = 1048576                                   {product} {ergonomic}
   size_t MinHeapSize                              = 67108864                                  {product} {command line}
    uintx NonNMethodCodeHeapSize                   = 5839372                                {pd product} {ergonomic}
    uintx NonProfiledCodeHeapSize                  = 122909434                              {pd product} {ergonomic}
    uintx ProfiledCodeHeapSize                     = 122909434                              {pd product} {ergonomic}
    uintx ReservedCodeCacheSize                    = 251658240                              {pd product} {ergonomic}
     bool SegmentedCodeCache                       = true                                      {product} {ergonomic}
   size_t SoftMaxHeapSize                          = 67108864                               {manageable} {ergonomic}
     bool UseCompressedClassPointers               = true                           {product lp64_product} {ergonomic}
     bool UseCompressedOops                        = true                           {product lp64_product} {ergonomic}
     bool UseG1GC                                  = true                                      {product} {ergonomic}
     bool UseLargePagesIndividualAllocation        = false                                  {pd product} {ergonomic}

Logging:
Log output configuration:
 #0: stdout all=warning uptime,level,tags
 #1: stderr all=off uptime,level,tags

Environment Variables:
JAVA_HOME=C:\Program Files\Java\jdk-17
CLASSPATH=C:\Users\LT053\Desktop\SOCIAL-LOGIN-APP\myapp\android\\gradle\wrapper\gradle-wrapper.jar
PATH=C:\Users\LT053\Desktop\SOCIAL-LOGIN-APP\myapp\node_modules\.bin;C:\Users\LT053\Desktop\SOCIAL-LOGIN-APP\myapp\node_modules\.bin;C:\Users\LT053\Desktop\SOCIAL-LOGIN-APP\node_modules\.bin;C:\Users\LT053\Desktop\node_modules\.bin;C:\Users\LT053\node_modules\.bin;C:\Users\node_modules\.bin;C:\node_modules\.bin;C:\Users\LT053\AppData\Roaming\npm\node_modules\npm\node_modules\@npmcli\run-script\lib\node-gyp-bin;C:\Program Files\Java\jdk-17\bin;C:\Program Files\nodejs\;C:\Windows;C:\Windows\System32\Wbem;C:\Windows\System32\WindowsPowerShell\v1.0\;C:\Windows\System32\OpenSSH\;C:\Program Files\dotnet\;C:\ProgramData\chocolatey\bin;C:\Windows\System32;C:\Program Files\Java\jdk-17\bin;C:\Users\LT053\AppData\Local\Android\Sdk;C:\Users\LT053\AppData\Local\Android\Sdk\platform-tools;C:\Users\LT053\AppData\Local\Android\Sdk\emulator;C:\Users\LT053\AppData\Local\Android\Sdk\build-tools;C:\Users\LT053\AppData\Local\Microsoft\WindowsApps;C:\Users\LT053\AppData\Roaming\npm;C:\Users\LT053\AppData\Local\Programs\Git\cmd;C:\Users\LT053\AppData\Local\Android\Sdk\platform-tools;C:\Users\LT053\AppData\Local\Android\Sdk\platform-tools;C:\Users\LT053\AppData\Local\Programs\cursor\resources\app\bin
USERNAME=LT053
LANG=en_US.UTF-8
OS=Windows_NT
PROCESSOR_IDENTIFIER=Intel64 Family 6 Model 142 Stepping 12, GenuineIntel



---------------  S Y S T E M  ---------------

OS:
 Windows 11 , 64 bit Build 22621 (10.0.22621.3958)
OS uptime: 0 days 2:13 hours
Hyper-V role detected

CPU: total 8 (initial active 8) (4 cores per cpu, 2 threads per core) family 6 model 142 stepping 12 microcode 0xfe, cx8, cmov, fxsr, ht, mmx, 3dnowpref, sse, sse2, sse3, ssse3, sse4.1, sse4.2, popcnt, lzcnt, tsc, tscinvbit, avx, avx2, aes, erms, clmul, bmi1, bmi2, adx, fma, vzeroupper, clflush, clflushopt, hv

Memory: 4k page, system-wide physical 7952M (292M free)
TotalPageFile size 22974M (AvailPageFile size 0M)
current process WorkingSet (physical memory assigned to process): 36M, peak: 36M
current process commit charge ("private bytes"): 143M, peak: 143M

vm_info: Java HotSpot(TM) 64-Bit Server VM (17.0.12+8-LTS-286) for windows-amd64 JRE (17.0.12+8-LTS-286), built on Jun  5 2024 06:46:59 by "mach5one" with MS VC++ 17.6 (VS2022)

END.
