#
# There is insufficient memory for the Java Runtime Environment to continue.
# Native memory allocation (mmap) failed to map 50331648 bytes for G1 virtual space
# Possible reasons:
#   The system is out of physical RAM or swap space
#   The process is running with CompressedOops enabled, and the Java Heap may be blocking the growth of the native heap
# Possible solutions:
#   Reduce memory load on the system
#   Increase physical memory or swap space
#   Check if swap backing store is full
#   Decrease Java heap size (-Xmx/-Xms)
#   Decrease number of Java threads
#   Decrease Java thread stack sizes (-Xss)
#   Set larger code cache with -XX:ReservedCodeCacheSize=
#   JVM is running with Unscaled Compressed Oops mode in which the Java heap is
#     placed in the first 4GB address space. The Java Heap base address is the
#     maximum limit for the native heap growth. Please use -XX:HeapBaseMinAddress
#     to set the Java Heap base and to place the Java Heap above 4GB virtual address.
# This output file may be truncated or incomplete.
#
#  Out of Memory Error (os_windows.cpp:3548), pid=2916, tid=15756
#
# JRE version: Java(TM) SE Runtime Environment (17.0.12+8) (build 17.0.12+8-LTS-286)
# Java VM: Java HotSpot(TM) 64-Bit Server VM (17.0.12+8-LTS-286, mixed mode, sharing, tiered, compressed oops, compressed class ptrs, g1 gc, windows-amd64)
# No core dump will be written. Minidumps are not enabled by default on client versions of Windows
#

---------------  S U M M A R Y ------------

Command Line: -XX:MaxMetaspaceSize=512m --add-opens=java.base/java.util=ALL-UNNAMED --add-opens=java.base/java.lang=ALL-UNNAMED --add-opens=java.base/java.lang.invoke=ALL-UNNAMED --add-opens=java.prefs/java.util.prefs=ALL-UNNAMED --add-opens=java.base/java.nio.charset=ALL-UNNAMED --add-opens=java.base/java.net=ALL-UNNAMED --add-opens=java.base/java.util.concurrent.atomic=ALL-UNNAMED -Xmx2048m -Dfile.encoding=windows-1252 -Duser.country=US -Duser.language=en -Duser.variant org.gradle.launcher.daemon.bootstrap.GradleDaemon 7.6

Host: Intel(R) Core(TM) i5-10210U CPU @ 1.60GHz, 8 cores, 7G,  Windows 11 , 64 bit Build 22621 (10.0.22621.3958)
Time: Wed Apr 16 16:53:15 2025 India Standard Time elapsed time: 86.750930 seconds (0d 0h 1m 26s)

---------------  T H R E A D  ---------------

Current thread (0x000001568f19ab90):  VMThread "VM Thread" [stack: 0x0000003e34f00000,0x0000003e35000000] [id=15756]

Stack: [0x0000003e34f00000,0x0000003e35000000]
Native frames: (J=compiled Java code, j=interpreted, Vv=VM code, C=native code)
V  [jvm.dll+0x67a04a]
V  [jvm.dll+0x7da4ed]
V  [jvm.dll+0x7dbe33]
V  [jvm.dll+0x7dc4a3]
V  [jvm.dll+0x24508f]
V  [jvm.dll+0x677089]
V  [jvm.dll+0x66bd32]
V  [jvm.dll+0x301fa6]
V  [jvm.dll+0x309546]
V  [jvm.dll+0x359d2e]
V  [jvm.dll+0x359f5f]
V  [jvm.dll+0x2d9078]
V  [jvm.dll+0x2d74ad]
V  [jvm.dll+0x2d6afc]
V  [jvm.dll+0x31a65b]
V  [jvm.dll+0x7e0d9b]
V  [jvm.dll+0x7e1ad4]
V  [jvm.dll+0x7e1fed]
V  [jvm.dll+0x7e23c4]
V  [jvm.dll+0x7e2490]
V  [jvm.dll+0x78abea]
V  [jvm.dll+0x678f35]
C  [ucrtbase.dll+0x29333]
C  [KERNEL32.DLL+0x1257d]
C  [ntdll.dll+0x5af08]

VM_Operation (0x0000003e366f5d30): G1CollectForAllocation, mode: safepoint, requested by thread 0x00000156af7d3890


---------------  P R O C E S S  ---------------

Threads class SMR info:
_java_thread_list=0x00000156afc50f20, length=94, elements={
0x00000156eef868e0, 0x000001568f19cf20, 0x000001568f19dda0, 0x000001568f1b3e30,
0x000001568f1b7910, 0x000001568f1b82d0, 0x000001568f1b8c90, 0x000001568f1be1f0,
0x000001568f1c2cb0, 0x000001568f1c5ad0, 0x000001568f40dbb0, 0x000001568f4116e0,
0x00000156af8ce0d0, 0x00000156afd0dad0, 0x000001568fa03370, 0x000001568f340270,
0x00000156af4fd0a0, 0x00000156af7d1a30, 0x00000156af7d3890, 0x00000156af7d2450,
0x00000156af7d00e0, 0x00000156af7d2e70, 0x00000156af7d05f0, 0x00000156af7d2960,
0x00000156af7d3380, 0x00000156af7d0b00, 0x00000156af7d1010, 0x00000156af7d1520,
0x00000156b089a990, 0x00000156b089aea0, 0x00000156b089bdd0, 0x00000156b089d720,
0x00000156b089b3b0, 0x00000156b089dc30, 0x00000156b0de7fd0, 0x00000156b4f7fa50,
0x00000156b4a4e560, 0x00000156b4a4e050, 0x00000156b2368ad0, 0x00000156b2369a00,
0x00000156b3c23240, 0x00000156b3c24170, 0x00000156b4a4ea70, 0x00000156b3e05cc0,
0x00000156b3c22d30, 0x00000156b3e052a0, 0x00000156b3e057b0, 0x00000156b3e03e60,
0x00000156b3e061d0, 0x00000156b3e07100, 0x00000156b3e04880, 0x00000156b3e03950,
0x00000156b3e066e0, 0x00000156b3e04d90, 0x00000156b3e06bf0, 0x00000156b3e04370,
0x00000156b1d2b580, 0x00000156b47f6760, 0x00000156afcd33d0, 0x00000156afcd4810,
0x00000156b2369f10, 0x00000156b2368fe0, 0x00000156b23694f0, 0x00000156be028ec0,
0x00000156c344e270, 0x00000156c344d850, 0x00000156c344dd60, 0x00000156c344e780,
0x00000156c344ce30, 0x00000156c344d340, 0x00000156bd715f90, 0x00000156bd7173d0,
0x00000156bd718300, 0x00000156bd716ec0, 0x00000156bd718810, 0x00000156bd715060,
0x00000156bd7164a0, 0x00000156bd715570, 0x00000156bd7178e0, 0x00000156bd717df0,
0x00000156bd715a80, 0x00000156bd7169b0, 0x00000156bd6ceec0, 0x00000156bd6cf8e0,
0x00000156bd6cd060, 0x00000156bd6ce9b0, 0x00000156bd6cf3d0, 0x00000156bd6cda80,
0x00000156bd6cfdf0, 0x00000156bd6d0300, 0x00000156b4f7eb20, 0x00000156b4f7dbf0,
0x00000156b47f6c70, 0x00000156c498b070
}

Java Threads: ( => current thread )
  0x00000156eef868e0 JavaThread "main" [_thread_blocked, id=15740, stack(0x0000003e34900000,0x0000003e34a00000)]
  0x000001568f19cf20 JavaThread "Reference Handler" daemon [_thread_blocked, id=22084, stack(0x0000003e35000000,0x0000003e35100000)]
  0x000001568f19dda0 JavaThread "Finalizer" daemon [_thread_blocked, id=19312, stack(0x0000003e35100000,0x0000003e35200000)]
  0x000001568f1b3e30 JavaThread "Signal Dispatcher" daemon [_thread_blocked, id=4668, stack(0x0000003e35200000,0x0000003e35300000)]
  0x000001568f1b7910 JavaThread "Attach Listener" daemon [_thread_blocked, id=23940, stack(0x0000003e35300000,0x0000003e35400000)]
  0x000001568f1b82d0 JavaThread "Service Thread" daemon [_thread_blocked, id=16156, stack(0x0000003e35400000,0x0000003e35500000)]
  0x000001568f1b8c90 JavaThread "Monitor Deflation Thread" daemon [_thread_blocked, id=14544, stack(0x0000003e35500000,0x0000003e35600000)]
  0x000001568f1be1f0 JavaThread "C2 CompilerThread0" daemon [_thread_blocked, id=19956, stack(0x0000003e35600000,0x0000003e35700000)]
  0x000001568f1c2cb0 JavaThread "C1 CompilerThread0" daemon [_thread_blocked, id=22972, stack(0x0000003e35700000,0x0000003e35800000)]
  0x000001568f1c5ad0 JavaThread "Sweeper thread" daemon [_thread_blocked, id=16036, stack(0x0000003e35800000,0x0000003e35900000)]
  0x000001568f40dbb0 JavaThread "Common-Cleaner" daemon [_thread_blocked, id=14468, stack(0x0000003e35900000,0x0000003e35a00000)]
  0x000001568f4116e0 JavaThread "Notification Thread" daemon [_thread_blocked, id=18964, stack(0x0000003e35a00000,0x0000003e35b00000)]
  0x00000156af8ce0d0 JavaThread "Daemon health stats" [_thread_blocked, id=5288, stack(0x0000003e36000000,0x0000003e36100000)]
  0x00000156afd0dad0 JavaThread "Incoming local TCP Connector on port 61929" [_thread_in_native, id=24196, stack(0x0000003e36100000,0x0000003e36200000)]
  0x000001568fa03370 JavaThread "Daemon periodic checks" [_thread_blocked, id=11416, stack(0x0000003e36200000,0x0000003e36300000)]
  0x000001568f340270 JavaThread "Daemon" [_thread_blocked, id=11060, stack(0x0000003e36300000,0x0000003e36400000)]
  0x00000156af4fd0a0 JavaThread "Handler for socket connection from /127.0.0.1:61929 to /127.0.0.1:61930" [_thread_in_native, id=11548, stack(0x0000003e36400000,0x0000003e36500000)]
  0x00000156af7d1a30 JavaThread "Cancel handler" [_thread_blocked, id=19068, stack(0x0000003e36500000,0x0000003e36600000)]
  0x00000156af7d3890 JavaThread "Daemon worker" [_thread_blocked, id=11624, stack(0x0000003e36600000,0x0000003e36700000)]
  0x00000156af7d2450 JavaThread "Asynchronous log dispatcher for DefaultDaemonConnection: socket connection from /127.0.0.1:61929 to /127.0.0.1:61930" [_thread_blocked, id=19344, stack(0x0000003e36700000,0x0000003e36800000)]
  0x00000156af7d00e0 JavaThread "Stdin handler" [_thread_blocked, id=18028, stack(0x0000003e36800000,0x0000003e36900000)]
  0x00000156af7d2e70 JavaThread "Daemon client event forwarder" [_thread_blocked, id=14040, stack(0x0000003e36900000,0x0000003e36a00000)]
  0x00000156af7d05f0 JavaThread "Cache worker for journal cache (C:\Users\LT053\.gradle\caches\journal-1)" [_thread_blocked, id=5148, stack(0x0000003e36a00000,0x0000003e36b00000)]
  0x00000156af7d2960 JavaThread "File lock request listener" [_thread_in_native, id=9708, stack(0x0000003e36b00000,0x0000003e36c00000)]
  0x00000156af7d3380 JavaThread "Cache worker for file hash cache (C:\Users\LT053\.gradle\caches\7.6\fileHashes)" [_thread_blocked, id=9620, stack(0x0000003e36c00000,0x0000003e36d00000)]
  0x00000156af7d0b00 JavaThread "File watcher server" daemon [_thread_blocked, id=5580, stack(0x0000003e37000000,0x0000003e37100000)]
  0x00000156af7d1010 JavaThread "File watcher consumer" daemon [_thread_blocked, id=22128, stack(0x0000003e37100000,0x0000003e37200000)]
  0x00000156af7d1520 JavaThread "Cache worker for checksums cache (C:\Users\LT053\Desktop\SOCIAL-LOGIN-APP\myapp\android\.gradle\7.6\checksums)" [_thread_blocked, id=8736, stack(0x0000003e37200000,0x0000003e37300000)]
  0x00000156b089a990 JavaThread "Cache worker for cache directory md-rule (C:\Users\LT053\.gradle\caches\7.6\md-rule)" [_thread_blocked, id=18108, stack(0x0000003e37300000,0x0000003e37400000)]
  0x00000156b089aea0 JavaThread "Cache worker for file content cache (C:\Users\LT053\.gradle\caches\7.6\fileContent)" [_thread_blocked, id=12128, stack(0x0000003e37400000,0x0000003e37500000)]
  0x00000156b089bdd0 JavaThread "Cache worker for file hash cache (C:\Users\LT053\Desktop\SOCIAL-LOGIN-APP\myapp\android\.gradle\7.6\fileHashes)" [_thread_blocked, id=20780, stack(0x0000003e37500000,0x0000003e37600000)]
  0x00000156b089d720 JavaThread "Cache worker for cache directory md-supplier (C:\Users\LT053\.gradle\caches\7.6\md-supplier)" [_thread_blocked, id=24552, stack(0x0000003e37600000,0x0000003e37700000)]
  0x00000156b089b3b0 JavaThread "Cache worker for execution history cache (C:\Users\LT053\.gradle\caches\7.6\executionHistory)" [_thread_blocked, id=16872, stack(0x0000003e37800000,0x0000003e37900000)]
  0x00000156b089dc30 JavaThread "jar transforms" [_thread_blocked, id=16532, stack(0x0000003e37a00000,0x0000003e37b00000)]
  0x00000156b0de7fd0 JavaThread "Cache worker for kotlin-dsl (C:\Users\LT053\.gradle\caches\7.6\kotlin-dsl)" [_thread_blocked, id=9744, stack(0x0000003e37b00000,0x0000003e37c00000)]
  0x00000156b4f7fa50 JavaThread "jar transforms Thread 2" [_thread_blocked, id=10408, stack(0x0000003e34800000,0x0000003e34900000)]
  0x00000156b4a4e560 JavaThread "Unconstrained build operations" [_thread_blocked, id=3248, stack(0x0000003e34700000,0x0000003e34800000)]
  0x00000156b4a4e050 JavaThread "Unconstrained build operations Thread 2" [_thread_blocked, id=15840, stack(0x0000003e37d00000,0x0000003e37e00000)]
  0x00000156b2368ad0 JavaThread "jar transforms Thread 3" [_thread_blocked, id=2604, stack(0x0000003e37e00000,0x0000003e37f00000)]
  0x00000156b2369a00 JavaThread "jar transforms Thread 4" [_thread_blocked, id=10068, stack(0x0000003e38000000,0x0000003e38100000)]
  0x00000156b3c23240 JavaThread "jar transforms Thread 5" [_thread_blocked, id=12612, stack(0x0000003e38200000,0x0000003e38300000)]
  0x00000156b3c24170 JavaThread "Cache worker for dependencies-accessors (C:\Users\LT053\Desktop\SOCIAL-LOGIN-APP\myapp\android\.gradle\7.6\dependencies-accessors)" [_thread_blocked, id=25592, stack(0x0000003e38300000,0x0000003e38400000)]
  0x00000156b4a4ea70 JavaThread "Cache worker for Build Output Cleanup Cache (C:\Users\LT053\Desktop\SOCIAL-LOGIN-APP\myapp\node_modules\@react-native\gradle-plugin\.gradle\buildOutputCleanup)" [_thread_blocked, id=5996, stack(0x0000003e38400000,0x0000003e38500000)]
  0x00000156b3e05cc0 JavaThread "Kotlin DSL Writer" [_thread_blocked, id=7984, stack(0x0000003e38500000,0x0000003e38600000)]
  0x00000156b3c22d30 JavaThread "jar transforms Thread 6" [_thread_blocked, id=20100, stack(0x0000003e38600000,0x0000003e38700000)]
  0x00000156b3e052a0 JavaThread "Unconstrained build operations Thread 3" [_thread_blocked, id=12824, stack(0x0000003e38100000,0x0000003e38200000)]
  0x00000156b3e057b0 JavaThread "Unconstrained build operations Thread 4" [_thread_blocked, id=16208, stack(0x0000003e38800000,0x0000003e38900000)]
  0x00000156b3e03e60 JavaThread "Unconstrained build operations Thread 5" [_thread_blocked, id=24028, stack(0x0000003e38900000,0x0000003e38a00000)]
  0x00000156b3e061d0 JavaThread "Unconstrained build operations Thread 6" [_thread_blocked, id=16712, stack(0x0000003e38a00000,0x0000003e38b00000)]
  0x00000156b3e07100 JavaThread "Unconstrained build operations Thread 7" [_thread_blocked, id=5652, stack(0x0000003e38b00000,0x0000003e38c00000)]
  0x00000156b3e04880 JavaThread "Unconstrained build operations Thread 8" [_thread_blocked, id=1108, stack(0x0000003e38c00000,0x0000003e38d00000)]
  0x00000156b3e03950 JavaThread "Unconstrained build operations Thread 9" [_thread_blocked, id=20440, stack(0x0000003e38d00000,0x0000003e38e00000)]
  0x00000156b3e066e0 JavaThread "Unconstrained build operations Thread 10" [_thread_blocked, id=19684, stack(0x0000003e38e00000,0x0000003e38f00000)]
  0x00000156b3e04d90 JavaThread "Unconstrained build operations Thread 11" [_thread_blocked, id=22864, stack(0x0000003e38f00000,0x0000003e39000000)]
  0x00000156b3e06bf0 JavaThread "Unconstrained build operations Thread 12" [_thread_blocked, id=20308, stack(0x0000003e39000000,0x0000003e39100000)]
  0x00000156b3e04370 JavaThread "Unconstrained build operations Thread 13" [_thread_blocked, id=9696, stack(0x0000003e39100000,0x0000003e39200000)]
  0x00000156b1d2b580 JavaThread "Unconstrained build operations Thread 14" [_thread_blocked, id=17380, stack(0x0000003e39200000,0x0000003e39300000)]
  0x00000156b47f6760 JavaThread "Unconstrained build operations Thread 15" [_thread_blocked, id=8760, stack(0x0000003e39400000,0x0000003e39500000)]
  0x00000156afcd33d0 JavaThread "Unconstrained build operations Thread 16" [_thread_blocked, id=11392, stack(0x0000003e39500000,0x0000003e39600000)]
  0x00000156afcd4810 JavaThread "Unconstrained build operations Thread 17" [_thread_blocked, id=6088, stack(0x0000003e39600000,0x0000003e39700000)]
  0x00000156b2369f10 JavaThread "Unconstrained build operations Thread 18" [_thread_blocked, id=3708, stack(0x0000003e39700000,0x0000003e39800000)]
  0x00000156b2368fe0 JavaThread "Unconstrained build operations Thread 19" [_thread_blocked, id=2596, stack(0x0000003e39800000,0x0000003e39900000)]
  0x00000156b23694f0 JavaThread "Unconstrained build operations Thread 20" [_thread_blocked, id=22004, stack(0x0000003e39900000,0x0000003e39a00000)]
  0x00000156be028ec0 JavaThread "Unconstrained build operations Thread 21" [_thread_blocked, id=9952, stack(0x0000003e39a00000,0x0000003e39b00000)]
  0x00000156c344e270 JavaThread "Unconstrained build operations Thread 22" [_thread_blocked, id=24200, stack(0x0000003e39300000,0x0000003e39400000)]
  0x00000156c344d850 JavaThread "Unconstrained build operations Thread 23" [_thread_blocked, id=15520, stack(0x0000003e39b00000,0x0000003e39c00000)]
  0x00000156c344dd60 JavaThread "Unconstrained build operations Thread 24" [_thread_blocked, id=12104, stack(0x0000003e39c00000,0x0000003e39d00000)]
  0x00000156c344e780 JavaThread "Unconstrained build operations Thread 25" [_thread_blocked, id=19908, stack(0x0000003e39d00000,0x0000003e39e00000)]
  0x00000156c344ce30 JavaThread "Unconstrained build operations Thread 26" [_thread_blocked, id=16852, stack(0x0000003e39e00000,0x0000003e39f00000)]
  0x00000156c344d340 JavaThread "Unconstrained build operations Thread 27" [_thread_blocked, id=15480, stack(0x0000003e39f00000,0x0000003e3a000000)]
  0x00000156bd715f90 JavaThread "Unconstrained build operations Thread 28" [_thread_blocked, id=19512, stack(0x0000003e3a000000,0x0000003e3a100000)]
  0x00000156bd7173d0 JavaThread "Unconstrained build operations Thread 29" [_thread_blocked, id=19088, stack(0x0000003e3a100000,0x0000003e3a200000)]
  0x00000156bd718300 JavaThread "Unconstrained build operations Thread 30" [_thread_blocked, id=3412, stack(0x0000003e3a200000,0x0000003e3a300000)]
  0x00000156bd716ec0 JavaThread "Unconstrained build operations Thread 31" [_thread_blocked, id=21200, stack(0x0000003e3a300000,0x0000003e3a400000)]
  0x00000156bd718810 JavaThread "Unconstrained build operations Thread 32" [_thread_blocked, id=1528, stack(0x0000003e3a400000,0x0000003e3a500000)]
  0x00000156bd715060 JavaThread "Unconstrained build operations Thread 33" [_thread_blocked, id=13664, stack(0x0000003e3a500000,0x0000003e3a600000)]
  0x00000156bd7164a0 JavaThread "Unconstrained build operations Thread 34" [_thread_blocked, id=9800, stack(0x0000003e3a600000,0x0000003e3a700000)]
  0x00000156bd715570 JavaThread "Unconstrained build operations Thread 35" [_thread_blocked, id=20532, stack(0x0000003e3a700000,0x0000003e3a800000)]
  0x00000156bd7178e0 JavaThread "Unconstrained build operations Thread 36" [_thread_blocked, id=8436, stack(0x0000003e3a800000,0x0000003e3a900000)]
  0x00000156bd717df0 JavaThread "Unconstrained build operations Thread 37" [_thread_blocked, id=9752, stack(0x0000003e3a900000,0x0000003e3aa00000)]
  0x00000156bd715a80 JavaThread "Unconstrained build operations Thread 38" [_thread_blocked, id=7028, stack(0x0000003e3aa00000,0x0000003e3ab00000)]
  0x00000156bd7169b0 JavaThread "Unconstrained build operations Thread 39" [_thread_blocked, id=16200, stack(0x0000003e3ab00000,0x0000003e3ac00000)]
  0x00000156bd6ceec0 JavaThread "Unconstrained build operations Thread 40" [_thread_blocked, id=21128, stack(0x0000003e3ac00000,0x0000003e3ad00000)]
  0x00000156bd6cf8e0 JavaThread "Unconstrained build operations Thread 41" [_thread_blocked, id=10136, stack(0x0000003e3ad00000,0x0000003e3ae00000)]
  0x00000156bd6cd060 JavaThread "Unconstrained build operations Thread 42" [_thread_blocked, id=10872, stack(0x0000003e3ae00000,0x0000003e3af00000)]
  0x00000156bd6ce9b0 JavaThread "Unconstrained build operations Thread 43" [_thread_blocked, id=16812, stack(0x0000003e3af00000,0x0000003e3b000000)]
  0x00000156bd6cf3d0 JavaThread "Unconstrained build operations Thread 44" [_thread_blocked, id=6864, stack(0x0000003e3b000000,0x0000003e3b100000)]
  0x00000156bd6cda80 JavaThread "Unconstrained build operations Thread 45" [_thread_blocked, id=1268, stack(0x0000003e3b100000,0x0000003e3b200000)]
  0x00000156bd6cfdf0 JavaThread "Unconstrained build operations Thread 46" [_thread_blocked, id=13848, stack(0x0000003e3b200000,0x0000003e3b300000)]
  0x00000156bd6d0300 JavaThread "Unconstrained build operations Thread 47" [_thread_blocked, id=21012, stack(0x0000003e3b300000,0x0000003e3b400000)]
  0x00000156b4f7eb20 JavaThread "jar transforms Thread 7" [_thread_blocked, id=1392, stack(0x0000003e34600000,0x0000003e34700000)]
  0x00000156b4f7dbf0 JavaThread "jar transforms Thread 8" [_thread_blocked, id=10916, stack(0x0000003e3b400000,0x0000003e3b500000)]
  0x00000156b47f6c70 JavaThread "Memory manager" [_thread_blocked, id=14864, stack(0x0000003e3b700000,0x0000003e3b800000)]
  0x00000156c498b070 JavaThread "C2 CompilerThread1" daemon [_thread_blocked, id=10580, stack(0x0000003e3b500000,0x0000003e3b600000)]

Other Threads:
=>0x000001568f19ab90 VMThread "VM Thread" [stack: 0x0000003e34f00000,0x0000003e35000000] [id=15756]
  0x000001568f41a1c0 WatcherThread [stack: 0x0000003e35b00000,0x0000003e35c00000] [id=19148]
  0x00000156eefe2de0 GCTaskThread "GC Thread#0" [stack: 0x0000003e34a00000,0x0000003e34b00000] [id=23304]
  0x000001568f5b80e0 GCTaskThread "GC Thread#1" [stack: 0x0000003e35d00000,0x0000003e35e00000] [id=3520]
  0x000001568f5b83a0 GCTaskThread "GC Thread#2" [stack: 0x0000003e35e00000,0x0000003e35f00000] [id=23672]
  0x00000156af445380 GCTaskThread "GC Thread#3" [stack: 0x0000003e35f00000,0x0000003e36000000] [id=8224]
  0x00000156af43efc0 GCTaskThread "GC Thread#4" [stack: 0x0000003e35c00000,0x0000003e35d00000] [id=11540]
  0x00000156af30c940 GCTaskThread "GC Thread#5" [stack: 0x0000003e36d00000,0x0000003e36e00000] [id=14328]
  0x00000156b16fdfe0 GCTaskThread "GC Thread#6" [stack: 0x0000003e36e00000,0x0000003e36f00000] [id=19764]
  0x00000156b17aae70 GCTaskThread "GC Thread#7" [stack: 0x0000003e36f00000,0x0000003e37000000] [id=20112]
  0x00000156eeff3d30 ConcurrentGCThread "G1 Main Marker" [stack: 0x0000003e34b00000,0x0000003e34c00000] [id=16008]
  0x00000156eeff5750 ConcurrentGCThread "G1 Conc#0" [stack: 0x0000003e34c00000,0x0000003e34d00000] [id=10352]
  0x00000156b0c24de0 ConcurrentGCThread "G1 Conc#1" [stack: 0x0000003e37700000,0x0000003e37800000] [id=1964]
  0x00000156ef04e580 ConcurrentGCThread "G1 Refine#0" [stack: 0x0000003e34d00000,0x0000003e34e00000] [id=4564]
  0x00000156b23b4ab0 ConcurrentGCThread "G1 Refine#1" [stack: 0x0000003e37f00000,0x0000003e38000000] [id=11748]
  0x000001568f054130 ConcurrentGCThread "G1 Service" [stack: 0x0000003e34e00000,0x0000003e34f00000] [id=17404]

Threads with active compile tasks:
C2 CompilerThread0    86800 22279       4       org.objectweb.asm.ClassReader::readCode (5109 bytes)
C2 CompilerThread1    86800 22514       4       org.gradle.internal.normalization.java.impl.ApiMemberWriter::writeClass (275 bytes)

VM state: at safepoint (normal execution)

VM Mutex/Monitor currently owned by a thread:  ([mutex/lock_event])
[0x00000156eef82590] Threads_lock - owner thread: 0x000001568f19ab90
[0x00000156eef84360] Heap_lock - owner thread: 0x00000156af7d3890

Heap address: 0x0000000080000000, size: 2048 MB, Compressed Oops mode: 32-bit

CDS archive(s) mapped at: [0x0000015690000000-0x0000015690bd0000-0x0000015690bd0000), size 12386304, SharedBaseAddress: 0x0000015690000000, ArchiveRelocationMode: 1.
Compressed class space mapped at: 0x0000015691000000-0x00000156ab000000, reserved size: 436207616
Narrow klass base: 0x0000015690000000, Narrow klass shift: 0, Narrow klass range: 0x100000000

GC Precious Log:
 CPUs: 8 total, 8 available
 Memory: 7952M
 Large Page Support: Disabled
 NUMA Support: Disabled
 Compressed Oops: Enabled (32-bit)
 Heap Region Size: 1M
 Heap Min Capacity: 8M
 Heap Initial Capacity: 126M
 Heap Max Capacity: 2G
 Pre-touch: Disabled
 Parallel Workers: 8
 Concurrent Workers: 2
 Concurrent Refinement Workers: 8
 Periodic GC: Disabled

Heap:
 garbage-first heap   total 287744K, used 101334K [0x0000000080000000, 0x0000000100000000)
  region size 1024K, 1 young (1024K), 1 survivors (1024K)
 Metaspace       used 127452K, committed 128128K, reserved 557056K
  class space    used 15701K, committed 16000K, reserved 425984K

Heap Regions: E=young(eden), S=young(survivor), O=old, HS=humongous(starts), HC=humongous(continues), CS=collection set, F=free, OA=open archive, CA=closed archive, TAMS=top-at-mark-start (previous, next)
|   0|0x0000000080000000, 0x0000000080100000, 0x0000000080100000|100%|HS|  |TAMS 0x0000000080100000, 0x0000000080000000| Complete 
|   1|0x0000000080100000, 0x0000000080200000, 0x0000000080200000|100%|HC|  |TAMS 0x0000000080200000, 0x0000000080100000| Complete 
|   2|0x0000000080200000, 0x0000000080300000, 0x0000000080300000|100%|HC|  |TAMS 0x0000000080300000, 0x0000000080200000| Complete 
|   3|0x0000000080300000, 0x0000000080400000, 0x0000000080400000|100%| O|  |TAMS 0x0000000080400000, 0x0000000080300000| Untracked 
|   4|0x0000000080400000, 0x0000000080400000, 0x0000000080500000|  0%| F|  |TAMS 0x0000000080400000, 0x0000000080400000| Untracked 
|   5|0x0000000080500000, 0x0000000080600000, 0x0000000080600000|100%| O|  |TAMS 0x0000000080600000, 0x0000000080500000| Untracked 
|   6|0x0000000080600000, 0x0000000080700000, 0x0000000080700000|100%| O|  |TAMS 0x0000000080700000, 0x0000000080600000| Untracked 
|   7|0x0000000080700000, 0x0000000080800000, 0x0000000080800000|100%| O|  |TAMS 0x0000000080800000, 0x0000000080700000| Untracked 
|   8|0x0000000080800000, 0x0000000080900000, 0x0000000080900000|100%| O|  |TAMS 0x0000000080900000, 0x0000000080800000| Untracked 
|   9|0x0000000080900000, 0x0000000080a00000, 0x0000000080a00000|100%| O|  |TAMS 0x0000000080a00000, 0x0000000080900000| Untracked 
|  10|0x0000000080a00000, 0x0000000080b00000, 0x0000000080b00000|100%| O|  |TAMS 0x0000000080b00000, 0x0000000080a00000| Untracked 
|  11|0x0000000080b00000, 0x0000000080c00000, 0x0000000080c00000|100%| O|  |TAMS 0x0000000080c00000, 0x0000000080b00000| Untracked 
|  12|0x0000000080c00000, 0x0000000080d00000, 0x0000000080d00000|100%| O|  |TAMS 0x0000000080d00000, 0x0000000080c00000| Untracked 
|  13|0x0000000080d00000, 0x0000000080e00000, 0x0000000080e00000|100%| O|  |TAMS 0x0000000080e00000, 0x0000000080d00000| Untracked 
|  14|0x0000000080e00000, 0x0000000080f00000, 0x0000000080f00000|100%| O|  |TAMS 0x0000000080f00000, 0x0000000080e00000| Untracked 
|  15|0x0000000080f00000, 0x0000000081000000, 0x0000000081000000|100%| O|  |TAMS 0x0000000081000000, 0x0000000080f00000| Untracked 
|  16|0x0000000081000000, 0x0000000081100000, 0x0000000081100000|100%| O|  |TAMS 0x0000000081100000, 0x0000000081000000| Untracked 
|  17|0x0000000081100000, 0x0000000081200000, 0x0000000081200000|100%| O|  |TAMS 0x0000000081200000, 0x0000000081100000| Untracked 
|  18|0x0000000081200000, 0x0000000081300000, 0x0000000081300000|100%| O|  |TAMS 0x0000000081300000, 0x0000000081200000| Untracked 
|  19|0x0000000081300000, 0x0000000081400000, 0x0000000081400000|100%| O|  |TAMS 0x0000000081300000, 0x0000000081300000| Untracked 
|  20|0x0000000081400000, 0x0000000081500000, 0x0000000081500000|100%| O|  |TAMS 0x0000000081500000, 0x0000000081400000| Untracked 
|  21|0x0000000081500000, 0x0000000081600000, 0x0000000081600000|100%| O|  |TAMS 0x0000000081600000, 0x0000000081500000| Untracked 
|  22|0x0000000081600000, 0x0000000081700000, 0x0000000081700000|100%| O|  |TAMS 0x0000000081700000, 0x0000000081600000| Untracked 
|  23|0x0000000081700000, 0x0000000081800000, 0x0000000081800000|100%| O|  |TAMS 0x0000000081800000, 0x0000000081700000| Untracked 
|  24|0x0000000081800000, 0x0000000081900000, 0x0000000081900000|100%| O|  |TAMS 0x0000000081900000, 0x0000000081800000| Untracked 
|  25|0x0000000081900000, 0x0000000081a00000, 0x0000000081a00000|100%| O|  |TAMS 0x0000000081a00000, 0x0000000081900000| Untracked 
|  26|0x0000000081a00000, 0x0000000081b00000, 0x0000000081b00000|100%| O|  |TAMS 0x0000000081b00000, 0x0000000081a00000| Untracked 
|  27|0x0000000081b00000, 0x0000000081c00000, 0x0000000081c00000|100%| O|  |TAMS 0x0000000081c00000, 0x0000000081b00000| Untracked 
|  28|0x0000000081c00000, 0x0000000081d00000, 0x0000000081d00000|100%| O|  |TAMS 0x0000000081d00000, 0x0000000081c00000| Untracked 
|  29|0x0000000081d00000, 0x0000000081e00000, 0x0000000081e00000|100%| O|  |TAMS 0x0000000081e00000, 0x0000000081d00000| Untracked 
|  30|0x0000000081e00000, 0x0000000081f00000, 0x0000000081f00000|100%| O|  |TAMS 0x0000000081f00000, 0x0000000081e00000| Untracked 
|  31|0x0000000081f00000, 0x0000000082000000, 0x0000000082000000|100%| O|  |TAMS 0x0000000082000000, 0x0000000081f00000| Untracked 
|  32|0x0000000082000000, 0x0000000082100000, 0x0000000082100000|100%| O|  |TAMS 0x0000000082100000, 0x0000000082000000| Untracked 
|  33|0x0000000082100000, 0x0000000082200000, 0x0000000082200000|100%| O|  |TAMS 0x0000000082200000, 0x0000000082100000| Untracked 
|  34|0x0000000082200000, 0x0000000082300000, 0x0000000082300000|100%| O|  |TAMS 0x0000000082300000, 0x0000000082200000| Untracked 
|  35|0x0000000082300000, 0x0000000082400000, 0x0000000082400000|100%| O|  |TAMS 0x0000000082400000, 0x0000000082300000| Untracked 
|  36|0x0000000082400000, 0x0000000082500000, 0x0000000082500000|100%| O|  |TAMS 0x0000000082500000, 0x0000000082400000| Untracked 
|  37|0x0000000082500000, 0x0000000082600000, 0x0000000082600000|100%| O|  |TAMS 0x0000000082600000, 0x0000000082500000| Untracked 
|  38|0x0000000082600000, 0x0000000082700000, 0x0000000082700000|100%| O|  |TAMS 0x0000000082700000, 0x0000000082600000| Untracked 
|  39|0x0000000082700000, 0x0000000082800000, 0x0000000082800000|100%| O|  |TAMS 0x0000000082800000, 0x0000000082700000| Untracked 
|  40|0x0000000082800000, 0x0000000082900000, 0x0000000082900000|100%| O|  |TAMS 0x0000000082900000, 0x0000000082800000| Untracked 
|  41|0x0000000082900000, 0x0000000082a00000, 0x0000000082a00000|100%| O|  |TAMS 0x0000000082a00000, 0x0000000082900000| Untracked 
|  42|0x0000000082a00000, 0x0000000082b00000, 0x0000000082b00000|100%| O|  |TAMS 0x0000000082b00000, 0x0000000082a00000| Untracked 
|  43|0x0000000082b00000, 0x0000000082c00000, 0x0000000082c00000|100%| O|  |TAMS 0x0000000082c00000, 0x0000000082b00000| Untracked 
|  44|0x0000000082c00000, 0x0000000082d00000, 0x0000000082d00000|100%| O|  |TAMS 0x0000000082d00000, 0x0000000082c00000| Untracked 
|  45|0x0000000082d00000, 0x0000000082e00000, 0x0000000082e00000|100%| O|  |TAMS 0x0000000082e00000, 0x0000000082d00000| Untracked 
|  46|0x0000000082e00000, 0x0000000082f00000, 0x0000000082f00000|100%| O|  |TAMS 0x0000000082f00000, 0x0000000082e00000| Untracked 
|  47|0x0000000082f00000, 0x0000000083000000, 0x0000000083000000|100%| O|  |TAMS 0x0000000082f0f600, 0x0000000082f00000| Untracked 
|  48|0x0000000083000000, 0x0000000083000000, 0x0000000083100000|  0%| F|  |TAMS 0x0000000083000000, 0x0000000083000000| Untracked 
|  49|0x0000000083100000, 0x0000000083100000, 0x0000000083200000|  0%| F|  |TAMS 0x0000000083100000, 0x0000000083100000| Untracked 
|  50|0x0000000083200000, 0x0000000083300000, 0x0000000083300000|100%|HS|  |TAMS 0x0000000083300000, 0x0000000083200000| Complete 
|  51|0x0000000083300000, 0x0000000083400000, 0x0000000083400000|100%|HC|  |TAMS 0x0000000083400000, 0x0000000083300000| Complete 
|  52|0x0000000083400000, 0x0000000083500000, 0x0000000083500000|100%|HC|  |TAMS 0x0000000083500000, 0x0000000083400000| Complete 
|  53|0x0000000083500000, 0x0000000083600000, 0x0000000083600000|100%| O|  |TAMS 0x0000000083600000, 0x0000000083500000| Untracked 
|  54|0x0000000083600000, 0x0000000083700000, 0x0000000083700000|100%| O|  |TAMS 0x0000000083700000, 0x0000000083600000| Untracked 
|  55|0x0000000083700000, 0x0000000083800000, 0x0000000083800000|100%| O|  |TAMS 0x0000000083800000, 0x0000000083700000| Untracked 
|  56|0x0000000083800000, 0x0000000083900000, 0x0000000083900000|100%| O|  |TAMS 0x0000000083900000, 0x0000000083800000| Untracked 
|  57|0x0000000083900000, 0x0000000083a00000, 0x0000000083a00000|100%| O|  |TAMS 0x0000000083a00000, 0x0000000083900000| Untracked 
|  58|0x0000000083a00000, 0x0000000083b00000, 0x0000000083b00000|100%| O|  |TAMS 0x0000000083b00000, 0x0000000083a00000| Untracked 
|  59|0x0000000083b00000, 0x0000000083c00000, 0x0000000083c00000|100%| O|  |TAMS 0x0000000083c00000, 0x0000000083b00000| Untracked 
|  60|0x0000000083c00000, 0x0000000083d00000, 0x0000000083d00000|100%| O|  |TAMS 0x0000000083d00000, 0x0000000083c00000| Untracked 
|  61|0x0000000083d00000, 0x0000000083e00000, 0x0000000083e00000|100%| O|  |TAMS 0x0000000083e00000, 0x0000000083d00000| Untracked 
|  62|0x0000000083e00000, 0x0000000083f00000, 0x0000000083f00000|100%| O|  |TAMS 0x0000000083f00000, 0x0000000083e00000| Untracked 
|  63|0x0000000083f00000, 0x0000000083f4b200, 0x0000000084000000| 29%| O|  |TAMS 0x0000000083f00000, 0x0000000083f00000| Untracked 
|  64|0x0000000084000000, 0x0000000084100000, 0x0000000084100000|100%|HS|  |TAMS 0x0000000084000000, 0x0000000084000000| Complete 
|  65|0x0000000084100000, 0x0000000084200000, 0x0000000084200000|100%|HC|  |TAMS 0x0000000084100000, 0x0000000084100000| Complete 
|  66|0x0000000084200000, 0x0000000084300000, 0x0000000084300000|100%|HC|  |TAMS 0x0000000084200000, 0x0000000084200000| Complete 
|  67|0x0000000084300000, 0x0000000084400000, 0x0000000084400000|100%|HC|  |TAMS 0x0000000084300000, 0x0000000084300000| Complete 
|  68|0x0000000084400000, 0x0000000084500000, 0x0000000084500000|100%| O|  |TAMS 0x0000000084500000, 0x0000000084400000| Untracked 
|  69|0x0000000084500000, 0x0000000084600000, 0x0000000084600000|100%| O|  |TAMS 0x0000000084600000, 0x0000000084500000| Untracked 
|  70|0x0000000084600000, 0x0000000084700000, 0x0000000084700000|100%| O|  |TAMS 0x0000000084700000, 0x0000000084600000| Untracked 
|  71|0x0000000084700000, 0x0000000084800000, 0x0000000084800000|100%| O|  |TAMS 0x0000000084800000, 0x0000000084700000| Untracked 
|  72|0x0000000084800000, 0x0000000084900000, 0x0000000084900000|100%| O|  |TAMS 0x0000000084900000, 0x0000000084800000| Untracked 
|  73|0x0000000084900000, 0x0000000084a00000, 0x0000000084a00000|100%| O|  |TAMS 0x0000000084a00000, 0x0000000084900000| Untracked 
|  74|0x0000000084a00000, 0x0000000084b00000, 0x0000000084b00000|100%| O|  |TAMS 0x0000000084b00000, 0x0000000084a00000| Untracked 
|  75|0x0000000084b00000, 0x0000000084c00000, 0x0000000084c00000|100%| O|  |TAMS 0x0000000084c00000, 0x0000000084b00000| Untracked 
|  76|0x0000000084c00000, 0x0000000084d00000, 0x0000000084d00000|100%| O|  |TAMS 0x0000000084d00000, 0x0000000084c00000| Untracked 
|  77|0x0000000084d00000, 0x0000000084d00000, 0x0000000084e00000|  0%| F|  |TAMS 0x0000000084d00000, 0x0000000084d00000| Untracked 
|  78|0x0000000084e00000, 0x0000000084e00000, 0x0000000084f00000|  0%| F|  |TAMS 0x0000000084e00000, 0x0000000084e00000| Untracked 
|  79|0x0000000084f00000, 0x0000000084f00000, 0x0000000085000000|  0%| F|  |TAMS 0x0000000084f00000, 0x0000000084f00000| Untracked 
|  80|0x0000000085000000, 0x0000000085100000, 0x0000000085100000|100%| O|  |TAMS 0x0000000085100000, 0x0000000085000000| Untracked 
|  81|0x0000000085100000, 0x0000000085100000, 0x0000000085200000|  0%| F|  |TAMS 0x0000000085100000, 0x0000000085100000| Untracked 
|  82|0x0000000085200000, 0x0000000085200000, 0x0000000085300000|  0%| F|  |TAMS 0x0000000085200000, 0x0000000085200000| Untracked 
|  83|0x0000000085300000, 0x0000000085300000, 0x0000000085400000|  0%| F|  |TAMS 0x0000000085300000, 0x0000000085300000| Untracked 
|  84|0x0000000085400000, 0x0000000085400000, 0x0000000085500000|  0%| F|  |TAMS 0x0000000085400000, 0x0000000085400000| Untracked 
|  85|0x0000000085500000, 0x0000000085500000, 0x0000000085600000|  0%| F|  |TAMS 0x0000000085500000, 0x0000000085500000| Untracked 
|  86|0x0000000085600000, 0x0000000085600000, 0x0000000085700000|  0%| F|  |TAMS 0x0000000085600000, 0x0000000085600000| Untracked 
|  87|0x0000000085700000, 0x0000000085800000, 0x0000000085800000|100%| O|  |TAMS 0x0000000085800000, 0x0000000085700000| Untracked 
|  88|0x0000000085800000, 0x0000000085900000, 0x0000000085900000|100%| O|  |TAMS 0x0000000085900000, 0x0000000085800000| Untracked 
|  89|0x0000000085900000, 0x0000000085a00000, 0x0000000085a00000|100%|HS|  |TAMS 0x0000000085a00000, 0x0000000085900000| Complete 
|  90|0x0000000085a00000, 0x0000000085b00000, 0x0000000085b00000|100%|HC|  |TAMS 0x0000000085b00000, 0x0000000085a00000| Complete 
|  91|0x0000000085b00000, 0x0000000085c00000, 0x0000000085c00000|100%|HC|  |TAMS 0x0000000085c00000, 0x0000000085b00000| Complete 
|  92|0x0000000085c00000, 0x0000000085d00000, 0x0000000085d00000|100%|HC|  |TAMS 0x0000000085d00000, 0x0000000085c00000| Complete 
|  93|0x0000000085d00000, 0x0000000085e00000, 0x0000000085e00000|100%|HC|  |TAMS 0x0000000085e00000, 0x0000000085d00000| Complete 
|  94|0x0000000085e00000, 0x0000000085f00000, 0x0000000085f00000|100%|HC|  |TAMS 0x0000000085f00000, 0x0000000085e00000| Complete 
|  95|0x0000000085f00000, 0x0000000085f00000, 0x0000000086000000|  0%| F|  |TAMS 0x0000000085f00000, 0x0000000085f00000| Untracked 
|  96|0x0000000086000000, 0x0000000086000000, 0x0000000086100000|  0%| F|  |TAMS 0x0000000086000000, 0x0000000086000000| Untracked 
|  97|0x0000000086100000, 0x0000000086200000, 0x0000000086200000|100%| O|  |TAMS 0x0000000086200000, 0x0000000086100000| Untracked 
|  98|0x0000000086200000, 0x0000000086200000, 0x0000000086300000|  0%| F|  |TAMS 0x0000000086200000, 0x0000000086200000| Untracked 
|  99|0x0000000086300000, 0x0000000086300000, 0x0000000086400000|  0%| F|  |TAMS 0x0000000086300000, 0x0000000086300000| Untracked 
| 100|0x0000000086400000, 0x0000000086400000, 0x0000000086500000|  0%| F|  |TAMS 0x0000000086400000, 0x0000000086400000| Untracked 
| 101|0x0000000086500000, 0x0000000086500000, 0x0000000086600000|  0%| F|  |TAMS 0x0000000086500000, 0x0000000086500000| Untracked 
| 102|0x0000000086600000, 0x0000000086600000, 0x0000000086700000|  0%| F|  |TAMS 0x0000000086600000, 0x0000000086600000| Untracked 
| 103|0x0000000086700000, 0x0000000086800000, 0x0000000086800000|100%| O|  |TAMS 0x0000000086800000, 0x0000000086700000| Untracked 
| 104|0x0000000086800000, 0x0000000086800000, 0x0000000086900000|  0%| F|  |TAMS 0x0000000086800000, 0x0000000086800000| Untracked 
| 105|0x0000000086900000, 0x0000000086900000, 0x0000000086a00000|  0%| F|  |TAMS 0x0000000086900000, 0x0000000086900000| Untracked 
| 106|0x0000000086a00000, 0x0000000086a00000, 0x0000000086b00000|  0%| F|  |TAMS 0x0000000086a00000, 0x0000000086a00000| Untracked 
| 107|0x0000000086b00000, 0x0000000086b00000, 0x0000000086c00000|  0%| F|  |TAMS 0x0000000086b00000, 0x0000000086b00000| Untracked 
| 108|0x0000000086c00000, 0x0000000086c00000, 0x0000000086d00000|  0%| F|  |TAMS 0x0000000086c00000, 0x0000000086c00000| Untracked 
| 109|0x0000000086d00000, 0x0000000086d00000, 0x0000000086e00000|  0%| F|  |TAMS 0x0000000086d00000, 0x0000000086d00000| Untracked 
| 110|0x0000000086e00000, 0x0000000086e00000, 0x0000000086f00000|  0%| F|  |TAMS 0x0000000086e00000, 0x0000000086e00000| Untracked 
| 111|0x0000000086f00000, 0x0000000087000000, 0x0000000087000000|100%| O|  |TAMS 0x0000000087000000, 0x0000000086f00000| Untracked 
| 112|0x0000000087000000, 0x0000000087100000, 0x0000000087100000|100%| O|  |TAMS 0x0000000087100000, 0x0000000087000000| Untracked 
| 113|0x0000000087100000, 0x0000000087200000, 0x0000000087200000|100%| O|  |TAMS 0x0000000087200000, 0x0000000087100000| Untracked 
| 114|0x0000000087200000, 0x0000000087300000, 0x0000000087300000|100%| O|  |TAMS 0x0000000087300000, 0x0000000087200000| Untracked 
| 115|0x0000000087300000, 0x0000000087400000, 0x0000000087400000|100%| O|  |TAMS 0x0000000087400000, 0x0000000087300000| Untracked 
| 116|0x0000000087400000, 0x0000000087500000, 0x0000000087500000|100%| O|  |TAMS 0x0000000087500000, 0x0000000087400000| Untracked 
| 117|0x0000000087500000, 0x0000000087600000, 0x0000000087600000|100%| O|  |TAMS 0x0000000087600000, 0x0000000087500000| Untracked 
| 118|0x0000000087600000, 0x0000000087600000, 0x0000000087700000|  0%| F|  |TAMS 0x0000000087600000, 0x0000000087600000| Untracked 
| 119|0x0000000087700000, 0x0000000087700000, 0x0000000087800000|  0%| F|  |TAMS 0x0000000087700000, 0x0000000087700000| Untracked 
| 120|0x0000000087800000, 0x0000000087900000, 0x0000000087900000|100%| O|  |TAMS 0x0000000087900000, 0x0000000087800000| Untracked 
| 121|0x0000000087900000, 0x0000000087a00000, 0x0000000087a00000|100%| O|  |TAMS 0x0000000087a00000, 0x0000000087900000| Untracked 
| 122|0x0000000087a00000, 0x0000000087b00000, 0x0000000087b00000|100%| O|  |TAMS 0x0000000087b00000, 0x0000000087a00000| Untracked 
| 123|0x0000000087b00000, 0x0000000087c00000, 0x0000000087c00000|100%| O|  |TAMS 0x0000000087c00000, 0x0000000087b00000| Untracked 
| 124|0x0000000087c00000, 0x0000000087d00000, 0x0000000087d00000|100%| O|  |TAMS 0x0000000087d00000, 0x0000000087c00000| Untracked 
| 125|0x0000000087d00000, 0x0000000087e00000, 0x0000000087e00000|100%| O|  |TAMS 0x0000000087e00000, 0x0000000087d00000| Untracked 
| 126|0x0000000087e00000, 0x0000000087f00000, 0x0000000087f00000|100%| O|  |TAMS 0x0000000087f00000, 0x0000000087e00000| Untracked 
| 127|0x0000000087f00000, 0x0000000087f00000, 0x0000000088000000|  0%| F|  |TAMS 0x0000000087f00000, 0x0000000087f00000| Untracked 
| 128|0x0000000088000000, 0x0000000088000000, 0x0000000088100000|  0%| F|  |TAMS 0x0000000088000000, 0x0000000088000000| Untracked 
| 129|0x0000000088100000, 0x00000000881aa708, 0x0000000088200000| 66%| S|CS|TAMS 0x0000000088100000, 0x0000000088100000| Complete 
| 130|0x0000000088200000, 0x0000000088200000, 0x0000000088300000|  0%| F|  |TAMS 0x0000000088200000, 0x0000000088200000| Untracked 
| 131|0x0000000088300000, 0x0000000088300000, 0x0000000088400000|  0%| F|  |TAMS 0x0000000088300000, 0x0000000088300000| Untracked 
| 132|0x0000000088400000, 0x0000000088400000, 0x0000000088500000|  0%| F|  |TAMS 0x0000000088400000, 0x0000000088400000| Untracked 
| 133|0x0000000088500000, 0x0000000088500000, 0x0000000088600000|  0%| F|  |TAMS 0x0000000088500000, 0x0000000088500000| Untracked 
| 134|0x0000000088600000, 0x0000000088600000, 0x0000000088700000|  0%| F|  |TAMS 0x0000000088600000, 0x0000000088600000| Untracked 
| 135|0x0000000088700000, 0x0000000088700000, 0x0000000088800000|  0%| F|  |TAMS 0x0000000088700000, 0x0000000088700000| Untracked 
| 136|0x0000000088800000, 0x0000000088800000, 0x0000000088900000|  0%| F|  |TAMS 0x0000000088800000, 0x0000000088800000| Untracked 
| 137|0x0000000088900000, 0x0000000088900000, 0x0000000088a00000|  0%| F|  |TAMS 0x0000000088900000, 0x0000000088900000| Untracked 
| 138|0x0000000088a00000, 0x0000000088a00000, 0x0000000088b00000|  0%| F|  |TAMS 0x0000000088a00000, 0x0000000088a00000| Untracked 
| 139|0x0000000088b00000, 0x0000000088b00000, 0x0000000088c00000|  0%| F|  |TAMS 0x0000000088b00000, 0x0000000088b00000| Untracked 
| 140|0x0000000088c00000, 0x0000000088c00000, 0x0000000088d00000|  0%| F|  |TAMS 0x0000000088c00000, 0x0000000088c00000| Untracked 
| 141|0x0000000088d00000, 0x0000000088d00000, 0x0000000088e00000|  0%| F|  |TAMS 0x0000000088d00000, 0x0000000088d00000| Untracked 
| 142|0x0000000088e00000, 0x0000000088e00000, 0x0000000088f00000|  0%| F|  |TAMS 0x0000000088e00000, 0x0000000088e00000| Untracked 
| 143|0x0000000088f00000, 0x0000000088f00000, 0x0000000089000000|  0%| F|  |TAMS 0x0000000088f00000, 0x0000000088f00000| Untracked 
| 144|0x0000000089000000, 0x0000000089000000, 0x0000000089100000|  0%| F|  |TAMS 0x0000000089000000, 0x0000000089000000| Untracked 
| 145|0x0000000089100000, 0x0000000089100000, 0x0000000089200000|  0%| F|  |TAMS 0x0000000089100000, 0x0000000089100000| Untracked 
| 146|0x0000000089200000, 0x0000000089200000, 0x0000000089300000|  0%| F|  |TAMS 0x0000000089200000, 0x0000000089200000| Untracked 
| 147|0x0000000089300000, 0x0000000089300000, 0x0000000089400000|  0%| F|  |TAMS 0x0000000089300000, 0x0000000089300000| Untracked 
| 148|0x0000000089400000, 0x0000000089400000, 0x0000000089500000|  0%| F|  |TAMS 0x0000000089400000, 0x0000000089400000| Untracked 
| 149|0x0000000089500000, 0x0000000089500000, 0x0000000089600000|  0%| F|  |TAMS 0x0000000089500000, 0x0000000089500000| Untracked 
| 150|0x0000000089600000, 0x0000000089600000, 0x0000000089700000|  0%| F|  |TAMS 0x0000000089600000, 0x0000000089600000| Untracked 
| 151|0x0000000089700000, 0x0000000089700000, 0x0000000089800000|  0%| F|  |TAMS 0x0000000089700000, 0x0000000089700000| Untracked 
| 152|0x0000000089800000, 0x0000000089800000, 0x0000000089900000|  0%| F|  |TAMS 0x0000000089800000, 0x0000000089800000| Untracked 
| 153|0x0000000089900000, 0x0000000089900000, 0x0000000089a00000|  0%| F|  |TAMS 0x0000000089900000, 0x0000000089900000| Untracked 
| 154|0x0000000089a00000, 0x0000000089a00000, 0x0000000089b00000|  0%| F|  |TAMS 0x0000000089a00000, 0x0000000089a00000| Untracked 
| 155|0x0000000089b00000, 0x0000000089b00000, 0x0000000089c00000|  0%| F|  |TAMS 0x0000000089b00000, 0x0000000089b00000| Untracked 
| 156|0x0000000089c00000, 0x0000000089c00000, 0x0000000089d00000|  0%| F|  |TAMS 0x0000000089c00000, 0x0000000089c00000| Untracked 
| 157|0x0000000089d00000, 0x0000000089d00000, 0x0000000089e00000|  0%| F|  |TAMS 0x0000000089d00000, 0x0000000089d00000| Untracked 
| 158|0x0000000089e00000, 0x0000000089e00000, 0x0000000089f00000|  0%| F|  |TAMS 0x0000000089e00000, 0x0000000089e00000| Untracked 
| 159|0x0000000089f00000, 0x0000000089f00000, 0x000000008a000000|  0%| F|  |TAMS 0x0000000089f00000, 0x0000000089f00000| Untracked 
| 160|0x000000008a000000, 0x000000008a000000, 0x000000008a100000|  0%| F|  |TAMS 0x000000008a000000, 0x000000008a000000| Untracked 
| 161|0x000000008a100000, 0x000000008a100000, 0x000000008a200000|  0%| F|  |TAMS 0x000000008a100000, 0x000000008a100000| Untracked 
| 162|0x000000008a200000, 0x000000008a200000, 0x000000008a300000|  0%| F|  |TAMS 0x000000008a200000, 0x000000008a200000| Untracked 
| 163|0x000000008a300000, 0x000000008a300000, 0x000000008a400000|  0%| F|  |TAMS 0x000000008a300000, 0x000000008a300000| Untracked 
| 164|0x000000008a400000, 0x000000008a400000, 0x000000008a500000|  0%| F|  |TAMS 0x000000008a400000, 0x000000008a400000| Untracked 
| 165|0x000000008a500000, 0x000000008a500000, 0x000000008a600000|  0%| F|  |TAMS 0x000000008a500000, 0x000000008a500000| Untracked 
| 166|0x000000008a600000, 0x000000008a600000, 0x000000008a700000|  0%| F|  |TAMS 0x000000008a600000, 0x000000008a600000| Untracked 
| 167|0x000000008a700000, 0x000000008a700000, 0x000000008a800000|  0%| F|  |TAMS 0x000000008a700000, 0x000000008a700000| Untracked 
| 168|0x000000008a800000, 0x000000008a800000, 0x000000008a900000|  0%| F|  |TAMS 0x000000008a800000, 0x000000008a800000| Untracked 
| 169|0x000000008a900000, 0x000000008a900000, 0x000000008aa00000|  0%| F|  |TAMS 0x000000008a900000, 0x000000008a900000| Untracked 
| 170|0x000000008aa00000, 0x000000008aa00000, 0x000000008ab00000|  0%| F|  |TAMS 0x000000008aa00000, 0x000000008aa00000| Untracked 
| 171|0x000000008ab00000, 0x000000008ab00000, 0x000000008ac00000|  0%| F|  |TAMS 0x000000008ab00000, 0x000000008ab00000| Untracked 
| 172|0x000000008ac00000, 0x000000008ac00000, 0x000000008ad00000|  0%| F|  |TAMS 0x000000008ac00000, 0x000000008ac00000| Untracked 
| 173|0x000000008ad00000, 0x000000008ad00000, 0x000000008ae00000|  0%| F|  |TAMS 0x000000008ad00000, 0x000000008ad00000| Untracked 
| 174|0x000000008ae00000, 0x000000008ae00000, 0x000000008af00000|  0%| F|  |TAMS 0x000000008ae00000, 0x000000008ae00000| Untracked 
| 175|0x000000008af00000, 0x000000008af00000, 0x000000008b000000|  0%| F|  |TAMS 0x000000008af00000, 0x000000008af00000| Untracked 
| 176|0x000000008b000000, 0x000000008b000000, 0x000000008b100000|  0%| F|  |TAMS 0x000000008b000000, 0x000000008b000000| Untracked 
| 177|0x000000008b100000, 0x000000008b100000, 0x000000008b200000|  0%| F|  |TAMS 0x000000008b100000, 0x000000008b100000| Untracked 
| 178|0x000000008b200000, 0x000000008b200000, 0x000000008b300000|  0%| F|  |TAMS 0x000000008b200000, 0x000000008b200000| Untracked 
| 179|0x000000008b300000, 0x000000008b300000, 0x000000008b400000|  0%| F|  |TAMS 0x000000008b300000, 0x000000008b300000| Untracked 
| 180|0x000000008b400000, 0x000000008b400000, 0x000000008b500000|  0%| F|  |TAMS 0x000000008b400000, 0x000000008b400000| Untracked 
| 181|0x000000008b500000, 0x000000008b500000, 0x000000008b600000|  0%| F|  |TAMS 0x000000008b500000, 0x000000008b500000| Untracked 
| 182|0x000000008b600000, 0x000000008b600000, 0x000000008b700000|  0%| F|  |TAMS 0x000000008b600000, 0x000000008b600000| Untracked 
| 183|0x000000008b700000, 0x000000008b700000, 0x000000008b800000|  0%| F|  |TAMS 0x000000008b700000, 0x000000008b700000| Untracked 
| 184|0x000000008b800000, 0x000000008b800000, 0x000000008b900000|  0%| F|  |TAMS 0x000000008b800000, 0x000000008b800000| Untracked 
| 185|0x000000008b900000, 0x000000008b900000, 0x000000008ba00000|  0%| F|  |TAMS 0x000000008b900000, 0x000000008b900000| Untracked 
| 186|0x000000008ba00000, 0x000000008ba00000, 0x000000008bb00000|  0%| F|  |TAMS 0x000000008ba00000, 0x000000008ba00000| Untracked 
| 187|0x000000008bb00000, 0x000000008bb00000, 0x000000008bc00000|  0%| F|  |TAMS 0x000000008bb00000, 0x000000008bb00000| Untracked 
| 188|0x000000008bc00000, 0x000000008bc00000, 0x000000008bd00000|  0%| F|  |TAMS 0x000000008bc00000, 0x000000008bc00000| Untracked 
| 189|0x000000008bd00000, 0x000000008bd00000, 0x000000008be00000|  0%| F|  |TAMS 0x000000008bd00000, 0x000000008bd00000| Untracked 
| 190|0x000000008be00000, 0x000000008be00000, 0x000000008bf00000|  0%| F|  |TAMS 0x000000008be00000, 0x000000008be00000| Untracked 
| 191|0x000000008bf00000, 0x000000008bf00000, 0x000000008c000000|  0%| F|  |TAMS 0x000000008bf00000, 0x000000008bf00000| Untracked 
| 192|0x000000008c000000, 0x000000008c000000, 0x000000008c100000|  0%| F|  |TAMS 0x000000008c000000, 0x000000008c000000| Untracked 
| 193|0x000000008c100000, 0x000000008c100000, 0x000000008c200000|  0%| F|  |TAMS 0x000000008c100000, 0x000000008c100000| Untracked 
| 194|0x000000008c200000, 0x000000008c200000, 0x000000008c300000|  0%| F|  |TAMS 0x000000008c200000, 0x000000008c200000| Untracked 
| 195|0x000000008c300000, 0x000000008c300000, 0x000000008c400000|  0%| F|  |TAMS 0x000000008c300000, 0x000000008c300000| Untracked 
| 196|0x000000008c400000, 0x000000008c400000, 0x000000008c500000|  0%| F|  |TAMS 0x000000008c400000, 0x000000008c400000| Untracked 
| 197|0x000000008c500000, 0x000000008c500000, 0x000000008c600000|  0%| F|  |TAMS 0x000000008c500000, 0x000000008c500000| Untracked 
| 198|0x000000008c600000, 0x000000008c600000, 0x000000008c700000|  0%| F|  |TAMS 0x000000008c600000, 0x000000008c600000| Untracked 
| 199|0x000000008c700000, 0x000000008c700000, 0x000000008c800000|  0%| F|  |TAMS 0x000000008c700000, 0x000000008c700000| Untracked 
| 200|0x000000008c800000, 0x000000008c800000, 0x000000008c900000|  0%| F|  |TAMS 0x000000008c800000, 0x000000008c800000| Untracked 
| 201|0x000000008c900000, 0x000000008c900000, 0x000000008ca00000|  0%| F|  |TAMS 0x000000008c900000, 0x000000008c900000| Untracked 
| 202|0x000000008ca00000, 0x000000008ca00000, 0x000000008cb00000|  0%| F|  |TAMS 0x000000008ca00000, 0x000000008ca00000| Untracked 
| 203|0x000000008cb00000, 0x000000008cb00000, 0x000000008cc00000|  0%| F|  |TAMS 0x000000008cb00000, 0x000000008cb00000| Untracked 
| 204|0x000000008cc00000, 0x000000008cc00000, 0x000000008cd00000|  0%| F|  |TAMS 0x000000008cc00000, 0x000000008cc00000| Untracked 
| 205|0x000000008cd00000, 0x000000008cd00000, 0x000000008ce00000|  0%| F|  |TAMS 0x000000008cd00000, 0x000000008cd00000| Untracked 
| 206|0x000000008ce00000, 0x000000008ce00000, 0x000000008cf00000|  0%| F|  |TAMS 0x000000008ce00000, 0x000000008ce00000| Untracked 
| 207|0x000000008cf00000, 0x000000008cf00000, 0x000000008d000000|  0%| F|  |TAMS 0x000000008cf00000, 0x000000008cf00000| Untracked 
| 208|0x000000008d000000, 0x000000008d000000, 0x000000008d100000|  0%| F|  |TAMS 0x000000008d000000, 0x000000008d000000| Untracked 
| 209|0x000000008d100000, 0x000000008d100000, 0x000000008d200000|  0%| F|  |TAMS 0x000000008d100000, 0x000000008d100000| Untracked 
| 210|0x000000008d200000, 0x000000008d200000, 0x000000008d300000|  0%| F|  |TAMS 0x000000008d200000, 0x000000008d200000| Untracked 
| 211|0x000000008d300000, 0x000000008d300000, 0x000000008d400000|  0%| F|  |TAMS 0x000000008d300000, 0x000000008d300000| Untracked 
| 212|0x000000008d400000, 0x000000008d400000, 0x000000008d500000|  0%| F|  |TAMS 0x000000008d400000, 0x000000008d400000| Untracked 
| 213|0x000000008d500000, 0x000000008d500000, 0x000000008d600000|  0%| F|  |TAMS 0x000000008d500000, 0x000000008d500000| Untracked 
| 214|0x000000008d600000, 0x000000008d600000, 0x000000008d700000|  0%| F|  |TAMS 0x000000008d600000, 0x000000008d600000| Untracked 
| 215|0x000000008d700000, 0x000000008d700000, 0x000000008d800000|  0%| F|  |TAMS 0x000000008d700000, 0x000000008d700000| Untracked 
| 216|0x000000008d800000, 0x000000008d800000, 0x000000008d900000|  0%| F|  |TAMS 0x000000008d800000, 0x000000008d800000| Untracked 
| 217|0x000000008d900000, 0x000000008d900000, 0x000000008da00000|  0%| F|  |TAMS 0x000000008d900000, 0x000000008d900000| Untracked 
| 218|0x000000008da00000, 0x000000008da00000, 0x000000008db00000|  0%| F|  |TAMS 0x000000008da00000, 0x000000008da00000| Untracked 
| 219|0x000000008db00000, 0x000000008db00000, 0x000000008dc00000|  0%| F|  |TAMS 0x000000008db00000, 0x000000008db00000| Untracked 
| 220|0x000000008dc00000, 0x000000008dc00000, 0x000000008dd00000|  0%| F|  |TAMS 0x000000008dc00000, 0x000000008dc00000| Untracked 
| 221|0x000000008dd00000, 0x000000008dd00000, 0x000000008de00000|  0%| F|  |TAMS 0x000000008dd00000, 0x000000008dd00000| Untracked 
| 222|0x000000008de00000, 0x000000008de00000, 0x000000008df00000|  0%| F|  |TAMS 0x000000008de00000, 0x000000008de00000| Untracked 
| 223|0x000000008df00000, 0x000000008df00000, 0x000000008e000000|  0%| F|  |TAMS 0x000000008df00000, 0x000000008df00000| Untracked 
| 224|0x000000008e000000, 0x000000008e000000, 0x000000008e100000|  0%| F|  |TAMS 0x000000008e000000, 0x000000008e000000| Untracked 
| 225|0x000000008e100000, 0x000000008e100000, 0x000000008e200000|  0%| F|  |TAMS 0x000000008e100000, 0x000000008e100000| Untracked 
| 226|0x000000008e200000, 0x000000008e200000, 0x000000008e300000|  0%| F|  |TAMS 0x000000008e200000, 0x000000008e200000| Untracked 
| 227|0x000000008e300000, 0x000000008e300000, 0x000000008e400000|  0%| F|  |TAMS 0x000000008e300000, 0x000000008e300000| Untracked 
| 228|0x000000008e400000, 0x000000008e400000, 0x000000008e500000|  0%| F|  |TAMS 0x000000008e400000, 0x000000008e400000| Untracked 
| 229|0x000000008e500000, 0x000000008e500000, 0x000000008e600000|  0%| F|  |TAMS 0x000000008e500000, 0x000000008e500000| Untracked 
| 230|0x000000008e600000, 0x000000008e600000, 0x000000008e700000|  0%| F|  |TAMS 0x000000008e600000, 0x000000008e600000| Untracked 
| 231|0x000000008e700000, 0x000000008e700000, 0x000000008e800000|  0%| F|  |TAMS 0x000000008e700000, 0x000000008e700000| Untracked 
| 232|0x000000008e800000, 0x000000008e800000, 0x000000008e900000|  0%| F|  |TAMS 0x000000008e800000, 0x000000008e800000| Untracked 
| 233|0x000000008e900000, 0x000000008e900000, 0x000000008ea00000|  0%| F|  |TAMS 0x000000008e900000, 0x000000008e900000| Untracked 
| 234|0x000000008ea00000, 0x000000008ea00000, 0x000000008eb00000|  0%| F|  |TAMS 0x000000008ea00000, 0x000000008ea00000| Untracked 
| 235|0x000000008eb00000, 0x000000008eb00000, 0x000000008ec00000|  0%| F|  |TAMS 0x000000008eb00000, 0x000000008eb00000| Untracked 
| 236|0x000000008ec00000, 0x000000008ec00000, 0x000000008ed00000|  0%| F|  |TAMS 0x000000008ec00000, 0x000000008ec00000| Untracked 
| 237|0x000000008ed00000, 0x000000008ed00000, 0x000000008ee00000|  0%| F|  |TAMS 0x000000008ed00000, 0x000000008ed00000| Untracked 
| 238|0x000000008ee00000, 0x000000008ee00000, 0x000000008ef00000|  0%| F|  |TAMS 0x000000008ee00000, 0x000000008ee00000| Untracked 
| 239|0x000000008ef00000, 0x000000008ef00000, 0x000000008f000000|  0%| F|  |TAMS 0x000000008ef00000, 0x000000008ef00000| Untracked 
| 240|0x000000008f000000, 0x000000008f000000, 0x000000008f100000|  0%| F|  |TAMS 0x000000008f000000, 0x000000008f000000| Untracked 
| 241|0x000000008f100000, 0x000000008f100000, 0x000000008f200000|  0%| F|  |TAMS 0x000000008f100000, 0x000000008f100000| Untracked 
| 242|0x000000008f200000, 0x000000008f200000, 0x000000008f300000|  0%| F|  |TAMS 0x000000008f200000, 0x000000008f200000| Untracked 
| 243|0x000000008f300000, 0x000000008f300000, 0x000000008f400000|  0%| F|  |TAMS 0x000000008f300000, 0x000000008f300000| Untracked 
| 244|0x000000008f400000, 0x000000008f400000, 0x000000008f500000|  0%| F|  |TAMS 0x000000008f400000, 0x000000008f400000| Untracked 
| 245|0x000000008f500000, 0x000000008f500000, 0x000000008f600000|  0%| F|  |TAMS 0x000000008f500000, 0x000000008f500000| Untracked 
| 246|0x000000008f600000, 0x000000008f600000, 0x000000008f700000|  0%| F|  |TAMS 0x000000008f600000, 0x000000008f600000| Untracked 
| 247|0x000000008f700000, 0x000000008f700000, 0x000000008f800000|  0%| F|  |TAMS 0x000000008f700000, 0x000000008f700000| Untracked 
| 248|0x000000008f800000, 0x000000008f800000, 0x000000008f900000|  0%| F|  |TAMS 0x000000008f800000, 0x000000008f800000| Untracked 
| 249|0x000000008f900000, 0x000000008f900000, 0x000000008fa00000|  0%| F|  |TAMS 0x000000008f900000, 0x000000008f900000| Untracked 
| 250|0x000000008fa00000, 0x000000008fa00000, 0x000000008fb00000|  0%| F|  |TAMS 0x000000008fa00000, 0x000000008fa00000| Untracked 
| 251|0x000000008fb00000, 0x000000008fb00000, 0x000000008fc00000|  0%| F|  |TAMS 0x000000008fb00000, 0x000000008fb00000| Untracked 
| 252|0x000000008fc00000, 0x000000008fc00000, 0x000000008fd00000|  0%| F|  |TAMS 0x000000008fc00000, 0x000000008fc00000| Untracked 
| 253|0x000000008fd00000, 0x000000008fd00000, 0x000000008fe00000|  0%| F|  |TAMS 0x000000008fd00000, 0x000000008fd00000| Untracked 
| 254|0x000000008fe00000, 0x000000008fe00000, 0x000000008ff00000|  0%| F|  |TAMS 0x000000008fe00000, 0x000000008fe00000| Untracked 
| 255|0x000000008ff00000, 0x000000008ff00000, 0x0000000090000000|  0%| F|  |TAMS 0x000000008ff00000, 0x000000008ff00000| Untracked 
| 256|0x0000000090000000, 0x0000000090000000, 0x0000000090100000|  0%| F|  |TAMS 0x0000000090000000, 0x0000000090000000| Untracked 
| 257|0x0000000090100000, 0x0000000090100000, 0x0000000090200000|  0%| F|  |TAMS 0x0000000090100000, 0x0000000090100000| Untracked 
| 258|0x0000000090200000, 0x0000000090200000, 0x0000000090300000|  0%| F|  |TAMS 0x0000000090200000, 0x0000000090200000| Untracked 
| 259|0x0000000090300000, 0x0000000090300000, 0x0000000090400000|  0%| F|  |TAMS 0x0000000090300000, 0x0000000090300000| Untracked 
| 260|0x0000000090400000, 0x0000000090400000, 0x0000000090500000|  0%| F|  |TAMS 0x0000000090400000, 0x0000000090400000| Untracked 
| 261|0x0000000090500000, 0x0000000090500000, 0x0000000090600000|  0%| F|  |TAMS 0x0000000090500000, 0x0000000090500000| Untracked 
| 262|0x0000000090600000, 0x0000000090600000, 0x0000000090700000|  0%| F|  |TAMS 0x0000000090600000, 0x0000000090600000| Untracked 
| 263|0x0000000090700000, 0x0000000090700000, 0x0000000090800000|  0%| F|  |TAMS 0x0000000090700000, 0x0000000090700000| Untracked 
| 264|0x0000000090800000, 0x0000000090800000, 0x0000000090900000|  0%| F|  |TAMS 0x0000000090800000, 0x0000000090800000| Untracked 
| 265|0x0000000090900000, 0x0000000090900000, 0x0000000090a00000|  0%| F|  |TAMS 0x0000000090900000, 0x0000000090900000| Untracked 
| 266|0x0000000090a00000, 0x0000000090a00000, 0x0000000090b00000|  0%| F|  |TAMS 0x0000000090a00000, 0x0000000090a00000| Untracked 
| 267|0x0000000090b00000, 0x0000000090b00000, 0x0000000090c00000|  0%| F|  |TAMS 0x0000000090b00000, 0x0000000090b00000| Untracked 
| 268|0x0000000090c00000, 0x0000000090c00000, 0x0000000090d00000|  0%| F|  |TAMS 0x0000000090c00000, 0x0000000090c00000| Untracked 
| 269|0x0000000090d00000, 0x0000000090d00000, 0x0000000090e00000|  0%| F|  |TAMS 0x0000000090d00000, 0x0000000090d00000| Untracked 
| 270|0x0000000090e00000, 0x0000000090e00000, 0x0000000090f00000|  0%| F|  |TAMS 0x0000000090e00000, 0x0000000090e00000| Untracked 
| 271|0x0000000090f00000, 0x0000000090f00000, 0x0000000091000000|  0%| F|  |TAMS 0x0000000090f00000, 0x0000000090f00000| Untracked 
| 272|0x0000000091000000, 0x0000000091000000, 0x0000000091100000|  0%| F|  |TAMS 0x0000000091000000, 0x0000000091000000| Untracked 
| 273|0x0000000091100000, 0x0000000091100000, 0x0000000091200000|  0%| F|  |TAMS 0x0000000091100000, 0x0000000091100000| Untracked 
| 274|0x0000000091200000, 0x0000000091200000, 0x0000000091300000|  0%| F|  |TAMS 0x0000000091200000, 0x0000000091200000| Untracked 
| 275|0x0000000091300000, 0x0000000091300000, 0x0000000091400000|  0%| F|  |TAMS 0x0000000091300000, 0x0000000091300000| Untracked 
| 276|0x0000000091400000, 0x0000000091400000, 0x0000000091500000|  0%| F|  |TAMS 0x0000000091400000, 0x0000000091400000| Untracked 
| 277|0x0000000091500000, 0x0000000091500000, 0x0000000091600000|  0%| F|  |TAMS 0x0000000091500000, 0x0000000091500000| Untracked 
| 278|0x0000000091600000, 0x0000000091600000, 0x0000000091700000|  0%| F|  |TAMS 0x0000000091600000, 0x0000000091600000| Untracked 
| 279|0x0000000091700000, 0x0000000091700000, 0x0000000091800000|  0%| F|  |TAMS 0x0000000091700000, 0x0000000091700000| Untracked 
| 280|0x0000000091800000, 0x0000000091800000, 0x0000000091900000|  0%| F|  |TAMS 0x0000000091800000, 0x0000000091800000| Untracked 

Card table byte_map: [0x00000156f8e80000,0x00000156f9280000] _byte_map_base: 0x00000156f8a80000

Marking Bits (Prev, Next): (CMBitMap*) 0x00000156eefe3440, (CMBitMap*) 0x00000156eefe3400
 Prev Bits: [0x00000156fb680000, 0x00000156fd680000)
 Next Bits: [0x00000156f9680000, 0x00000156fb680000)

Polling page: 0x00000156ef050000

Metaspace:

Usage:
  Non-class:    109.13 MB used.
      Class:     15.33 MB used.
       Both:    124.46 MB used.

Virtual space:
  Non-class space:      128.00 MB reserved,     109.50 MB ( 86%) committed,  2 nodes.
      Class space:      416.00 MB reserved,      15.62 MB (  4%) committed,  1 nodes.
             Both:      544.00 MB reserved,     125.12 MB ( 23%) committed. 

Chunk freelists:
   Non-Class:  1.58 MB
       Class:  320.00 KB
        Both:  1.89 MB

MaxMetaspaceSize: 512.00 MB
CompressedClassSpaceSize: 416.00 MB
Initial GC threshold: 21.00 MB
Current GC threshold: 208.25 MB
CDS: on
MetaspaceReclaimPolicy: balanced
 - commit_granule_bytes: 65536.
 - commit_granule_words: 8192.
 - virtual_space_node_default_size: 8388608.
 - enlarge_chunks_in_place: 1.
 - new_chunks_are_fully_committed: 0.
 - uncommit_free_chunks: 1.
 - use_allocation_guard: 0.
 - handle_deallocations: 1.


Internal statistics:

num_allocs_failed_limit: 12.
num_arena_births: 870.
num_arena_deaths: 2.
num_vsnodes_births: 3.
num_vsnodes_deaths: 0.
num_space_committed: 2000.
num_space_uncommitted: 0.
num_chunks_returned_to_freelist: 14.
num_chunks_taken_from_freelist: 5309.
num_chunk_merges: 12.
num_chunk_splits: 4055.
num_chunks_enlarged: 3263.
num_inconsistent_stats: 0.

CodeHeap 'non-profiled nmethods': size=120000Kb used=11866Kb max_used=11870Kb free=108133Kb
 bounds [0x0000015687ad0000, 0x0000015688670000, 0x000001568f000000]
CodeHeap 'profiled nmethods': size=120000Kb used=43874Kb max_used=43874Kb free=76125Kb
 bounds [0x0000015680000000, 0x0000015682ae0000, 0x0000015687530000]
CodeHeap 'non-nmethods': size=5760Kb used=2514Kb max_used=2613Kb free=3245Kb
 bounds [0x0000015687530000, 0x00000156877e0000, 0x0000015687ad0000]
 total_blobs=18907 nmethods=17845 adapters=972
 compilation: enabled
              stopped_count=0, restarted_count=0
 full_count=0

Compilation events (20 events):
Event: 86.568 Thread 0x000001568f1c2cb0 22505       3       kotlinx.metadata.KmType::visitTypeParameter (16 bytes)
Event: 86.568 Thread 0x000001568f1c2cb0 nmethod 22505 0x0000015682ac1f90 code [0x0000015682ac2160, 0x0000015682ac2578]
Event: 86.568 Thread 0x000001568f1c2cb0 22506       3       kotlinx.metadata.KmClassifier$TypeParameter::<init> (11 bytes)
Event: 86.568 Thread 0x000001568f1c2cb0 nmethod 22506 0x0000015682ac2710 code [0x0000015682ac28c0, 0x0000015682ac2af8]
Event: 86.576 Thread 0x000001568f1c2cb0 22508       3       kotlinx.metadata.internal.metadata.ProtoBuf$EnumEntry::isInitialized (39 bytes)
Event: 86.577 Thread 0x000001568f1c2cb0 nmethod 22508 0x0000015682ac2c10 code [0x0000015682ac2de0, 0x0000015682ac3168]
Event: 86.577 Thread 0x000001568f1c2cb0 22509       3       kotlinx.metadata.jvm.impl.JvmMetadataExtensions::readConstructorExtensions (85 bytes)
Event: 86.579 Thread 0x000001568f1c2cb0 nmethod 22509 0x0000015682ac3290 code [0x0000015682ac37c0, 0x0000015682ac5fa8]
Event: 86.592 Thread 0x000001568f1c2cb0 22512       3       kotlin.collections.CollectionsKt__MutableCollectionsKt::addAll (56 bytes)
Event: 86.593 Thread 0x000001568f1c2cb0 nmethod 22512 0x0000015682ac6c90 code [0x0000015682ac6f60, 0x0000015682ac7e38]
Event: 86.595 Thread 0x000001568f1c2cb0 22513       3       java.util.concurrent.FutureTask::<init> (27 bytes)
Event: 86.596 Thread 0x000001568f1c2cb0 nmethod 22513 0x0000015682ac8310 code [0x0000015682ac84c0, 0x0000015682ac8788]
Event: 86.676 Thread 0x000001568f1c2cb0 22515       3       org.objectweb.asm.ClassReader::readField (671 bytes)
Event: 86.679 Thread 0x000001568f1c2cb0 nmethod 22515 0x0000015682ac8890 code [0x0000015682ac8de0, 0x0000015682acb448]
Event: 86.711 Thread 0x00000156c498b070 nmethod 22447 0x000001568865e390 code [0x000001568865ed20, 0x0000015688665028]
Event: 86.711 Thread 0x00000156c498b070 22514       4       org.gradle.internal.normalization.java.impl.ApiMemberWriter::writeClass (275 bytes)
Event: 86.715 Thread 0x000001568f1c2cb0 22518       3       org.objectweb.asm.ClassReader::readTypeAnnotationTarget (596 bytes)
Event: 86.717 Thread 0x000001568f1c2cb0 nmethod 22518 0x0000015682acc610 code [0x0000015682acc920, 0x0000015682ace738]
Event: 86.723 Thread 0x000001568f1c2cb0 22519       3       org.objectweb.asm.ClassReader::accept (1412 bytes)
Event: 86.731 Thread 0x000001568f1c2cb0 nmethod 22519 0x0000015682acf010 code [0x0000015682acfb80, 0x0000015682ad6f48]

GC Heap History (20 events):
Event: 82.079 GC heap after
{Heap after GC invocations=100 (full 0):
 garbage-first heap   total 280576K, used 102034K [0x0000000080000000, 0x0000000100000000)
  region size 1024K, 2 young (2048K), 2 survivors (2048K)
 Metaspace       used 124014K, committed 124672K, reserved 557056K
  class space    used 15200K, committed 15488K, reserved 425984K
}
Event: 82.669 GC heap before
{Heap before GC invocations=100 (full 0):
 garbage-first heap   total 280576K, used 238226K [0x0000000080000000, 0x0000000100000000)
  region size 1024K, 135 young (138240K), 2 survivors (2048K)
 Metaspace       used 124014K, committed 124672K, reserved 557056K
  class space    used 15200K, committed 15488K, reserved 425984K
}
Event: 82.671 GC heap after
{Heap after GC invocations=101 (full 0):
 garbage-first heap   total 280576K, used 103131K [0x0000000080000000, 0x0000000100000000)
  region size 1024K, 3 young (3072K), 3 survivors (3072K)
 Metaspace       used 124014K, committed 124672K, reserved 557056K
  class space    used 15200K, committed 15488K, reserved 425984K
}
Event: 84.455 GC heap before
{Heap before GC invocations=101 (full 0):
 garbage-first heap   total 280576K, used 189147K [0x0000000080000000, 0x0000000100000000)
  region size 1024K, 88 young (90112K), 3 survivors (3072K)
 Metaspace       used 127225K, committed 127936K, reserved 557056K
  class space    used 15701K, committed 16000K, reserved 425984K
}
Event: 84.458 GC heap after
{Heap after GC invocations=102 (full 0):
 garbage-first heap   total 280576K, used 100622K [0x0000000080000000, 0x0000000100000000)
  region size 1024K, 2 young (2048K), 2 survivors (2048K)
 Metaspace       used 127225K, committed 127936K, reserved 557056K
  class space    used 15701K, committed 16000K, reserved 425984K
}
Event: 84.847 GC heap before
{Heap before GC invocations=103 (full 0):
 garbage-first heap   total 280576K, used 243982K [0x0000000080000000, 0x0000000100000000)
  region size 1024K, 140 young (143360K), 2 survivors (2048K)
 Metaspace       used 127227K, committed 127936K, reserved 557056K
  class space    used 15701K, committed 16000K, reserved 425984K
}
Event: 84.850 GC heap after
{Heap after GC invocations=104 (full 0):
 garbage-first heap   total 280576K, used 100256K [0x0000000080000000, 0x0000000100000000)
  region size 1024K, 2 young (2048K), 2 survivors (2048K)
 Metaspace       used 127227K, committed 127936K, reserved 557056K
  class space    used 15701K, committed 16000K, reserved 425984K
}
Event: 84.876 GC heap before
{Heap before GC invocations=104 (full 0):
 garbage-first heap   total 280576K, used 111520K [0x0000000080000000, 0x0000000100000000)
  region size 1024K, 13 young (13312K), 2 survivors (2048K)
 Metaspace       used 127227K, committed 127936K, reserved 557056K
  class space    used 15701K, committed 16000K, reserved 425984K
}
Event: 84.880 GC heap after
{Heap after GC invocations=105 (full 0):
 garbage-first heap   total 280576K, used 98610K [0x0000000080000000, 0x0000000100000000)
  region size 1024K, 1 young (1024K), 1 survivors (1024K)
 Metaspace       used 127227K, committed 127936K, reserved 557056K
  class space    used 15701K, committed 16000K, reserved 425984K
}
Event: 85.227 GC heap before
{Heap before GC invocations=105 (full 0):
 garbage-first heap   total 280576K, used 247090K [0x0000000080000000, 0x0000000100000000)
  region size 1024K, 142 young (145408K), 1 survivors (1024K)
 Metaspace       used 127229K, committed 127936K, reserved 557056K
  class space    used 15701K, committed 16000K, reserved 425984K
}
Event: 85.229 GC heap after
{Heap after GC invocations=106 (full 0):
 garbage-first heap   total 280576K, used 104657K [0x0000000080000000, 0x0000000100000000)
  region size 1024K, 3 young (3072K), 3 survivors (3072K)
 Metaspace       used 127229K, committed 127936K, reserved 557056K
  class space    used 15701K, committed 16000K, reserved 425984K
}
Event: 85.546 GC heap before
{Heap before GC invocations=106 (full 0):
 garbage-first heap   total 280576K, used 242897K [0x0000000080000000, 0x0000000100000000)
  region size 1024K, 138 young (141312K), 3 survivors (3072K)
 Metaspace       used 127229K, committed 127936K, reserved 557056K
  class space    used 15701K, committed 16000K, reserved 425984K
}
Event: 85.548 GC heap after
{Heap after GC invocations=107 (full 0):
 garbage-first heap   total 280576K, used 106357K [0x0000000080000000, 0x0000000100000000)
  region size 1024K, 4 young (4096K), 4 survivors (4096K)
 Metaspace       used 127229K, committed 127936K, reserved 557056K
  class space    used 15701K, committed 16000K, reserved 425984K
}
Event: 85.900 GC heap before
{Heap before GC invocations=107 (full 0):
 garbage-first heap   total 280576K, used 244597K [0x0000000080000000, 0x0000000100000000)
  region size 1024K, 139 young (142336K), 4 survivors (4096K)
 Metaspace       used 127229K, committed 127936K, reserved 557056K
  class space    used 15701K, committed 16000K, reserved 425984K
}
Event: 85.901 GC heap after
{Heap after GC invocations=108 (full 0):
 garbage-first heap   total 280576K, used 98790K [0x0000000080000000, 0x0000000100000000)
  region size 1024K, 1 young (1024K), 1 survivors (1024K)
 Metaspace       used 127229K, committed 127936K, reserved 557056K
  class space    used 15701K, committed 16000K, reserved 425984K
}
Event: 86.319 GC heap before
{Heap before GC invocations=109 (full 0):
 garbage-first heap   total 280576K, used 246246K [0x0000000080000000, 0x0000000100000000)
  region size 1024K, 143 young (146432K), 1 survivors (1024K)
 Metaspace       used 127369K, committed 128064K, reserved 557056K
  class space    used 15701K, committed 16000K, reserved 425984K
}
Event: 86.320 GC heap after
{Heap after GC invocations=110 (full 0):
 garbage-first heap   total 280576K, used 101007K [0x0000000080000000, 0x0000000100000000)
  region size 1024K, 1 young (1024K), 1 survivors (1024K)
 Metaspace       used 127369K, committed 128064K, reserved 557056K
  class space    used 15701K, committed 16000K, reserved 425984K
}
Event: 86.343 GC heap before
{Heap before GC invocations=110 (full 0):
 garbage-first heap   total 280576K, used 113295K [0x0000000080000000, 0x0000000100000000)
  region size 1024K, 13 young (13312K), 1 survivors (1024K)
 Metaspace       used 127371K, committed 128064K, reserved 557056K
  class space    used 15701K, committed 16000K, reserved 425984K
}
Event: 86.346 GC heap after
{Heap after GC invocations=111 (full 0):
 garbage-first heap   total 280576K, used 99303K [0x0000000080000000, 0x0000000100000000)
  region size 1024K, 1 young (1024K), 1 survivors (1024K)
 Metaspace       used 127371K, committed 128064K, reserved 557056K
  class space    used 15701K, committed 16000K, reserved 425984K
}
Event: 86.745 GC heap before
{Heap before GC invocations=111 (full 0):
 garbage-first heap   total 280576K, used 249831K [0x0000000080000000, 0x0000000100000000)
  region size 1024K, 144 young (147456K), 1 survivors (1024K)
 Metaspace       used 127452K, committed 128128K, reserved 557056K
  class space    used 15701K, committed 16000K, reserved 425984K
}

Deoptimization events (20 events):
Event: 86.696 Thread 0x00000156af7d3890 DEOPT PACKING pc=0x0000015682a1276e sp=0x0000003e366f5720
Event: 86.696 Thread 0x00000156af7d3890 DEOPT UNPACKING pc=0x0000015687582b43 sp=0x0000003e366f4e30 mode 0
Event: 86.704 Thread 0x00000156af7d3890 DEOPT PACKING pc=0x0000015682a1276e sp=0x0000003e366f5720
Event: 86.704 Thread 0x00000156af7d3890 DEOPT UNPACKING pc=0x0000015687582b43 sp=0x0000003e366f4e30 mode 0
Event: 86.712 Thread 0x00000156af7d3890 DEOPT PACKING pc=0x0000015682a130f6 sp=0x0000003e366f5720
Event: 86.712 Thread 0x00000156af7d3890 DEOPT UNPACKING pc=0x0000015687582b43 sp=0x0000003e366f4e30 mode 0
Event: 86.713 Thread 0x00000156af7d3890 Uncommon trap: trap_request=0xffffff45 fr.pc=0x00000156886505fc relative=0x00000000000011fc
Event: 86.713 Thread 0x00000156af7d3890 Uncommon trap: reason=unstable_if action=reinterpret pc=0x00000156886505fc method=org.objectweb.asm.ClassReader.readTypeAnnotationTarget(Lorg/objectweb/asm/Context;I)I @ 14 c2
Event: 86.713 Thread 0x00000156af7d3890 DEOPT PACKING pc=0x00000156886505fc sp=0x0000003e366f5a60
Event: 86.713 Thread 0x00000156af7d3890 DEOPT UNPACKING pc=0x00000156875823a3 sp=0x0000003e366f5a30 mode 2
Event: 86.717 Thread 0x00000156af7d3890 Uncommon trap: trap_request=0xffffff45 fr.pc=0x000001568845170c relative=0x0000000000005b4c
Event: 86.717 Thread 0x00000156af7d3890 Uncommon trap: reason=unstable_if action=reinterpret pc=0x000001568845170c method=org.objectweb.asm.ClassReader.accept(Lorg/objectweb/asm/ClassVisitor;[Lorg/objectweb/asm/Attribute;I)V @ 511 c2
Event: 86.717 Thread 0x00000156af7d3890 DEOPT PACKING pc=0x000001568845170c sp=0x0000003e366f5ca0
Event: 86.717 Thread 0x00000156af7d3890 DEOPT UNPACKING pc=0x00000156875823a3 sp=0x0000003e366f5d58 mode 2
Event: 86.719 Thread 0x00000156af7d3890 DEOPT PACKING pc=0x0000015682a1276e sp=0x0000003e366f57e0
Event: 86.719 Thread 0x00000156af7d3890 DEOPT UNPACKING pc=0x0000015687582b43 sp=0x0000003e366f4ef0 mode 0
Event: 86.731 Thread 0x00000156af7d3890 DEOPT PACKING pc=0x0000015682a130f6 sp=0x0000003e366f57e0
Event: 86.731 Thread 0x00000156af7d3890 DEOPT UNPACKING pc=0x0000015687582b43 sp=0x0000003e366f4ef0 mode 0
Event: 86.740 Thread 0x00000156af7d3890 DEOPT PACKING pc=0x0000015682a130f6 sp=0x0000003e366f5680
Event: 86.740 Thread 0x00000156af7d3890 DEOPT UNPACKING pc=0x0000015687582b43 sp=0x0000003e366f4d90 mode 0

Classes unloaded (3 events):
Event: 52.397 Thread 0x000001568f19ab90 Unloading class 0x00000156914d4918 '_BuildScript_$_run_closure2'
Event: 52.397 Thread 0x000001568f19ab90 Unloading class 0x00000156914d4530 '_BuildScript_$_run_closure1'
Event: 52.397 Thread 0x000001568f19ab90 Unloading class 0x00000156914d4000 '_BuildScript_'

Classes redefined (0 events):
No events

Internal exceptions (20 events):
Event: 75.204 Thread 0x00000156b3c22d30 Exception <a 'sun/nio/fs/WindowsException'{0x000000008ebb11f0}> (0x000000008ebb11f0) 
thrown [s\open\src\hotspot\share\prims\jni.cpp, line 516]
Event: 75.210 Thread 0x00000156b3c22d30 Exception <a 'sun/nio/fs/WindowsException'{0x000000008ebd5568}> (0x000000008ebd5568) 
thrown [s\open\src\hotspot\share\prims\jni.cpp, line 516]
Event: 75.211 Thread 0x00000156b3c22d30 Exception <a 'sun/nio/fs/WindowsException'{0x000000008ebd56e0}> (0x000000008ebd56e0) 
thrown [s\open\src\hotspot\share\prims\jni.cpp, line 516]
Event: 75.255 Thread 0x00000156af7d3890 Exception <a 'java/lang/NoSuchMethodError'{0x000000008ea827a8}: static Lorg/gradle/api/internal/catalog/DefaultVersionCatalog;.<clinit>()V> (0x000000008ea827a8) 
thrown [s\open\src\hotspot\share\prims\jni.cpp, line 1112]
Event: 75.266 Thread 0x00000156af7d3890 Exception <a 'java/lang/NoSuchMethodError'{0x000000008ead4630}: static [Ljava/lang/Object;.<clinit>()V> (0x000000008ead4630) 
thrown [s\open\src\hotspot\share\prims\jni.cpp, line 1112]
Event: 75.270 Thread 0x00000156af7d3890 Exception <a 'java/lang/NoSuchMethodError'{0x000000008e90db98}: static Lorg/gradle/api/internal/catalog/DependencyModel;.<clinit>()V> (0x000000008e90db98) 
thrown [s\open\src\hotspot\share\prims\jni.cpp, line 1112]
Event: 75.271 Thread 0x00000156af7d3890 Exception <a 'java/lang/NoSuchMethodError'{0x000000008e911838}: static Lorg/gradle/api/internal/catalog/AbstractContextAwareModel;.<clinit>()V> (0x000000008e911838) 
thrown [s\open\src\hotspot\share\prims\jni.cpp, line 1112]
Event: 75.273 Thread 0x00000156af7d3890 Exception <a 'java/lang/NoSuchMethodError'{0x000000008e92e898}: static Lorg/gradle/api/internal/artifacts/dependencies/AbstractVersionConstraint;.<clinit>()V> (0x000000008e92e898) 
thrown [s\open\src\hotspot\share\prims\jni.cpp, line 1112]
Event: 75.288 Thread 0x00000156af7d3890 Exception <a 'java/lang/NoSuchMethodError'{0x000000008e9f4590}: static Lorg/gradle/api/internal/catalog/PluginModel;.<clinit>()V> (0x000000008e9f4590) 
thrown [s\open\src\hotspot\share\prims\jni.cpp, line 1112]
Event: 75.289 Thread 0x00000156af7d3890 Exception <a 'java/lang/NoSuchMethodError'{0x000000008e80d6e8}: static Lorg/gradle/api/internal/catalog/VersionModel;.<clinit>()V> (0x000000008e80d6e8) 
thrown [s\open\src\hotspot\share\prims\jni.cpp, line 1112]
Event: 75.330 Thread 0x00000156af7d3890 Implicit null exception at 0x0000015688273ff2 to 0x0000015688274710
Event: 75.406 Thread 0x00000156af7d3890 Exception <a 'sun/nio/fs/WindowsException'{0x000000008e55af38}> (0x000000008e55af38) 
thrown [s\open\src\hotspot\share\prims\jni.cpp, line 516]
Event: 81.028 Thread 0x00000156b089dc30 Exception <a 'sun/nio/fs/WindowsException'{0x000000008ad72d20}> (0x000000008ad72d20) 
thrown [s\open\src\hotspot\share\prims\jni.cpp, line 516]
Event: 82.849 Thread 0x00000156b089dc30 Exception <a 'sun/nio/fs/WindowsException'{0x000000008d72dee0}> (0x000000008d72dee0) 
thrown [s\open\src\hotspot\share\prims\jni.cpp, line 516]
Event: 82.850 Thread 0x00000156b089dc30 Exception <a 'sun/nio/fs/WindowsException'{0x000000008d72e0c8}> (0x000000008d72e0c8) 
thrown [s\open\src\hotspot\share\prims\jni.cpp, line 516]
Event: 83.044 Thread 0x00000156af7d3890 Exception <a 'java/lang/IncompatibleClassChangeError'{0x000000008cf03f30}: Found class java.lang.Object, but interface was expected> (0x000000008cf03f30) 
thrown [s\open\src\hotspot\share\interpreter\linkResolver.cpp, line 826]
Event: 83.162 Thread 0x00000156af7d3890 Implicit null exception at 0x0000015688043ad4 to 0x0000015688043e30
Event: 83.162 Thread 0x00000156af7d3890 Implicit null exception at 0x00000156884f3533 to 0x00000156884f44f8
Event: 83.362 Thread 0x00000156af7d3890 Exception <a 'java/lang/NoSuchMethodError'{0x000000008c74cff8}: 'java.lang.Object java.lang.invoke.DirectMethodHandle$Holder.invokeSpecial(java.lang.Object, java.lang.Object, int, java.lang.Object, java.lang.Object, java.lang.Object)'> (0x000000008c74cff8) 
thrown [s\open\src\hotspot\share\interpreter\linkResolver.cpp, line 759]
Event: 86.506 Thread 0x00000156af7d3890 Implicit null exception at 0x0000015687f7f588 to 0x0000015687f8194c

VM Operations (20 events):
Event: 84.850 Executing VM operation: G1CollectForAllocation done
Event: 84.876 Executing VM operation: G1CollectForAllocation
Event: 84.880 Executing VM operation: G1CollectForAllocation done
Event: 85.227 Executing VM operation: G1CollectForAllocation
Event: 85.229 Executing VM operation: G1CollectForAllocation done
Event: 85.545 Executing VM operation: G1CollectForAllocation
Event: 85.548 Executing VM operation: G1CollectForAllocation done
Event: 85.900 Executing VM operation: G1CollectForAllocation
Event: 85.901 Executing VM operation: G1CollectForAllocation done
Event: 85.987 Executing VM operation: G1Concurrent
Event: 85.999 Executing VM operation: G1Concurrent done
Event: 86.038 Executing VM operation: G1Concurrent
Event: 86.038 Executing VM operation: G1Concurrent done
Event: 86.319 Executing VM operation: G1CollectForAllocation
Event: 86.320 Executing VM operation: G1CollectForAllocation done
Event: 86.343 Executing VM operation: G1CollectForAllocation
Event: 86.346 Executing VM operation: G1CollectForAllocation done
Event: 86.717 Executing VM operation: HandshakeAllThreads
Event: 86.718 Executing VM operation: HandshakeAllThreads done
Event: 86.745 Executing VM operation: G1CollectForAllocation

Events (20 events):
Event: 83.144 loading class javax/management/ListenerNotFoundException done
Event: 83.144 loading class jdk/jfr/Recording
Event: 83.147 loading class jdk/jfr/Recording done
Event: 83.147 loading class jdk/jfr/FlightRecorder
Event: 83.150 loading class jdk/jfr/FlightRecorder done
Event: 83.150 loading class jdk/management/jfr/FlightRecorderMXBeanImpl$MXBeanListener
Event: 83.151 loading class jdk/jfr/FlightRecorderListener
Event: 83.153 loading class jdk/jfr/FlightRecorderListener done
Event: 83.153 loading class jdk/management/jfr/FlightRecorderMXBeanImpl$MXBeanListener done
Event: 83.155 loading class sun/reflect/misc/MethodUtil
Event: 83.157 loading class sun/reflect/misc/MethodUtil done
Event: 83.157 loading class sun/reflect/misc/MethodUtil$1
Event: 83.159 loading class sun/reflect/misc/MethodUtil$1 done
Event: 83.170 Thread 0x00000156b47f6c70 Thread added: 0x00000156b47f6c70
Event: 84.387 Thread 0x00000156c3de7100 Thread exited: 0x00000156c3de7100
Event: 84.387 Thread 0x00000156c3de8640 Thread exited: 0x00000156c3de8640
Event: 85.883 Thread 0x00000156c498b070 Thread added: 0x00000156c498b070
Event: 86.723 Thread 0x000001568f1c5ad0 flushing nmethod 0x0000015688607b90
Event: 86.728 Thread 0x000001568f1c5ad0 flushing nmethod 0x0000015680554e90
Event: 86.730 Thread 0x000001568f1c5ad0 flushing nmethod 0x0000015680945a10


Dynamic libraries:
0x00007ff6c26e0000 - 0x00007ff6c26f0000 	C:\Program Files\Java\jdk-17\bin\java.exe
0x00007ffcafdd0000 - 0x00007ffcaffe7000 	C:\Windows\SYSTEM32\ntdll.dll
0x00007ffcae050000 - 0x00007ffcae114000 	C:\Windows\System32\KERNEL32.DLL
0x00007ffcad5d0000 - 0x00007ffcad987000 	C:\Windows\System32\KERNELBASE.dll
0x00007ffcad110000 - 0x00007ffcad221000 	C:\Windows\System32\ucrtbase.dll
0x00007ffc9bb30000 - 0x00007ffc9bb4b000 	C:\Program Files\Java\jdk-17\bin\VCRUNTIME140.dll
0x00007ffc9b180000 - 0x00007ffc9b199000 	C:\Program Files\Java\jdk-17\bin\jli.dll
0x00007ffcae580000 - 0x00007ffcae632000 	C:\Windows\System32\ADVAPI32.dll
0x00007ffcae120000 - 0x00007ffcae1c7000 	C:\Windows\System32\msvcrt.dll
0x00007ffcafc90000 - 0x00007ffcafd38000 	C:\Windows\System32\sechost.dll
0x00007ffcad0e0000 - 0x00007ffcad108000 	C:\Windows\System32\bcrypt.dll
0x00007ffcadf30000 - 0x00007ffcae044000 	C:\Windows\System32\RPCRT4.dll
0x00007ffcae1f0000 - 0x00007ffcae39f000 	C:\Windows\System32\USER32.dll
0x00007ffc8f1d0000 - 0x00007ffc8f463000 	C:\Windows\WinSxS\amd64_microsoft.windows.common-controls_6595b64144ccf1df_6.0.22621.3672_none_2713b9d173822955\COMCTL32.dll
0x00007ffcad230000 - 0x00007ffcad256000 	C:\Windows\System32\win32u.dll
0x00007ffcaead0000 - 0x00007ffcaeaf9000 	C:\Windows\System32\GDI32.dll
0x00007ffcad2e0000 - 0x00007ffcad3f8000 	C:\Windows\System32\gdi32full.dll
0x00007ffcad400000 - 0x00007ffcad49a000 	C:\Windows\System32\msvcp_win.dll
0x00007ffca5060000 - 0x00007ffca506a000 	C:\Windows\SYSTEM32\VERSION.dll
0x00007ffcaec00000 - 0x00007ffcaec31000 	C:\Windows\System32\IMM32.DLL
0x00007ffca8150000 - 0x00007ffca815c000 	C:\Program Files\Java\jdk-17\bin\vcruntime140_1.dll
0x00007ffc64cc0000 - 0x00007ffc64d4e000 	C:\Program Files\Java\jdk-17\bin\msvcp140.dll
0x00007ffc2c260000 - 0x00007ffc2ce40000 	C:\Program Files\Java\jdk-17\bin\server\jvm.dll
0x00007ffca80f0000 - 0x00007ffca80f9000 	C:\Windows\SYSTEM32\WSOCK32.dll
0x00007ffca5bc0000 - 0x00007ffca5bf4000 	C:\Windows\SYSTEM32\WINMM.dll
0x00007ffcade90000 - 0x00007ffcade98000 	C:\Windows\System32\PSAPI.DLL
0x00007ffcaec40000 - 0x00007ffcaecb1000 	C:\Windows\System32\WS2_32.dll
0x00007ffcac0f0000 - 0x00007ffcac108000 	C:\Windows\SYSTEM32\kernel.appcore.dll
0x00007ffca5c10000 - 0x00007ffca5c1a000 	C:\Program Files\Java\jdk-17\bin\jimage.dll
0x00007ffc9e030000 - 0x00007ffc9e262000 	C:\Windows\SYSTEM32\DBGHELP.DLL
0x00007ffcadb00000 - 0x00007ffcade8e000 	C:\Windows\System32\combase.dll
0x00007ffcae640000 - 0x00007ffcae717000 	C:\Windows\System32\OLEAUT32.dll
0x00007ffc985c0000 - 0x00007ffc985f2000 	C:\Windows\SYSTEM32\dbgcore.DLL
0x00007ffcad260000 - 0x00007ffcad2db000 	C:\Windows\System32\bcryptPrimitives.dll
0x00007ffc96b10000 - 0x00007ffc96b35000 	C:\Program Files\Java\jdk-17\bin\java.dll
0x00007ffc5f660000 - 0x00007ffc5f737000 	C:\Program Files\Java\jdk-17\bin\jsvml.dll
0x00007ffcaef40000 - 0x00007ffcaf7a9000 	C:\Windows\System32\SHELL32.dll
0x00007ffcaafb0000 - 0x00007ffcab8af000 	C:\Windows\SYSTEM32\windows.storage.dll
0x00007ffcaae70000 - 0x00007ffcaafaf000 	C:\Windows\SYSTEM32\wintypes.dll
0x00007ffcaeb00000 - 0x00007ffcaebf9000 	C:\Windows\System32\SHCORE.dll
0x00007ffcaf7b0000 - 0x00007ffcaf80e000 	C:\Windows\System32\shlwapi.dll
0x00007ffcad010000 - 0x00007ffcad037000 	C:\Windows\SYSTEM32\profapi.dll
0x00007ffc97ef0000 - 0x00007ffc97f09000 	C:\Program Files\Java\jdk-17\bin\net.dll
0x00007ffca8bd0000 - 0x00007ffca8d06000 	C:\Windows\SYSTEM32\WINHTTP.dll
0x00007ffcac550000 - 0x00007ffcac5b9000 	C:\Windows\system32\mswsock.dll
0x00007ffc95230000 - 0x00007ffc95246000 	C:\Program Files\Java\jdk-17\bin\nio.dll
0x00007ffc94c30000 - 0x00007ffc94c48000 	C:\Program Files\Java\jdk-17\bin\zip.dll
0x00007ffc9b320000 - 0x00007ffc9b330000 	C:\Program Files\Java\jdk-17\bin\verify.dll
0x00007ffc939f0000 - 0x00007ffc93a17000 	C:\Users\LT053\.gradle\native\68d5fa5c4cc2d200863cafc0d521ce42e7d3e7ee720ec0a83991735586a16f82\windows-amd64\native-platform.dll
0x00007ffc5f510000 - 0x00007ffc5f654000 	C:\Users\LT053\.gradle\native\e376f236ea51e6404a007f0833ffe2c6e607c4080706a723a18a27aeea778392\windows-amd64\native-platform-file-events.dll
0x00007ffca58e0000 - 0x00007ffca58ea000 	C:\Program Files\Java\jdk-17\bin\management.dll
0x00007ffca3ca0000 - 0x00007ffca3cab000 	C:\Program Files\Java\jdk-17\bin\management_ext.dll
0x00007ffcac8a0000 - 0x00007ffcac8bb000 	C:\Windows\SYSTEM32\CRYPTSP.dll
0x00007ffcac050000 - 0x00007ffcac085000 	C:\Windows\system32\rsaenh.dll
0x00007ffcac5f0000 - 0x00007ffcac618000 	C:\Windows\SYSTEM32\USERENV.dll
0x00007ffcac880000 - 0x00007ffcac88c000 	C:\Windows\SYSTEM32\CRYPTBASE.dll
0x00007ffcabb50000 - 0x00007ffcabb7d000 	C:\Windows\SYSTEM32\IPHLPAPI.DLL
0x00007ffcae780000 - 0x00007ffcae789000 	C:\Windows\System32\NSI.dll
0x00007ffca8b00000 - 0x00007ffca8b19000 	C:\Windows\SYSTEM32\dhcpcsvc6.DLL
0x00007ffca8ae0000 - 0x00007ffca8aff000 	C:\Windows\SYSTEM32\dhcpcsvc.DLL
0x00007ffcabb80000 - 0x00007ffcabc82000 	C:\Windows\SYSTEM32\DNSAPI.dll
0x00007ffca3c60000 - 0x00007ffca3c6e000 	C:\Program Files\Java\jdk-17\bin\sunmscapi.dll
0x00007ffcad990000 - 0x00007ffcadaf6000 	C:\Windows\System32\CRYPT32.dll
0x00007ffcacaa0000 - 0x00007ffcacacd000 	C:\Windows\SYSTEM32\ncrypt.dll
0x00007ffcaca10000 - 0x00007ffcaca47000 	C:\Windows\SYSTEM32\NTASN1.dll
0x00007ffc765c0000 - 0x00007ffc765c8000 	C:\Windows\system32\wshunix.dll
0x00007ffca2e70000 - 0x00007ffca2e7a000 	C:\Windows\System32\rasadhlp.dll
0x00007ffca52e0000 - 0x00007ffca5363000 	C:\Windows\System32\fwpuclnt.dll

dbghelp: loaded successfully - version: 4.0.5 - missing functions: none
symbol engine: initialized successfully - sym options: 0x614 - pdb path: .;C:\Program Files\Java\jdk-17\bin;C:\Windows\SYSTEM32;C:\Windows\WinSxS\amd64_microsoft.windows.common-controls_6595b64144ccf1df_6.0.22621.3672_none_2713b9d173822955;C:\Program Files\Java\jdk-17\bin\server;C:\Users\LT053\.gradle\native\68d5fa5c4cc2d200863cafc0d521ce42e7d3e7ee720ec0a83991735586a16f82\windows-amd64;C:\Users\LT053\.gradle\native\e376f236ea51e6404a007f0833ffe2c6e607c4080706a723a18a27aeea778392\windows-amd64

VM Arguments:
jvm_args: -XX:MaxMetaspaceSize=512m --add-opens=java.base/java.util=ALL-UNNAMED --add-opens=java.base/java.lang=ALL-UNNAMED --add-opens=java.base/java.lang.invoke=ALL-UNNAMED --add-opens=java.prefs/java.util.prefs=ALL-UNNAMED --add-opens=java.base/java.nio.charset=ALL-UNNAMED --add-opens=java.base/java.net=ALL-UNNAMED --add-opens=java.base/java.util.concurrent.atomic=ALL-UNNAMED -Xmx2048m -Dfile.encoding=windows-1252 -Duser.country=US -Duser.language=en -Duser.variant 
java_command: org.gradle.launcher.daemon.bootstrap.GradleDaemon 7.6
java_class_path (initial): C:\Users\LT053\.gradle\wrapper\dists\gradle-7.6-bin\9l9tetv7ltxvx3i8an4pb86ye\gradle-7.6\lib\gradle-launcher-7.6.jar
Launcher Type: SUN_STANDARD

[Global flags]
     intx CICompilerCount                          = 4                                         {product} {ergonomic}
   size_t CompressedClassSpaceSize                 = 436207616                                 {product} {ergonomic}
     uint ConcGCThreads                            = 2                                         {product} {ergonomic}
     uint G1ConcRefinementThreads                  = 8                                         {product} {ergonomic}
   size_t G1HeapRegionSize                         = 1048576                                   {product} {ergonomic}
    uintx GCDrainStackTargetSize                   = 64                                        {product} {ergonomic}
   size_t InitialHeapSize                          = 132120576                                 {product} {ergonomic}
   size_t MarkStackSize                            = 4194304                                   {product} {ergonomic}
   size_t MaxHeapSize                              = 2147483648                                {product} {command line}
   size_t MaxMetaspaceSize                         = 536870912                                 {product} {command line}
   size_t MaxNewSize                               = 1287651328                                {product} {ergonomic}
   size_t MinHeapDeltaBytes                        = 1048576                                   {product} {ergonomic}
   size_t MinHeapSize                              = 8388608                                   {product} {ergonomic}
    uintx NonNMethodCodeHeapSize                   = 5839372                                {pd product} {ergonomic}
    uintx NonProfiledCodeHeapSize                  = 122909434                              {pd product} {ergonomic}
    uintx ProfiledCodeHeapSize                     = 122909434                              {pd product} {ergonomic}
    uintx ReservedCodeCacheSize                    = 251658240                              {pd product} {ergonomic}
     bool SegmentedCodeCache                       = true                                      {product} {ergonomic}
   size_t SoftMaxHeapSize                          = 2147483648                             {manageable} {ergonomic}
     bool UseCompressedClassPointers               = true                           {product lp64_product} {ergonomic}
     bool UseCompressedOops                        = true                           {product lp64_product} {ergonomic}
     bool UseG1GC                                  = true                                      {product} {ergonomic}
     bool UseLargePagesIndividualAllocation        = false                                  {pd product} {ergonomic}

Logging:
Log output configuration:
 #0: stdout all=warning uptime,level,tags
 #1: stderr all=off uptime,level,tags

Environment Variables:
JAVA_HOME=C:\Program Files\Java\jdk-17
CLASSPATH=C:\Users\LT053\Desktop\SOCIAL-LOGIN-APP\myapp\android\\gradle\wrapper\gradle-wrapper.jar
PATH=C:\Users\LT053\Desktop\SOCIAL-LOGIN-APP\myapp\node_modules\.bin;C:\Users\LT053\Desktop\SOCIAL-LOGIN-APP\myapp\node_modules\.bin;C:\Users\LT053\Desktop\SOCIAL-LOGIN-APP\node_modules\.bin;C:\Users\LT053\Desktop\node_modules\.bin;C:\Users\LT053\node_modules\.bin;C:\Users\node_modules\.bin;C:\node_modules\.bin;C:\Users\LT053\AppData\Roaming\npm\node_modules\npm\node_modules\@npmcli\run-script\lib\node-gyp-bin;C:\Program Files\Java\jdk-17\bin;C:\Program Files\Java\jdk-17\bin;C:\Program Files\nodejs\;C:\Windows;C:\Windows\System32\Wbem;C:\Windows\System32\WindowsPowerShell\v1.0\;C:\Windows\System32\OpenSSH\;C:\Program Files\dotnet\;C:\ProgramData\chocolatey\bin;C:\Windows\System32;C:\Users\LT053\AppData\Local\Android\Sdk;C:\Users\LT053\AppData\Local\Android\Sdk\platform-tools;C:\Users\LT053\AppData\Local\Android\Sdk\emulator;C:\Users\LT053\AppData\Local\Android\Sdk\build-tools;C:\Users\LT053\AppData\Local\Microsoft\WindowsApps;C:\Users\LT053\AppData\Roaming\npm;C:\Users\LT053\AppData\Local\Programs\Git\cmd;C:\Users\LT053\AppData\Local\Android\Sdk\platform-tools;C:\Users\LT053\AppData\Local\Android\Sdk\platform-tools;C:\Users\LT053\AppData\Local\Programs\cursor\resources\app\bin
USERNAME=LT053
LANG=en_US.UTF-8
OS=Windows_NT
PROCESSOR_IDENTIFIER=Intel64 Family 6 Model 142 Stepping 12, GenuineIntel



---------------  S Y S T E M  ---------------

OS:
 Windows 11 , 64 bit Build 22621 (10.0.22621.3958)
OS uptime: 7 days 1:58 hours
Hyper-V role detected

CPU: total 8 (initial active 8) (4 cores per cpu, 2 threads per core) family 6 model 142 stepping 12 microcode 0xfe, cx8, cmov, fxsr, ht, mmx, 3dnowpref, sse, sse2, sse3, ssse3, sse4.1, sse4.2, popcnt, lzcnt, tsc, tscinvbit, avx, avx2, aes, erms, clmul, bmi1, bmi2, adx, fma, vzeroupper, clflush, clflushopt, hv

Memory: 4k page, system-wide physical 7952M (558M free)
TotalPageFile size 22974M (AvailPageFile size 44M)
current process WorkingSet (physical memory assigned to process): 652M, peak: 658M
current process commit charge ("private bytes"): 690M, peak: 742M

vm_info: Java HotSpot(TM) 64-Bit Server VM (17.0.12+8-LTS-286) for windows-amd64 JRE (17.0.12+8-LTS-286), built on Jun  5 2024 06:46:59 by "mach5one" with MS VC++ 17.6 (VS2022)

END.
